apps/api/src/analytics/media/pinterestAnalytics.ts(4,48): error TS7006: Parameter 'accessToken' implicitly has an 'any' type.
apps/api/src/analytics/media/pinterestAnalytics.ts(4,61): error TS7006: Parameter 'pinId' implicitly has an 'any' type.
apps/api/src/billing/paddleWebhook.ts(5,32): error TS7006: Parameter 'payload' implicitly has an 'any' type.
apps/api/src/billing/paddleWebhook.ts(5,41): error TS7006: Parameter 'signature' implicitly has an 'any' type.
apps/api/src/billing/paddleWebhook.ts(5,52): error TS7006: Parameter 'secret' implicitly has an 'any' type.
apps/api/src/billing/paddleWebhook.ts(25,43): error TS7006: Parameter 'payload' implicitly has an 'any' type.
apps/api/src/billing/paddleWebhook.ts(25,52): error TS7006: Parameter 'signature' implicitly has an 'any' type.
apps/api/src/db.ts(161,44): error TS7006: Parameter 'replicaUrl' implicitly has an 'any' type.
apps/api/src/db.ts(347,20): error TS7006: Parameter 'ms' implicitly has an 'any' type.
apps/api/src/email/renderer/renderEmail.ts(41,41): error TS7006: Parameter 'b' implicitly has an 'any' type.
apps/api/src/jobs/domainExportJob.ts(49,28): error TS7006: Parameter 'tableName' implicitly has an 'any' type.
apps/api/src/jobs/domainExportJob.ts(60,24): error TS7006: Parameter 'value' implicitly has an 'any' type.
apps/api/src/jobs/domainExportJob.ts(67,39): error TS7006: Parameter 'input' implicitly has an 'any' type.
apps/api/src/jobs/domainExportJob.ts(67,46): error TS7006: Parameter 'job' implicitly has an 'any' type.
apps/api/src/jobs/domainExportJob.ts(138,30): error TS7006: Parameter 'domainId' implicitly has an 'any' type.
apps/api/src/jobs/domainExportJob.ts(138,40): error TS7006: Parameter 'dateRange' implicitly has an 'any' type.
apps/api/src/jobs/domainExportJob.ts(181,32): error TS7006: Parameter 'domainId' implicitly has an 'any' type.
apps/api/src/jobs/domainExportJob.ts(181,42): error TS7006: Parameter 'dateRange' implicitly has an 'any' type.
apps/api/src/jobs/domainExportJob.ts(242,31): error TS7006: Parameter 'domainId' implicitly has an 'any' type.
apps/api/src/jobs/domainExportJob.ts(249,29): error TS7006: Parameter 'data' implicitly has an 'any' type.
apps/api/src/jobs/domainExportJob.ts(249,35): error TS7006: Parameter 'format' implicitly has an 'any' type.
apps/api/src/jobs/domainExportJob.ts(271,23): error TS7006: Parameter 'data' implicitly has an 'any' type.
apps/api/src/jobs/domainExportJob.ts(284,33): error TS7006: Parameter 'row' implicitly has an 'any' type.
apps/api/src/jobs/domainExportJob.ts(302,25): error TS7006: Parameter 'val' implicitly has an 'any' type.
apps/api/src/jobs/domainExportJob.ts(319,28): error TS7006: Parameter 'data' implicitly has an 'any' type.
apps/api/src/jobs/domainExportJob.ts(332,39): error TS7006: Parameter 'item' implicitly has an 'any' type.
apps/api/src/jobs/domainExportJob.ts(341,36): error TS7006: Parameter 'item' implicitly has an 'any' type.
apps/api/src/jobs/domainExportJob.ts(351,27): error TS7006: Parameter 'data' implicitly has an 'any' type.
apps/api/src/jobs/domainExportJob.ts(351,33): error TS7006: Parameter 'destination' implicitly has an 'any' type.
apps/api/src/jobs/domainExportJob.ts(351,46): error TS7006: Parameter 'domainId' implicitly has an 'any' type.
apps/api/src/jobs/domainExportJob.ts(351,56): error TS7006: Parameter 'format' implicitly has an 'any' type.
apps/api/src/jobs/domainExportJob.ts(351,64): error TS7006: Parameter 'exportData' implicitly has an 'any' type.
apps/api/src/jobs/domainExportJob.ts(390,29): error TS7006: Parameter 'domainId' implicitly has an 'any' type.
apps/api/src/jobs/domainExportJob.ts(390,39): error TS7006: Parameter 'result' implicitly has an 'any' type.
apps/api/src/jobs/domainExportJob.ts(456,41): error TS7006: Parameter 'scheduler' implicitly has an 'any' type.
apps/api/src/jobs/index.ts(31,40): error TS7006: Parameter 'redisUrl' implicitly has an 'any' type.
apps/api/src/jobs/index.ts(31,50): error TS7006: Parameter 'pool' implicitly has an 'any' type.
apps/api/src/jobs/index.ts(120,34): error TS7006: Parameter 'key' implicitly has an 'any' type.
apps/api/src/jobs/index.ts(128,32): error TS7006: Parameter 'key' implicitly has an 'any' type.
apps/api/src/middleware/abuseGuard.ts(92,15): error TS7006: Parameter 'message' implicitly has an 'any' type.
apps/api/src/middleware/abuseGuard.ts(92,24): error TS7006: Parameter 'code' implicitly has an 'any' type.
apps/api/src/middleware/abuseGuard.ts(92,30): error TS7006: Parameter 'riskScore' implicitly has an 'any' type.
apps/api/src/middleware/abuseGuard.ts(92,41): error TS7006: Parameter 'flags' implicitly has an 'any' type.
apps/api/src/middleware/abuseGuard.ts(101,15): error TS7006: Parameter 'flags' implicitly has an 'any' type.
apps/api/src/middleware/abuseGuard.ts(107,15): error TS7006: Parameter 'flags' implicitly has an 'any' type.
apps/api/src/middleware/abuseGuard.ts(107,22): error TS7006: Parameter 'riskScore' implicitly has an 'any' type.
apps/api/src/middleware/abuseGuard.ts(113,15): error TS7006: Parameter 'reason' implicitly has an 'any' type.
apps/api/src/middleware/abuseGuard.ts(113,23): error TS7006: Parameter 'riskScore' implicitly has an 'any' type.
apps/api/src/middleware/abuseGuard.ts(119,15): error TS7006: Parameter 'message' implicitly has an 'any' type.
apps/api/src/middleware/abuseGuard.ts(159,26): error TS7006: Parameter 'flag' implicitly has an 'any' type.
apps/api/src/middleware/abuseGuard.ts(165,23): error TS7006: Parameter 'flag' implicitly has an 'any' type.
apps/api/src/middleware/abuseGuard.ts(171,25): error TS7006: Parameter 'flag' implicitly has an 'any' type.
apps/api/src/middleware/abuseGuard.ts(177,25): error TS7006: Parameter 'flag' implicitly has an 'any' type.
apps/api/src/middleware/abuseGuard.ts(186,34): error TS7006: Parameter 'content' implicitly has an 'any' type.
apps/api/src/middleware/abuseGuard.ts(223,26): error TS7006: Parameter 'flags' implicitly has an 'any' type.
apps/api/src/middleware/abuseGuard.ts(251,34): error TS7006: Parameter 'req' implicitly has an 'any' type.
apps/api/src/middleware/abuseGuard.ts(251,39): error TS7006: Parameter '_res' implicitly has an 'any' type.
apps/api/src/middleware/abuseGuard.ts(251,45): error TS7006: Parameter 'next' implicitly has an 'any' type.
apps/api/src/middleware/abuseGuard.ts(286,91): error TS7006: Parameter 'e' implicitly has an 'any' type.
apps/api/src/middleware/abuseGuard.ts(301,28): error TS7006: Parameter 'payload' implicitly has an 'any' type.
apps/api/src/middleware/abuseGuard.ts(326,36): error TS7006: Parameter 'payload' implicitly has an 'any' type.
apps/api/src/ops/metrics.ts(45,29): error TS7006: Parameter 'name' implicitly has an 'any' type.
apps/api/src/ops/metrics.ts(60,25): error TS7006: Parameter 'labels' implicitly has an 'any' type.
apps/api/src/ops/metrics.ts(105,28): error TS7006: Parameter 'metric' implicitly has an 'any' type.
apps/api/src/routes/bulkPublishDryRun.ts(19,27): error TS7006: Parameter 'req' implicitly has an 'any' type.
apps/api/src/routes/bulkPublishDryRun.ts(48,32): error TS7006: Parameter 'userId' implicitly has an 'any' type.
apps/api/src/routes/bulkPublishDryRun.ts(48,40): error TS7006: Parameter 'domainId' implicitly has an 'any' type.
apps/api/src/routes/bulkPublishDryRun.ts(48,50): error TS7006: Parameter 'orgId' implicitly has an 'any' type.
apps/api/src/routes/bulkPublishDryRun.ts(65,33): error TS7006: Parameter 'params' implicitly has an 'any' type.
apps/api/src/routes/bulkPublishDryRun.ts(89,47): error TS7006: Parameter 'app' implicitly has an 'any' type.
apps/api/src/routes/bulkPublishDryRun.ts(90,44): error TS7006: Parameter 'req' implicitly has an 'any' type.
apps/api/src/routes/bulkPublishDryRun.ts(90,49): error TS7006: Parameter 'reply' implicitly has an 'any' type.
apps/api/src/routes/bulkPublishDryRun.ts(166,39): error TS7006: Parameter 'drafts' implicitly has an 'any' type.
apps/api/src/routes/bulkPublishDryRun.ts(166,47): error TS7006: Parameter 'targets' implicitly has an 'any' type.
apps/api/src/routes/bulkPublishDryRun.ts(172,59): error TS7006: Parameter 'draftId' implicitly has an 'any' type.
apps/api/src/routes/bulkPublishDryRun.ts(182,28): error TS7006: Parameter 'draftId' implicitly has an 'any' type.
apps/api/src/routes/bulkPublishDryRun.ts(182,37): error TS7006: Parameter 'targets' implicitly has an 'any' type.
apps/api/src/routes/bulkPublishDryRun.ts(201,41): error TS7006: Parameter 'drafts' implicitly has an 'any' type.
apps/api/src/routes/bulkPublishDryRun.ts(201,49): error TS7006: Parameter 'targets' implicitly has an 'any' type.
apps/api/src/routes/bulkPublishDryRun.ts(239,39): error TS7006: Parameter 'drafts' implicitly has an 'any' type.
apps/api/src/routes/bulkPublishDryRun.ts(239,47): error TS7006: Parameter 'targets' implicitly has an 'any' type.
apps/api/src/routes/contentRoi.ts(87,32): error TS7006: Parameter 'userId' implicitly has an 'any' type.
apps/api/src/routes/contentRoi.ts(87,40): error TS7006: Parameter 'domainId' implicitly has an 'any' type.
apps/api/src/routes/contentRoi.ts(87,50): error TS7006: Parameter 'orgId' implicitly has an 'any' type.
apps/api/src/routes/contentRoi.ts(104,33): error TS7006: Parameter 'userId' implicitly has an 'any' type.
apps/api/src/routes/contentRoi.ts(104,41): error TS7006: Parameter 'domainId' implicitly has an 'any' type.
apps/api/src/routes/contentRoi.ts(104,51): error TS7006: Parameter 'orgId' implicitly has an 'any' type.
apps/api/src/routes/contentRoi.ts(121,33): error TS7006: Parameter 'params' implicitly has an 'any' type.
apps/api/src/routes/contentRoi.ts(139,40): error TS7006: Parameter 'app' implicitly has an 'any' type.
apps/api/src/routes/contentRoi.ts(140,35): error TS7006: Parameter 'req' implicitly has an 'any' type.
apps/api/src/routes/contentRoi.ts(140,40): error TS7006: Parameter 'reply' implicitly has an 'any' type.
apps/api/src/routes/domainSaleReadiness.ts(31,22): error TS7006: Parameter 'str' implicitly has an 'any' type.
apps/api/src/routes/domainSaleReadiness.ts(35,27): error TS7006: Parameter 'req' implicitly has an 'any' type.
apps/api/src/routes/domainSaleReadiness.ts(64,32): error TS7006: Parameter 'userId' implicitly has an 'any' type.
apps/api/src/routes/domainSaleReadiness.ts(64,40): error TS7006: Parameter 'domainId' implicitly has an 'any' type.
apps/api/src/routes/domainSaleReadiness.ts(64,50): error TS7006: Parameter 'orgId' implicitly has an 'any' type.
apps/api/src/routes/domainSaleReadiness.ts(80,33): error TS7006: Parameter 'params' implicitly has an 'any' type.
apps/api/src/routes/domainSaleReadiness.ts(98,49): error TS7006: Parameter 'app' implicitly has an 'any' type.
apps/api/src/routes/domainSaleReadiness.ts(99,44): error TS7006: Parameter 'req' implicitly has an 'any' type.
apps/api/src/routes/domainSaleReadiness.ts(99,49): error TS7006: Parameter 'reply' implicitly has an 'any' type.
apps/api/src/routes/experiments.ts(13,27): error TS7006: Parameter 'req' implicitly has an 'any' type.
apps/api/src/routes/experiments.ts(42,32): error TS7006: Parameter 'userId' implicitly has an 'any' type.
apps/api/src/routes/experiments.ts(42,40): error TS7006: Parameter 'domainId' implicitly has an 'any' type.
apps/api/src/routes/experiments.ts(42,50): error TS7006: Parameter 'orgId' implicitly has an 'any' type.
apps/api/src/routes/experiments.ts(58,33): error TS7006: Parameter 'params' implicitly has an 'any' type.
apps/api/src/routes/experiments.ts(76,40): error TS7006: Parameter 'app' implicitly has an 'any' type.
apps/api/src/routes/experiments.ts(77,35): error TS7006: Parameter 'req' implicitly has an 'any' type.
apps/api/src/routes/experiments.ts(77,40): error TS7006: Parameter 'reply' implicitly has an 'any' type.
apps/api/src/routes/feedback.ts(11,27): error TS7006: Parameter 'req' implicitly has an 'any' type.
apps/api/src/routes/feedback.ts(40,32): error TS7006: Parameter 'userId' implicitly has an 'any' type.
apps/api/src/routes/feedback.ts(40,40): error TS7006: Parameter 'domainId' implicitly has an 'any' type.
apps/api/src/routes/feedback.ts(40,50): error TS7006: Parameter 'orgId' implicitly has an 'any' type.
apps/api/src/routes/feedback.ts(56,33): error TS7006: Parameter 'params' implicitly has an 'any' type.
apps/api/src/routes/feedback.ts(74,38): error TS7006: Parameter 'app' implicitly has an 'any' type.
apps/api/src/routes/feedback.ts(75,31): error TS7006: Parameter 'req' implicitly has an 'any' type.
apps/api/src/routes/feedback.ts(75,36): error TS7006: Parameter 'reply' implicitly has an 'any' type.
apps/api/src/routes/publish.ts(21,15): error TS7006: Parameter 'pool' implicitly has an 'any' type.
apps/api/src/routes/publish.ts(24,23): error TS7006: Parameter 'idempotencyKey' implicitly has an 'any' type.
apps/api/src/routes/publish.ts(24,39): error TS7006: Parameter 'operation' implicitly has an 'any' type.
apps/api/src/routes/publish.ts(24,50): error TS7006: Parameter 'payload' implicitly has an 'any' type.
apps/api/src/routes/publish.ts(54,18): error TS7006: Parameter 'idempotencyKey' implicitly has an 'any' type.
apps/api/src/routes/publish.ts(54,34): error TS7006: Parameter 'operation' implicitly has an 'any' type.
apps/api/src/routes/publish.ts(54,45): error TS7006: Parameter 'result' implicitly has an 'any' type.
apps/api/src/routes/publish.ts(59,14): error TS7006: Parameter 'idempotencyKey' implicitly has an 'any' type.
apps/api/src/routes/publish.ts(59,30): error TS7006: Parameter 'operation' implicitly has an 'any' type.
apps/api/src/routes/publish.ts(59,41): error TS7006: Parameter 'error' implicitly has an 'any' type.
apps/api/src/routes/publish.ts(65,37): error TS7006: Parameter 'app' implicitly has an 'any' type.
apps/api/src/routes/publish.ts(65,42): error TS7006: Parameter 'pool' implicitly has an 'any' type.
apps/api/src/routes/publish.ts(68,39): error TS7006: Parameter 'req' implicitly has an 'any' type.
apps/api/src/routes/publish.ts(68,44): error TS7006: Parameter 'res' implicitly has an 'any' type.
apps/api/src/routes/publish.ts(124,42): error TS7006: Parameter 'req' implicitly has an 'any' type.
apps/api/src/routes/publish.ts(124,47): error TS7006: Parameter 'res' implicitly has an 'any' type.
apps/api/src/seo/ahrefsGap.ts(9,32): error TS7006: Parameter 'data' implicitly has an 'any' type.
apps/api/src/seo/ahrefsGap.ts(60,34): error TS7006: Parameter 'cleanup' implicitly has an 'any' type.
apps/api/src/seo/ahrefsGap.ts(99,43): error TS7006: Parameter 'handler' implicitly has an 'any' type.
apps/api/src/seo/ahrefsGap.ts(109,16): error TS7006: Parameter 'ms' implicitly has an 'any' type.
apps/api/src/seo/ahrefsGap.ts(138,33): error TS7006: Parameter 'domain' implicitly has an 'any' type.
apps/api/src/seo/ahrefsGap.ts(138,41): error TS7006: Parameter 'competitors' implicitly has an 'any' type.
apps/api/src/seo/ahrefsGap.ts(138,54): error TS7006: Parameter 'apiKey' implicitly has an 'any' type.
apps/api/src/seo/ahrefsGap.ts(147,31): error TS7006: Parameter 'item' implicitly has an 'any' type.
apps/api/src/seo/ahrefsGap.ts(147,37): error TS7006: Parameter 'index' implicitly has an 'any' type.
apps/api/src/seo/ahrefsGap.ts(163,35): error TS7006: Parameter 'domain' implicitly has an 'any' type.
apps/api/src/seo/ahrefsGap.ts(163,43): error TS7006: Parameter 'competitors' implicitly has an 'any' type.
apps/api/src/seo/ahrefsGap.ts(163,56): error TS7006: Parameter 'apiKey' implicitly has an 'any' type.
apps/api/src/seo/ahrefsGap.ts(245,39): error TS7006: Parameter 'domain_id' implicitly has an 'any' type.
apps/api/src/seo/ahrefsGap.ts(245,50): error TS7006: Parameter 'domain' implicitly has an 'any' type.
apps/api/src/seo/ahrefsGap.ts(245,58): error TS7006: Parameter 'competitors' implicitly has an 'any' type.
apps/api/src/seo/ahrefsGap.ts(245,71): error TS7006: Parameter 'apiKey' implicitly has an 'any' type.
apps/api/src/seo/ahrefsGap.ts(259,35): error TS7006: Parameter 'item' implicitly has an 'any' type.
apps/api/src/seo/ahrefsGap.ts(287,38): error TS7006: Parameter 'domain_id' implicitly has an 'any' type.
apps/api/src/seo/ahrefsGap.ts(287,49): error TS7006: Parameter 'phrases' implicitly has an 'any' type.
apps/api/src/seo/ahrefsGap.ts(287,58): error TS7006: Parameter 'keywordDataMap' implicitly has an 'any' type.
apps/api/src/seo/ahrefsGap.ts(309,37): error TS7006: Parameter 'phrase' implicitly has an 'any' type.
apps/api/src/seo/ahrefsGap.ts(346,47): error TS7006: Parameter 'domain_id' implicitly has an 'any' type.
apps/api/src/seo/ahrefsGap.ts(346,58): error TS7006: Parameter 'domain' implicitly has an 'any' type.
apps/api/src/seo/ahrefsGap.ts(346,66): error TS7006: Parameter 'competitors' implicitly has an 'any' type.
apps/api/src/seo/ahrefsGap.ts(346,79): error TS7006: Parameter 'apiKey' implicitly has an 'any' type.
apps/api/src/seo/ahrefsGap.ts(360,35): error TS7006: Parameter 'item' implicitly has an 'any' type.
apps/api/src/seo/ahrefsGap.ts(388,32): error TS7006: Parameter 'domain_id' implicitly has an 'any' type.
apps/api/src/seo/ahrefsGap.ts(388,43): error TS7006: Parameter 'phrases' implicitly has an 'any' type.
apps/api/src/seo/ahrefsGap.ts(388,52): error TS7006: Parameter 'keywordDataMap' implicitly has an 'any' type.
apps/api/src/seo/ahrefsGap.ts(388,68): error TS7006: Parameter 'chunkSize' implicitly has an 'any' type.
apps/api/src/seo/ahrefsGap.ts(409,63): error TS7006: Parameter 'phrase' implicitly has an 'any' type.
apps/api/src/utils/resilience.ts(19,35): error TS7006: Parameter 'promise' implicitly has an 'any' type.
apps/api/src/utils/resilience.ts(19,44): error TS7006: Parameter 'ms' implicitly has an 'any' type.
apps/api/src/utils/resilience.ts(69,15): error TS7006: Parameter 'fn' implicitly has an 'any' type.
apps/api/src/utils/resilience.ts(69,19): error TS7006: Parameter 'config' implicitly has an 'any' type.
apps/api/src/utils/resilience.ts(155,15): error TS7006: Parameter 'message' implicitly has an 'any' type.
apps/api/src/utils/resilience.ts(170,36): error TS7006: Parameter 'fn' implicitly has an 'any' type.
apps/web/lib/auth.ts(88,24): error TS7006: Parameter 'req' implicitly has an 'any' type.
apps/web/lib/auth.ts(142,32): error TS7006: Parameter 'req' implicitly has an 'any' type.
apps/web/lib/auth.ts(163,30): error TS7006: Parameter 'a' implicitly has an 'any' type.
apps/web/lib/auth.ts(163,33): error TS7006: Parameter 'b' implicitly has an 'any' type.
apps/web/lib/auth.ts(187,41): error TS7006: Parameter 'authHeader' implicitly has an 'any' type.
apps/web/lib/auth.ts(204,35): error TS7006: Parameter 'req' implicitly has an 'any' type.
apps/web/lib/auth.ts(204,40): error TS7006: Parameter 'res' implicitly has an 'any' type.
apps/web/lib/auth.ts(384,36): error TS7006: Parameter 'req' implicitly has an 'any' type.
apps/web/lib/auth.ts(450,39): error TS7006: Parameter 'userId' implicitly has an 'any' type.
apps/web/lib/auth.ts(450,47): error TS7006: Parameter 'domainId' implicitly has an 'any' type.
apps/web/lib/auth.ts(450,57): error TS7006: Parameter 'db' implicitly has an 'any' type.
apps/web/lib/auth.ts(477,39): error TS7006: Parameter 'auth' implicitly has an 'any' type.
apps/web/lib/auth.ts(477,45): error TS7006: Parameter 'res' implicitly has an 'any' type.
apps/web/lib/auth.ts(490,29): error TS7006: Parameter 'auth' implicitly has an 'any' type.
apps/web/lib/auth.ts(490,35): error TS7006: Parameter 'allowedRoles' implicitly has an 'any' type.
apps/web/lib/auth.ts(491,35): error TS7006: Parameter 'role' implicitly has an 'any' type.
apps/web/lib/auth.ts(499,32): error TS7006: Parameter 'req' implicitly has an 'any' type.
apps/web/lib/auth.ts(499,37): error TS7006: Parameter 'res' implicitly has an 'any' type.
apps/web/lib/auth.ts(499,42): error TS7006: Parameter 'allowedMethods' implicitly has an 'any' type.
apps/web/lib/auth.ts(513,27): error TS7006: Parameter 'res' implicitly has an 'any' type.
apps/web/lib/auth.ts(513,32): error TS7006: Parameter 'status' implicitly has an 'any' type.
apps/web/lib/auth.ts(513,40): error TS7006: Parameter 'message' implicitly has an 'any' type.
apps/web/lib/auth.ts(513,49): error TS7006: Parameter 'details' implicitly has an 'any' type.
apps/web/lib/auth.ts(520,15): error TS7006: Parameter 'message' implicitly has an 'any' type.
apps/web/lib/auth.ts(582,32): error TS7006: Parameter 'identifier' implicitly has an 'any' type.
apps/web/lib/auth.ts(620,32): error TS7006: Parameter 'req' implicitly has an 'any' type.
apps/web/lib/auth.ts(620,37): error TS7006: Parameter 'res' implicitly has an 'any' type.
apps/web/lib/auth.ts(620,42): error TS7006: Parameter 'identifier' implicitly has an 'any' type.
apps/web/lib/auth.ts(620,54): error TS7006: Parameter 'config' implicitly has an 'any' type.
apps/web/lib/auth.ts(638,40): error TS7006: Parameter 'req' implicitly has an 'any' type.
apps/web/lib/auth.ts(638,45): error TS7006: Parameter 'userId' implicitly has an 'any' type.
apps/web/lib/auth.ts(666,26): error TS7006: Parameter 'handler' implicitly has an 'any' type.
apps/web/lib/auth.ts(666,35): error TS7006: Parameter 'options' implicitly has an 'any' type.
apps/web/lib/auth.ts(667,17): error TS7006: Parameter 'req' implicitly has an 'any' type.
apps/web/lib/auth.ts(667,22): error TS7006: Parameter 'res' implicitly has an 'any' type.
apps/web/pages/api/stripe/create-checkout-session.ts(9,39): error TS7006: Parameter 'req' implicitly has an 'any' type.
apps/web/pages/api/stripe/create-checkout-session.ts(9,44): error TS7006: Parameter 'res' implicitly has an 'any' type.
control-plane/api/access-log.ts(3,31): error TS7006: Parameter 'req' implicitly has an 'any' type.
control-plane/api/access-log.ts(3,36): error TS7006: Parameter 'context' implicitly has an 'any' type.
domains/search/infra/persistence/PostgresSearchDocumentRepository.ts(33,15): error TS7006: Parameter 'pool' implicitly has an 'any' type.
domains/search/infra/persistence/PostgresSearchDocumentRepository.ts(37,16): error TS7006: Parameter 'doc' implicitly has an 'any' type.
domains/search/infra/persistence/PostgresSearchDocumentRepository.ts(65,21): error TS7006: Parameter 'id' implicitly has an 'any' type.
domains/search/infra/persistence/PostgresSearchDocumentRepository.ts(77,16): error TS7006: Parameter 'query' implicitly has an 'any' type.
domains/search/infra/persistence/PostgresSearchDocumentRepository.ts(99,21): error TS7006: Parameter 'docs' implicitly has an 'any' type.
domains/search/infra/persistence/PostgresSearchDocumentRepository.ts(114,38): error TS7006: Parameter 'd' implicitly has an 'any' type.
domains/search/infra/persistence/PostgresSearchDocumentRepository.ts(137,18): error TS7006: Parameter 'd' implicitly has an 'any' type.
domains/search/infra/persistence/PostgresSearchDocumentRepository.ts(138,18): error TS7006: Parameter 'd' implicitly has an 'any' type.
domains/search/infra/persistence/PostgresSearchDocumentRepository.ts(139,18): error TS7006: Parameter 'd' implicitly has an 'any' type.
domains/search/infra/persistence/PostgresSearchDocumentRepository.ts(140,18): error TS7006: Parameter 'd' implicitly has an 'any' type.
domains/search/infra/persistence/PostgresSearchDocumentRepository.ts(141,21): error TS7006: Parameter 't' implicitly has an 'any' type.
domains/search/infra/persistence/PostgresSearchDocumentRepository.ts(142,21): error TS7006: Parameter 't' implicitly has an 'any' type.
packages/security/keyRotation.ts(19,25): error TS7006: Parameter 'secret' implicitly has an 'any' type.
packages/security/keyRotation.ts(66,15): error TS7006: Parameter 'db' implicitly has an 'any' type.
packages/security/keyRotation.ts(111,21): error TS7006: Parameter 'provider' implicitly has an 'any' type.
packages/security/keyRotation.ts(111,31): error TS7006: Parameter 'key' implicitly has an 'any' type.
packages/security/keyRotation.ts(128,18): error TS7006: Parameter 'provider' implicitly has an 'any' type.
packages/security/keyRotation.ts(128,28): error TS7006: Parameter 'key' implicitly has an 'any' type.
packages/security/keyRotation.ts(128,33): error TS7006: Parameter 'rotationIntervalDays' implicitly has an 'any' type.
packages/security/keyRotation.ts(128,55): error TS7006: Parameter 'gracePeriodDays' implicitly has an 'any' type.
packages/security/keyRotation.ts(156,19): error TS7006: Parameter 'provider' implicitly has an 'any' type.
packages/security/keyRotation.ts(209,30): error TS7006: Parameter 'provider' implicitly has an 'any' type.
packages/security/keyRotation.ts(209,40): error TS7006: Parameter 'gracePeriodDays' implicitly has an 'any' type.
packages/security/keyRotation.ts(251,36): error TS7006: Parameter 'provider' implicitly has an 'any' type.
packages/security/keyRotation.ts(251,46): error TS7006: Parameter 'error' implicitly has an 'any' type.
packages/security/keyRotation.ts(284,29): error TS7006: Parameter 'provider' implicitly has an 'any' type.
packages/security/keyRotation.ts(284,39): error TS7006: Parameter 'newKey' implicitly has an 'any' type.
packages/security/keyRotation.ts(284,47): error TS7006: Parameter 'previousKey' implicitly has an 'any' type.
packages/security/keyRotation.ts(301,26): error TS7006: Parameter 'provider' implicitly has an 'any' type.
packages/security/keyRotation.ts(316,16): error TS7006: Parameter 'provider' implicitly has an 'any' type.
packages/security/keyRotation.ts(323,28): error TS7006: Parameter 'provider' implicitly has an 'any' type.
packages/security/keyRotation.ts(336,13): error TS7006: Parameter 'provider' implicitly has an 'any' type.
packages/security/keyRotation.ts(344,14): error TS7006: Parameter 'key' implicitly has an 'any' type.
packages/security/keyRotation.ts(344,19): error TS7006: Parameter 'provider' implicitly has an 'any' type.
packages/security/keyRotation.ts(356,20): error TS7006: Parameter 'encryptedData' implicitly has an 'any' type.
packages/security/keyRotation.ts(356,35): error TS7006: Parameter 'provider' implicitly has an 'any' type.
packages/security/keyRotation.ts(371,11): error TS7006: Parameter 'key' implicitly has an 'any' type.
packages/security/keyRotation.ts(387,22): error TS7006: Parameter 'r' implicitly has an 'any' type.
packages/security/keyRotation.ts(398,23): error TS7006: Parameter 'provider' implicitly has an 'any' type.
packages/security/keyRotation.ts(405,19): error TS7006: Parameter 'provider' implicitly has an 'any' type.
plugins/notification-adapters/webhook-adapter.ts(50,44): error TS7006: Parameter 'url' implicitly has an 'any' type.
