apps/api/src/adapters/AdapterFactory.ts(69,5): error TS2322: Type '(...args: unknown[]) => Promise<unknown>' is not assignable to type '(propertyId: string, request: GARequest) => Promise<GAResponse>'.
  Type 'Promise<unknown>' is not assignable to type 'Promise<GAResponse>'.
    Type 'unknown' is not assignable to type 'GAResponse'.
apps/api/src/adapters/AdapterFactory.ts(85,5): error TS2322: Type '(...args: unknown[]) => Promise<unknown>' is not assignable to type '(siteUrl: string, body: SearchAnalyticsRequest) => Promise<SearchAnalyticsResponse>'.
  Type 'Promise<unknown>' is not assignable to type 'Promise<SearchAnalyticsResponse>'.
    Type 'unknown' is not assignable to type 'SearchAnalyticsResponse'.
apps/api/src/adapters/AdapterFactory.ts(99,5): error TS2322: Type '(...args: unknown[]) => Promise<unknown>' is not assignable to type '(pageId: string, message: string) => Promise<FacebookPostResponse>'.
  Type 'Promise<unknown>' is not assignable to type 'Promise<FacebookPostResponse>'.
    Type 'unknown' is not assignable to type 'FacebookPostResponse'.
apps/api/src/adapters/AdapterFactory.ts(113,5): error TS2322: Type '(...args: unknown[]) => Promise<unknown>' is not assignable to type '(projectId: string, payload: VercelDeployPayload) => Promise<VercelDeployResponse>'.
  Type 'Promise<unknown>' is not assignable to type 'Promise<VercelDeployResponse>'.
    Type 'unknown' is not assignable to type 'VercelDeployResponse'.
apps/api/src/adapters/gbp/GbpAdapter.ts(489,23): error TS2532: Object is possibly 'undefined'.
apps/api/src/adapters/gbp/GbpAdapter.ts(626,38): error TS2379: Argument of type '{ languageCode: string; summary: string; offer: { couponCode: string | undefined; termsConditions: string | undefined; redeemOnlineUrl: string | undefined; }; media: { mediaFormat: "PHOTO"; sourceUrl: string; }[] | undefined; }' is not assignable to parameter of type 'GBPPost' with 'exactOptionalPropertyTypes: true'. Consider adding 'undefined' to the types of the target's properties.
  Types of property 'media' are incompatible.
    Type '{ mediaFormat: "PHOTO"; sourceUrl: string; }[] | undefined' is not assignable to type 'GBPpostMedia[]'.
      Type 'undefined' is not assignable to type 'GBPpostMedia[]'.
apps/api/src/adapters/gbp/GbpAdapter.ts(674,5): error TS2741: Property 'title' is missing in type '{ schedule: { startDate: DateComponents; startTime: TimeComponents; endDate: DateComponents | undefined; endTime: TimeComponents | undefined; }; }' but required in type 'GBPPostEvent'.
apps/api/src/adapters/gbp/GbpAdapter.ts(837,5): error TS2322: Type 'string | undefined' is not assignable to type 'string'.
  Type 'undefined' is not assignable to type 'string'.
apps/api/src/adapters/gsc/GscAdapter.ts(237,5): error TS2322: Type 'Schema$SearchAnalyticsQueryResponse' is not assignable to type 'SearchAnalyticsResponse'.
  Types of property 'responseAggregationType' are incompatible.
    Type 'string | null' is not assignable to type 'string | undefined'.
      Type 'null' is not assignable to type 'string | undefined'.
apps/api/src/adapters/wordpress/WordPressAdapter.ts(222,3): error TS2739: Type '{ error: string | undefined; }' is missing the following properties from type '{ healthy: boolean; latency: number; error?: string; }': healthy, latency
apps/api/src/adapters/wordpress/WordPressAdapter.ts(257,15): error TS2345: Argument of type 'string | undefined' is not assignable to parameter of type 'string'.
  Type 'undefined' is not assignable to type 'string'.
apps/api/src/adapters/wordpress/WordPressAdapter.ts(261,119): error TS2353: Object literal may only specify known properties, and 'iterations' does not exist in type 'Error'.
apps/api/src/advisor/nextActions.ts(20,3): error TS2322: Type '{ content_id: string; priority_score: number; }[]' is not assignable to type 'AdvisorRecommendation[]'.
  Type '{ content_id: string; priority_score: number; }' is missing the following properties from type 'AdvisorRecommendation': action, explanation
apps/api/src/analytics/media/attribution.ts(34,3): error TS2322: Type 'unknown' is not assignable to type '{ impressions: number; clicks: number; views: number; }'.
apps/api/src/analytics/media/attribution.ts(50,5): error TS18046: 'acc' is of type 'unknown'.
apps/api/src/analytics/media/attribution.ts(51,5): error TS18046: 'acc' is of type 'unknown'.
apps/api/src/analytics/media/attribution.ts(52,5): error TS18046: 'acc' is of type 'unknown'.
apps/api/src/analytics/media/pinterestAnalytics.ts(18,18): error TS18046: 'data' is of type 'unknown'.
apps/api/src/analytics/media/pinterestAnalytics.ts(19,12): error TS18046: 'data' is of type 'unknown'.
apps/api/src/analytics/media/pinterestAnalytics.ts(20,13): error TS18046: 'data' is of type 'unknown'.
apps/api/src/billing/paddle.ts(87,5): error TS2322: Type 'PaddleSubscription' is not assignable to type 'Record<string, unknown>'.
  Index signature for type 'string' is missing in type 'PaddleSubscription'.
apps/api/src/billing/paddle.ts(94,5): error TS2322: Type 'PaddleSubscription' is not assignable to type 'Record<string, unknown>'.
  Index signature for type 'string' is missing in type 'PaddleSubscription'.
apps/api/src/billing/paddle.ts(101,5): error TS2322: Type 'PaddleSubscription' is not assignable to type 'Record<string, unknown>'.
  Index signature for type 'string' is missing in type 'PaddleSubscription'.
apps/api/src/db/readOnly.ts(13,3): error TS2740: Type 'QueryBuilder<any, any[]>' is missing the following properties from type 'Knex<any, any[]>': VERSION, __knex__, raw, transactionProvider, and 26 more.
apps/api/src/db/readOnly.ts(21,62): error TS2344: Type 'T' does not satisfy the constraint '{}'.
apps/api/src/db/readOnly.ts(22,3): error TS2344: Type '"raw" | "join" | "count" | "from" | "select" | "where" | "having" | "limit" | "offset" | "whereIn" | "whereNot" | "whereNull" | "whereNotNull" | "whereBetween" | "whereExists" | ... 14 more ... | "transaction"' does not satisfy the constraint 'keyof Knex<T, any[]>'.
  Type '"andOn"' is not assignable to type 'keyof Knex<T, any[]>'.
apps/api/src/db/readOnly.ts(61,10): error TS2352: Conversion of type 'Knex<any, any[]>' to type 'ReadOnlyKnex<T>' may be a mistake because neither type sufficiently overlaps with the other. If this was intentional, convert the expression to 'unknown' first.
  Type 'Knex<any, any[]>' is missing the following properties from type 'ReadOnlyKnex<T>': andOn, orOn
apps/api/src/domain/audit/bulkAudit.ts(22,45): error TS18004: No value exists in scope for the shorthand property 'orgId'. Either declare one or provide an initializer.
apps/api/src/domain/audit/bulkAudit.ts(22,52): error TS18004: No value exists in scope for the shorthand property 'userId'. Either declare one or provide an initializer.
apps/api/src/domain/audit/bulkAudit.ts(22,60): error TS18004: No value exists in scope for the shorthand property 'drafts'. Either declare one or provide an initializer.
apps/api/src/domain/audit/bulkAudit.ts(22,68): error TS18004: No value exists in scope for the shorthand property 'targets'. Either declare one or provide an initializer.
apps/api/src/domain/publishing/WebPublishingAdapter.ts(159,20): error TS2352: Conversion of type 'Record<string, unknown>' to type 'WebhookConfig' may be a mistake because neither type sufficiently overlaps with the other. If this was intentional, convert the expression to 'unknown' first.
  Property 'url' is missing in type 'Record<string, unknown>' but required in type 'WebhookConfig'.
apps/api/src/domain/publishing/WebPublishingAdapter.ts(234,9): error TS2375: Type '{ success: true; publishedId: string | undefined; publishedUrl: any; timestamp: Date; requestId: string; }' is not assignable to type 'PublishResult' with 'exactOptionalPropertyTypes: true'. Consider adding 'undefined' to the types of the target's properties.
  Types of property 'publishedId' are incompatible.
    Type 'string | undefined' is not assignable to type 'string'.
      Type 'undefined' is not assignable to type 'string'.
apps/api/src/domain/publishing/WebPublishingAdapter.ts(237,25): error TS2552: Cannot find name 'responsedata'. Did you mean 'responseData'?
apps/api/src/domain/saleReadiness.ts(162,3): error TS2739: Type '{ breakdown: { seo: number; content: number; audience: number; revenue: number; risk: number; }; valid: true; }' is missing the following properties from type 'SaleReadinessOutput': score, rationale
apps/api/src/jobs/contentIdeaGenerationJob.ts(91,43): error TS2345: Argument of type 'unknown' is not assignable to parameter of type '{ domainId: string; keywords: string[]; contentType: "email" | "article" | "video" | "social"; targetAudience?: string | undefined; tone?: "professional" | "casual" | "educational" | "entertaining" | undefined; maxIdeas?: number | undefined; idempotencyKey?: string | undefined; }'.
apps/api/src/jobs/contentIdeaGenerationJob.ts(246,50): error TS2345: Argument of type 'string | undefined' is not assignable to parameter of type 'string'.
  Type 'undefined' is not assignable to type 'string'.
apps/api/src/jobs/contentIdeaGenerationJob.ts(247,38): error TS2345: Argument of type 'string | undefined' is not assignable to parameter of type 'string'.
  Type 'undefined' is not assignable to type 'string'.
apps/api/src/jobs/contentIdeaGenerationJob.ts(251,22): error TS2322: Type 'string | undefined' is not assignable to type 'string'.
  Type 'undefined' is not assignable to type 'string'.
apps/api/src/jobs/contentIdeaGenerationJob.ts(294,26): error TS2345: Argument of type 'ContentIdea[] | undefined' is not assignable to parameter of type 'ContentIdea[]'.
  Type 'undefined' is not assignable to type 'ContentIdea[]'.
apps/api/src/jobs/contentIdeaGenerationJob.ts(298,16): error TS18048: 'batch' is possibly 'undefined'.
apps/api/src/jobs/contentIdeaGenerationJob.ts(384,33): error TS18048: 'typeTemplates' is possibly 'undefined'.
apps/api/src/jobs/contentIdeaGenerationJob.ts(385,3): error TS2322: Type 'string | undefined' is not assignable to type 'string'.
  Type 'undefined' is not assignable to type 'string'.
apps/api/src/jobs/contentIdeaGenerationJob.ts(385,10): error TS18048: 'typeTemplates' is possibly 'undefined'.
apps/api/src/jobs/contentIdeaGenerationJob.ts(431,3): error TS2322: Type 'string[] | undefined' is not assignable to type 'string[]'.
  Type 'undefined' is not assignable to type 'string[]'.
apps/api/src/jobs/domainExportJob.ts(76,9): error TS2339: Property 'on' does not exist on type 'Job<any, any, string>'.
apps/api/src/jobs/domainExportJob.ts(96,16): error TS2339: Property 'content' does not exist on type '{ domainId: string; exportedAt: string; version: string; }'.
apps/api/src/jobs/domainExportJob.ts(100,16): error TS2339: Property 'analytics' does not exist on type '{ domainId: string; exportedAt: string; version: string; }'.
apps/api/src/jobs/domainExportJob.ts(104,16): error TS2339: Property 'settings' does not exist on type '{ domainId: string; exportedAt: string; version: string; }'.
apps/api/src/jobs/domainExportJob.ts(133,11): error TS2339: Property 'off' does not exist on type 'Job<any, any, string>'.
apps/api/src/jobs/domainExportJob.ts(165,15): error TS2345: Argument of type 'number' is not assignable to parameter of type 'string'.
apps/api/src/jobs/domainExportJob.ts(276,31): error TS2769: No overload matches this call.
  Overload 1 of 2, '(o: {}): string[]', gave the following error.
    Argument of type 'ContentItem | undefined' is not assignable to parameter of type '{}'.
      Type 'undefined' is not assignable to type '{}'.
  Overload 2 of 2, '(o: object): string[]', gave the following error.
    Argument of type 'ContentItem | undefined' is not assignable to parameter of type 'object'.
      Type 'undefined' is not assignable to type 'object'.
apps/api/src/jobs/domainExportJob.ts(286,21): error TS7053: Element implicitly has an 'any' type because expression of type 'string' can't be used to index type 'ContentItem'.
  No index signature with a parameter of type 'string' was found on type 'ContentItem'.
apps/api/src/jobs/domainTransferJob.ts(49,15): error TS2554: Expected 2-3 arguments, but got 1.
apps/api/src/jobs/domainTransferJob.ts(115,5): error TS2353: Object literal may only specify known properties, and 'transferId' does not exist in type 'Error'.
apps/api/src/jobs/experimentStartJob.ts(32,15): error TS2554: Expected 2-3 arguments, but got 1.
apps/api/src/jobs/feedbackIngestJob.ts(27,11): error TS2554: Expected 2-3 arguments, but got 1.
apps/api/src/jobs/feedbackIngestJob.ts(126,30): error TS2488: Type 'FeedbackWindow[] | undefined' must have a '[Symbol.iterator]()' method that returns an iterator.
apps/api/src/jobs/feedbackIngestJob.ts(129,26): error TS2345: Argument of type 'string | undefined' is not assignable to parameter of type 'string'.
  Type 'undefined' is not assignable to type 'string'.
apps/api/src/jobs/index.ts(121,10): error TS7053: Element implicitly has an 'any' type because expression of type 'string' can't be used to index type '{ 'content-idea-generation': { queue: string; priority: string; maxRetries: number; timeout: number; }; 'domain-export': { queue: string; priority: string; maxRetries: number; timeout: number; }; 'publish-execution': { ...; }; ... 4 more ...; 'image-generation': { ...; }; }'.
  No index signature with a parameter of type 'string' was found on type '{ 'content-idea-generation': { queue: string; priority: string; maxRetries: number; timeout: number; }; 'domain-export': { queue: string; priority: string; maxRetries: number; timeout: number; }; 'publish-execution': { ...; }; ... 4 more ...; 'image-generation': { ...; }; }'.
apps/api/src/jobs/JobScheduler.ts(173,40): error TS2345: Argument of type '(err: Error) => void' is not assignable to parameter of type '(...args: unknown[]) => void'.
  Types of parameters 'err' and 'args' are incompatible.
    Type 'unknown' is not assignable to type 'Error'.
apps/api/src/jobs/JobScheduler.ts(280,5): error TS2345: Argument of type '(job: Job) => Promise<unknown>' is not assignable to parameter of type 'string'.
apps/api/src/jobs/JobScheduler.ts(347,31): error TS2554: Expected 5 arguments, but got 4.
apps/api/src/jobs/JobScheduler.ts(526,5): error TS2322: Type '"fixed" | "exponential" | undefined' is not assignable to type '"fixed" | "exponential" | (string & {})'.
  Type 'undefined' is not assignable to type '"fixed" | "exponential" | (string & {})'.
apps/api/src/jobs/JobScheduler.ts(551,15): error TS2353: Object literal may only specify known properties, and 'cron' does not exist in type 'RepeatOptions'.
apps/api/src/jobs/JobScheduler.ts(605,12): error TS2322: Type 'number | undefined' is not assignable to type 'number'.
  Type 'undefined' is not assignable to type 'number'.
apps/api/src/jobs/JobScheduler.ts(605,21): error TS2322: Type 'number | undefined' is not assignable to type 'number'.
  Type 'undefined' is not assignable to type 'number'.
apps/api/src/jobs/JobScheduler.ts(605,29): error TS2322: Type 'number | undefined' is not assignable to type 'number'.
  Type 'undefined' is not assignable to type 'number'.
apps/api/src/jobs/JobScheduler.ts(605,40): error TS2322: Type 'number | undefined' is not assignable to type 'number'.
  Type 'undefined' is not assignable to type 'number'.
apps/api/src/jobs/JobScheduler.ts(605,48): error TS2322: Type 'number | undefined' is not assignable to type 'number'.
  Type 'undefined' is not assignable to type 'number'.
apps/api/src/jobs/publishExecutionJob.ts(15,25): error TS2339: Property 'returns' does not exist on type 'ZodFunction<$ZodFunctionArgs, $ZodFunctionOut>'.
apps/api/src/jobs/publishExecutionJob.ts(18,15): error TS2554: Expected 2-3 arguments, but got 1.
apps/api/src/jobs/publishExecutionJob.ts(110,12): error TS2339: Property 'count' does not exist on type 'Dict<string | number> | undefined'.
apps/api/src/jobs/worker.ts(3,29): error TS7016: Could not find a declaration file for module '../../../web/lib/env'. 'E:/SmartBeak/apps/web/lib/env.js' implicitly has an 'any' type.
apps/api/src/jobs/worker.ts(27,42): error TS2345: Argument of type 'undefined' is not assignable to parameter of type 'string'.
apps/api/src/middleware/abuseGuard.ts(25,7): error TS7053: Element implicitly has an 'any' type because expression of type '"ip"' can't be used to index type 'ZodString'.
  Property 'ip' does not exist on type 'ZodString'.
apps/api/src/middleware/abuseGuard.ts(166,34): error TS2322: Type 'number | undefined' is not assignable to type 'number'.
  Type 'undefined' is not assignable to type 'number'.
apps/api/src/middleware/abuseGuard.ts(216,3): error TS2375: Type '{ allowed: boolean; reason: string | undefined; riskScore: number; flags: string[] | undefined; }' is not assignable to type '{ allowed: boolean; riskScore: number; reason?: string; flags?: string[]; }' with 'exactOptionalPropertyTypes: true'. Consider adding 'undefined' to the types of the target's properties.
  Types of property 'reason' are incompatible.
    Type 'string | undefined' is not assignable to type 'string'.
      Type 'undefined' is not assignable to type 'string'.
apps/api/src/middleware/abuseGuard.ts(286,79): error TS2339: Property 'errors' does not exist on type 'ZodError<unknown>'.
apps/api/src/middleware/abuseGuard.ts(286,91): error TS7006: Parameter 'e' implicitly has an 'any' type.
apps/api/src/middleware/rateLimiter.ts(221,7): error TS2322: Type 'unknown' is not assignable to type 'string'.
apps/api/src/middleware/rateLimiter.ts(222,7): error TS2322: Type 'string | undefined' is not assignable to type 'string'.
  Type 'undefined' is not assignable to type 'string'.
apps/api/src/middleware/rateLimiter.ts(247,9): error TS2412: Type 'undefined' is not assignable to type 'string' with 'exactOptionalPropertyTypes: true'. Consider adding 'undefined' to the type of the target.
apps/api/src/middleware/rateLimiter.ts(359,7): error TS2375: Type '{ allowed: false; remainingTokens: number; resetTime: Date; retryAfter: number; botDetection: BotDetectionResult | undefined; }' is not assignable to type 'RateLimitStatus' with 'exactOptionalPropertyTypes: true'. Consider adding 'undefined' to the types of the target's properties.
  Types of property 'botDetection' are incompatible.
    Type 'BotDetectionResult | undefined' is not assignable to type 'BotDetectionResult'.
      Type 'undefined' is not assignable to type 'BotDetectionResult'.
apps/api/src/middleware/rateLimiter.ts(385,5): error TS2375: Type '{ allowed: boolean; remainingTokens: number; resetTime: Date; botDetection: BotDetectionResult | undefined; }' is not assignable to type 'RateLimitStatus' with 'exactOptionalPropertyTypes: true'. Consider adding 'undefined' to the types of the target's properties.
  Types of property 'botDetection' are incompatible.
    Type 'BotDetectionResult | undefined' is not assignable to type 'BotDetectionResult'.
      Type 'undefined' is not assignable to type 'BotDetectionResult'.
apps/api/src/middleware/rateLimiter.ts(668,21): error TS1205: Re-exporting a type when 'isolatedModules' is enabled requires using 'export type'.
apps/api/src/middleware/rateLimiter.ts(668,21): error TS2484: Export declaration conflicts with exported declaration of 'BotDetectionResult'.
apps/api/src/middleware/rateLimiter.ts(694,37): error TS2345: Argument of type '{ tokensPerInterval: number; intervalSeconds: number; burstSize: number; }' is not assignable to parameter of type 'string'.
apps/api/src/middleware/rateLimiter.ts(701,35): error TS2339: Property 'acquireToken' does not exist on type 'RateLimiter'.
apps/api/src/middleware/rateLimiter.ts(723,37): error TS2345: Argument of type '{ tokensPerInterval: number; intervalSeconds: number; burstSize: number; }' is not assignable to parameter of type 'string'.
apps/api/src/middleware/rateLimiter.ts(730,35): error TS2339: Property 'acquireToken' does not exist on type 'RateLimiter'.
apps/api/src/middleware/rateLimiter.ts(759,35): error TS2345: Argument of type 'IncomingHttpHeaders' is not assignable to parameter of type 'Record<string, string | string[]>'.
  'string' index signatures are incompatible.
    Type 'string | string[] | undefined' is not assignable to type 'string | string[]'.
      Type 'undefined' is not assignable to type 'string | string[]'.
apps/api/src/middleware/rateLimiter.ts(774,37): error TS2345: Argument of type '{ tokensPerInterval?: number; intervalSeconds?: number; burstSize?: number; maxRetries?: number; retryDelayMs?: number; failureThreshold?: number; cooldownSeconds?: number; }' is not assignable to parameter of type 'string'.
apps/api/src/middleware/rateLimiter.ts(777,35): error TS2339: Property 'acquireToken' does not exist on type 'RateLimiter'.
apps/api/src/ops/metrics.ts(117,35): error TS2345: Argument of type '{ timestamp: number; name: string; value?: number; labels?: Record<string, string>; }' is not assignable to parameter of type 'never'.
apps/api/src/roi/buyerRoiSummary.ts(3,10): error TS2305: Module '"../keywords/keywords"' has no exported member 'keywordCoverageForDomain'.
apps/api/src/roi/buyerRoiSummary.ts(56,41): error TS2345: Argument of type 'RoiRow[]' is not assignable to parameter of type 'PortfolioRow[]'.
  Type 'RoiRow' is not assignable to type 'PortfolioRow'.
    Property 'production_cost_usd' is optional in type 'RoiRow' but required in type 'PortfolioRow'.
apps/api/src/routes/adminAudit.ts(170,15): error TS2349: This expression is not callable.
  Type 'Promise<Knex<any, any[]>>' has no call signatures.
apps/api/src/routes/adminAuditExport.ts(67,28): error TS2769: No overload matches this call.
  The last overload gave the following error.
    Argument of type '(request: FastifyRequest, reply: FastifyReply, done: HookHandlerDoneFunction) => Promise<void>' is not assignable to parameter of type 'onRequestAsyncHookHandler<RawServerDefault, IncomingMessage, ServerResponse<IncomingMessage>, RouteGenericInterface, unknown, FastifySchema, FastifyTypeProviderDefault, FastifyBaseLogger>'.
      Target signature provides too few arguments. Expected 3 or more, but got 2.
apps/api/src/routes/adminAuditExport.ts(133,5): error TS1184: Modifiers cannot appear here.
apps/api/src/routes/adminBilling.ts(112,28): error TS2769: No overload matches this call.
  The last overload gave the following error.
    Argument of type '(request: FastifyRequest, reply: FastifyReply, done: HookHandlerDoneFunction) => Promise<void>' is not assignable to parameter of type 'onRequestAsyncHookHandler<RawServerDefault, IncomingMessage, ServerResponse<IncomingMessage>, RouteGenericInterface, unknown, FastifySchema, FastifyTypeProviderDefault, FastifyBaseLogger>'.
      Target signature provides too few arguments. Expected 3 or more, but got 2.
apps/api/src/routes/billingInvoiceExport.ts(42,18): error TS2430: Interface 'AuthenticatedRequest' incorrectly extends interface 'FastifyRequest<RouteGenericInterface, RawServerDefault, IncomingMessage, FastifySchema, FastifyTypeProviderDefault, unknown, FastifyBaseLogger, ResolveFastifyRequestType<...>>'.
  Types of property 'user' are incompatible.
    Type '{ stripeCustomerId?: string; }' is missing the following properties from type '{ id: string; orgId: string; }': id, orgId
apps/api/src/routes/billingInvoiceExport.ts(72,28): error TS2769: No overload matches this call.
  The last overload gave the following error.
    Argument of type '(request: FastifyRequest, reply: FastifyReply, done: HookHandlerDoneFunction) => Promise<void>' is not assignable to parameter of type 'onRequestAsyncHookHandler<RawServerDefault, IncomingMessage, ServerResponse<IncomingMessage>, RouteGenericInterface, unknown, FastifySchema, FastifyTypeProviderDefault, FastifyBaseLogger>'.
      Target signature provides too few arguments. Expected 3 or more, but got 2.
apps/api/src/routes/billingInvoiceExport.ts(74,28): error TS2769: No overload matches this call.
  The last overload gave the following error.
    Argument of type '(req: AuthenticatedRequest, reply: FastifyReply) => Promise<undefined>' is not assignable to parameter of type 'onRequestAsyncHookHandler<RawServerDefault, IncomingMessage, ServerResponse<IncomingMessage>, RouteGenericInterface, unknown, FastifySchema, FastifyTypeProviderDefault, FastifyBaseLogger>'.
      Types of parameters 'req' and 'request' are incompatible.
        Type 'FastifyRequest<RouteGenericInterface, RawServerDefault, IncomingMessage, FastifySchema, FastifyTypeProviderDefault, unknown, FastifyBaseLogger, ResolveFastifyRequestType<...>>' is not assignable to type 'AuthenticatedRequest' with 'exactOptionalPropertyTypes: true'. Consider adding 'undefined' to the types of the target's properties.
          Types of property 'user' are incompatible.
            Type '{ id: string; orgId: string; }' has no properties in common with type '{ stripeCustomerId?: string; }'.
apps/api/src/routes/billingInvoiceExport.ts(75,36): error TS2379: Argument of type 'AuthenticatedRequest' is not assignable to parameter of type 'FastifyRequest<RouteGenericInterface, RawServerDefault, IncomingMessage, FastifySchema, FastifyTypeProviderDefault, unknown, FastifyBaseLogger, ResolveFastifyRequestType<...>>' with 'exactOptionalPropertyTypes: true'. Consider adding 'undefined' to the types of the target's properties.
  Types of property 'user' are incompatible.
    Type '{ stripeCustomerId?: string; }' is missing the following properties from type '{ id: string; orgId: string; }': id, orgId
apps/api/src/routes/billingInvoiceExport.ts(96,34): error TS2769: No overload matches this call.
  Overload 1 of 3, '(path: string, handler: RouteHandlerMethod<RawServerDefault, IncomingMessage, ServerResponse<IncomingMessage>, { Querystring: { ...; }; Reply: string | ErrorResponse; }, unknown, FastifySchema, FastifyTypeProviderDefault, FastifyBaseLogger>): FastifyInstance<...>', gave the following error.
    Argument of type '(req: AuthenticatedRequest, reply: FastifyReply) => Promise<void>' is not assignable to parameter of type 'RouteHandlerMethod<RawServerDefault, IncomingMessage, ServerResponse<IncomingMessage>, { Querystring: { format: "csv" | "pdf"; }; Reply: string | ErrorResponse; }, unknown, FastifySchema, FastifyTypeProviderDefault, FastifyBaseLogger>'.
      Types of parameters 'req' and 'request' are incompatible.
        Type 'FastifyRequest<{ Querystring: { format: "csv" | "pdf"; }; Reply: string | ErrorResponse; }, RawServerDefault, IncomingMessage, FastifySchema, FastifyTypeProviderDefault, unknown, FastifyBaseLogger, ResolveFastifyRequestType<...>>' is not assignable to type 'AuthenticatedRequest' with 'exactOptionalPropertyTypes: true'. Consider adding 'undefined' to the types of the target's properties.
          Types of property 'user' are incompatible.
            Type '{ id: string; orgId: string; }' has no properties in common with type '{ stripeCustomerId?: string; }'.
  Overload 2 of 3, '(path: string, opts: RouteShorthandOptionsWithHandler<RawServerDefault, IncomingMessage, ServerResponse<IncomingMessage>, { Querystring: { ...; }; Reply: string | ErrorResponse; }, unknown, FastifySchema, FastifyTypeProviderDefault, FastifyBaseLogger>): FastifyInstance<...>', gave the following error.
    Argument of type '(req: AuthenticatedRequest, reply: FastifyReply) => Promise<void>' is not assignable to parameter of type 'RouteShorthandOptionsWithHandler<RawServerDefault, IncomingMessage, ServerResponse<IncomingMessage>, { Querystring: { format: "csv" | "pdf"; }; Reply: string | ErrorResponse; }, unknown, FastifySchema, FastifyTypeProviderDefault, FastifyBaseLogger>'.
apps/api/src/routes/billingInvoices.ts(5,10): error TS2459: Module '"@security/auth"' declares 'verifyToken' locally, but it is not exported.
apps/api/src/routes/billingInvoices.ts(5,23): error TS2305: Module '"@security/auth"' has no exported member 'extractBearerToken'.
apps/api/src/routes/billingInvoices.ts(5,69): error TS2459: Module '"@security/auth"' declares 'TokenExpiredError' locally, but it is not exported.
apps/api/src/routes/billingInvoices.ts(5,88): error TS2305: Module '"@security/auth"' has no exported member 'TokenInvalidError'.
apps/api/src/routes/billingInvoices.ts(33,18): error TS2430: Interface 'AuthenticatedRequest' incorrectly extends interface 'FastifyRequest<RouteGenericInterface, RawServerDefault, IncomingMessage, FastifySchema, FastifyTypeProviderDefault, unknown, FastifyBaseLogger, ResolveFastifyRequestType<...>>'.
  Types of property 'user' are incompatible.
    Type '{ stripeCustomerId?: string | undefined; } | undefined' is not assignable to type '{ id: string; orgId: string; }'.
      Type 'undefined' is not assignable to type '{ id: string; orgId: string; }'.
apps/api/src/routes/billingInvoices.ts(51,28): error TS2769: No overload matches this call.
  The last overload gave the following error.
    Argument of type '(req: AuthenticatedRequest, reply: FastifyReply) => Promise<undefined>' is not assignable to parameter of type 'onRequestAsyncHookHandler<RawServerDefault, IncomingMessage, ServerResponse<IncomingMessage>, RouteGenericInterface, unknown, FastifySchema, FastifyTypeProviderDefault, FastifyBaseLogger>'.
      Types of parameters 'req' and 'request' are incompatible.
        Type 'FastifyRequest<RouteGenericInterface, RawServerDefault, IncomingMessage, FastifySchema, FastifyTypeProviderDefault, unknown, FastifyBaseLogger, ResolveFastifyRequestType<...>>' is not assignable to type 'AuthenticatedRequest' with 'exactOptionalPropertyTypes: true'. Consider adding 'undefined' to the types of the target's properties.
          Types of property 'user' are incompatible.
            Type '{ id: string; orgId: string; }' has no properties in common with type '{ stripeCustomerId?: string | undefined; }'.
apps/api/src/routes/billingInvoices.ts(82,27): error TS2769: No overload matches this call.
  Overload 1 of 3, '(path: string, handler: RouteHandlerMethod<RawServerDefault, IncomingMessage, ServerResponse<IncomingMessage>, { Querystring: { ...; }; Reply: InvoiceResponse | ErrorResponse; }, unknown, FastifySchema, FastifyTypeProviderDefault, FastifyBaseLogger>): FastifyInstance<...>', gave the following error.
    Argument of type '(req: AuthenticatedRequest, reply: FastifyReply) => Promise<InvoiceResponse | ErrorResponse>' is not assignable to parameter of type 'RouteHandlerMethod<RawServerDefault, IncomingMessage, ServerResponse<IncomingMessage>, { Querystring: { limit: number; startingAfter?: string | undefined; }; Reply: InvoiceResponse | ErrorResponse; }, unknown, FastifySchema, FastifyTypeProviderDefault, FastifyBaseLogger>'.
      Types of parameters 'req' and 'request' are incompatible.
        Type 'FastifyRequest<{ Querystring: { limit: number; startingAfter?: string | undefined; }; Reply: InvoiceResponse | ErrorResponse; }, RawServerDefault, ... 5 more ..., ResolveFastifyRequestType<...>>' is not assignable to type 'AuthenticatedRequest' with 'exactOptionalPropertyTypes: true'. Consider adding 'undefined' to the types of the target's properties.
          Types of property 'user' are incompatible.
            Type '{ id: string; orgId: string; }' has no properties in common with type '{ stripeCustomerId?: string | undefined; }'.
  Overload 2 of 3, '(path: string, opts: RouteShorthandOptionsWithHandler<RawServerDefault, IncomingMessage, ServerResponse<IncomingMessage>, { Querystring: { ...; }; Reply: InvoiceResponse | ErrorResponse; }, unknown, FastifySchema, FastifyTypeProviderDefault, FastifyBaseLogger>): FastifyInstance<...>', gave the following error.
    Argument of type '(req: AuthenticatedRequest, reply: FastifyReply) => Promise<InvoiceResponse | ErrorResponse>' is not assignable to parameter of type 'RouteShorthandOptionsWithHandler<RawServerDefault, IncomingMessage, ServerResponse<IncomingMessage>, { Querystring: { limit: number; startingAfter?: string | undefined; }; Reply: InvoiceResponse | ErrorResponse; }, unknown, FastifySchema, FastifyTypeProviderDefault, FastifyBaseLogger>'.
apps/api/src/routes/billingInvoices.ts(102,44): error TS2769: No overload matches this call.
  Overload 1 of 2, '(params?: InvoiceListParams | undefined, options?: RequestOptions | undefined): ApiListPromise<Invoice>', gave the following error.
    Argument of type '{ customer: string; starting_after: string | undefined; }' is not assignable to parameter of type 'InvoiceListParams' with 'exactOptionalPropertyTypes: true'. Consider adding 'undefined' to the types of the target's properties.
      Types of property 'starting_after' are incompatible.
        Type 'string | undefined' is not assignable to type 'string'.
          Type 'undefined' is not assignable to type 'string'.
  Overload 2 of 2, '(options?: RequestOptions | undefined): ApiListPromise<Invoice>', gave the following error.
    Object literal may only specify known properties, and 'customer' does not exist in type 'RequestOptions'.
apps/api/src/routes/billingPaddle.ts(9,10): error TS2305: Module '"../billing/paddle"' has no exported member 'createPaddleCheckout'.
apps/api/src/routes/billingPaddle.ts(57,18): error TS2430: Interface 'AuthenticatedRequest' incorrectly extends interface 'FastifyRequest<RouteGenericInterface, RawServerDefault, IncomingMessage, FastifySchema, FastifyTypeProviderDefault, unknown, FastifyBaseLogger, ResolveFastifyRequestType<...>>'.
  Types of property 'user' are incompatible.
    Property 'id' is missing in type '{ orgId?: string; }' but required in type '{ id: string; orgId: string; }'.
apps/api/src/routes/billingPaddle.ts(65,28): error TS2769: No overload matches this call.
  The last overload gave the following error.
    Argument of type '(request: FastifyRequest, reply: FastifyReply, done: HookHandlerDoneFunction) => Promise<void>' is not assignable to parameter of type 'onRequestAsyncHookHandler<RawServerDefault, IncomingMessage, ServerResponse<IncomingMessage>, RouteGenericInterface, unknown, FastifySchema, FastifyTypeProviderDefault, FastifyBaseLogger>'.
      Target signature provides too few arguments. Expected 3 or more, but got 2.
apps/api/src/routes/billingPaddle.ts(76,5): error TS2375: Type '{ orgId: string | undefined; }' is not assignable to type '{ orgId?: string; }' with 'exactOptionalPropertyTypes: true'. Consider adding 'undefined' to the types of the target's properties.
  Types of property 'orgId' are incompatible.
    Type 'string | undefined' is not assignable to type 'string'.
      Type 'undefined' is not assignable to type 'string'.
apps/api/src/routes/billingStripe.ts(65,18): error TS2430: Interface 'AuthenticatedRequest' incorrectly extends interface 'FastifyRequest<RouteGenericInterface, RawServerDefault, IncomingMessage, FastifySchema, FastifyTypeProviderDefault, unknown, FastifyBaseLogger, ResolveFastifyRequestType<...>>'.
  Types of property 'user' are incompatible.
    Property 'id' is missing in type '{ orgId?: string; }' but required in type '{ id: string; orgId: string; }'.
apps/api/src/routes/billingStripe.ts(116,28): error TS2769: No overload matches this call.
  The last overload gave the following error.
    Argument of type '(request: FastifyRequest, reply: FastifyReply, done: HookHandlerDoneFunction) => Promise<void>' is not assignable to parameter of type 'onRequestAsyncHookHandler<RawServerDefault, IncomingMessage, ServerResponse<IncomingMessage>, RouteGenericInterface, unknown, FastifySchema, FastifyTypeProviderDefault, FastifyBaseLogger>'.
      Target signature provides too few arguments. Expected 3 or more, but got 2.
apps/api/src/routes/billingStripe.ts(127,5): error TS2375: Type '{ orgId: string | undefined; }' is not assignable to type '{ orgId?: string; }' with 'exactOptionalPropertyTypes: true'. Consider adding 'undefined' to the types of the target's properties.
  Types of property 'orgId' are incompatible.
    Type 'string | undefined' is not assignable to type 'string'.
      Type 'undefined' is not assignable to type 'string'.
apps/api/src/routes/bulkPublishCreate.ts(8,27): error TS2307: Cannot find module '../../../control-plane/services/rate-limit' or its corresponding type declarations.
apps/api/src/routes/bulkPublishCreate.ts(9,33): error TS2440: Import declaration conflicts with local declaration of 'JwtClaims'.
apps/api/src/routes/bulkPublishCreate.ts(52,3): error TS2322: Type '{ sub: string; orgId: string; role?: string | undefined; }' is not assignable to type '{ sub: string; role: "admin" | "editor" | "viewer"; orgId?: string | undefined; aud?: string | undefined; iss?: string | undefined; jti?: string | undefined; exp?: number | undefined; iat?: number | undefined; boundOrgId?: string | undefined; }'.
  Types of property 'role' are incompatible.
    Type 'string | undefined' is not assignable to type '"admin" | "editor" | "viewer"'.
      Type 'undefined' is not assignable to type '"admin" | "editor" | "viewer"'.
apps/api/src/routes/bulkPublishDryRun.ts(6,50): error TS2307: Cannot find module '../../../packages/security/auth' or its corresponding type declarations.
apps/api/src/routes/bulkPublishDryRun.ts(7,27): error TS2307: Cannot find module '../../../control-plane/services/rate-limit' or its corresponding type declarations.
apps/api/src/routes/bulkPublishDryRun.ts(122,38): error TS2339: Property 'errors' does not exist on type 'ZodError<{ domain_id: string; drafts: string[]; targets: string[]; }>'.
apps/api/src/routes/bulkPublishDryRun.ts(239,22): error TS2322: Type 'string | undefined' is not assignable to type 'string'.
  Type 'undefined' is not assignable to type 'string'.
apps/api/src/routes/bulkPublishDryRun.ts(240,17): error TS2345: Argument of type '{ draftId: string; intents: { target: string; status: string; }[]; } | undefined' is not assignable to parameter of type '{ draftId: string; intents: { target: string; status: string; }[]; }'.
  Type 'undefined' is not assignable to type '{ draftId: string; intents: { target: string; status: string; }[]; }'.
apps/api/src/routes/bulkPublishDryRun.ts(242,5): error TS18048: 'draftEntry' is possibly 'undefined'.
apps/api/src/routes/bulkPublishDryRun.ts(243,7): error TS2322: Type 'string | undefined' is not assignable to type 'string'.
  Type 'undefined' is not assignable to type 'string'.
apps/api/src/routes/buyerRoi.ts(145,28): error TS2345: Argument of type '{ orgId: string; userId: string; action: string; entityType: string; entityId: string; metadata: { domain_id: string; result_count: number; }; }' is not assignable to parameter of type 'AuditEventParams'.
  Property 'ip' is missing in type '{ orgId: string; userId: string; action: string; entityType: string; entityId: string; metadata: { domain_id: string; result_count: number; }; }' but required in type 'AuditEventParams'.
apps/api/src/routes/buyerRoi.ts(157,5): error TS2322: Type 'BuyerRoiSummary' is not assignable to type 'ErrorResponse | RoiSummaryResponse'.
  Type 'BuyerRoiSummary' is missing the following properties from type 'RoiSummaryResponse': domain_id, roi_rows
apps/api/src/routes/buyerRoi.ts(157,36): error TS2345: Argument of type '{ domain_id: string; roi_rows: Record<string, unknown>[]; }' is not assignable to parameter of type 'BuyerRoiSummaryInput'.
  Property 'domain' is missing in type '{ domain_id: string; roi_rows: Record<string, unknown>[]; }' but required in type 'BuyerRoiSummaryInput'.
apps/api/src/routes/buyerSeoReport.ts(162,43): error TS2345: Argument of type '{ pages: number; clusters: number; freshness_ratio: number; schema_coverage: number; }' is not assignable to parameter of type '{ domain: string; pages: number; clusters: number; freshness_ratio: number; schema_coverage: number; }'.
  Property 'domain' is missing in type '{ pages: number; clusters: number; freshness_ratio: number; schema_coverage: number; }' but required in type '{ domain: string; pages: number; clusters: number; freshness_ratio: number; schema_coverage: number; }'.
apps/api/src/routes/buyerSeoReport.ts(169,28): error TS2345: Argument of type '{ orgId: string; userId: string; action: string; entityType: string; entityId: string; metadata: { domain_id: string; }; }' is not assignable to parameter of type 'AuditEventParams'.
  Property 'ip' is missing in type '{ orgId: string; userId: string; action: string; entityType: string; entityId: string; metadata: { domain_id: string; }; }' but required in type 'AuditEventParams'.
apps/api/src/routes/contentRoi.ts(167,66): error TS2339: Property 'errors' does not exist on type 'ZodError<{ domain_id: string; content_id: string; production_cost_usd: number; monthly_traffic: number; conversion_rate: number; revenue_per_conversion: number; }>'.
apps/api/src/routes/domainSaleReadiness.ts(54,32): error TS2339: Property 'orgId' does not exist on type 'string | JwtPayload'.
  Property 'orgId' does not exist on type 'string'.
apps/api/src/routes/domainSaleReadiness.ts(57,48): error TS2339: Property 'orgId' does not exist on type 'string | JwtPayload'.
  Property 'orgId' does not exist on type 'string'.
apps/api/src/routes/domainSaleReadiness.ts(66,23): error TS2304: Cannot find name 'db'.
apps/api/src/routes/domainSaleReadiness.ts(82,11): error TS2304: Cannot find name 'db'.
apps/api/src/routes/domainSaleReadiness.ts(117,47): error TS2345: Argument of type 'string | (() => string)' is not assignable to parameter of type 'string'.
  Type '() => string' is not assignable to type 'string'.
apps/api/src/routes/domainSaleReadiness.ts(146,9): error TS2322: Type 'string | (() => string)' is not assignable to type 'string'.
  Type '() => string' is not assignable to type 'string'.
apps/api/src/routes/domainSaleReadiness.ts(162,69): error TS18046: 'error' is of type 'unknown'.
apps/api/src/routes/email.ts(20,10): error TS2303: Circular definition of import alias 'emailRoutes'.
apps/api/src/routes/email/audit.ts(16,11): error TS2349: This expression is not callable.
  Type 'Promise<Knex<any, any[]>>' has no call signatures.
apps/api/src/routes/email/auth.ts(2,39): error TS2307: Cannot find module '../../../../packages/security/jwt' or its corresponding type declarations.
apps/api/src/routes/email/auth.ts(46,23): error TS2349: This expression is not callable.
  Type 'Promise<Knex<any, any[]>>' has no call signatures.
apps/api/src/routes/email/index.ts(29,35): error TS2345: Argument of type 'FastifyRequest<RouteGenericInterface, RawServerDefault, IncomingMessage, FastifySchema, FastifyTypeProviderDefault, unknown, FastifyBaseLogger, ResolveFastifyRequestType<...>>' is not assignable to parameter of type 'FastifyRequestLike'.
  The types of 'headers.authorization' are incompatible between these types.
    Type 'string | undefined' is not assignable to type 'string'.
      Type 'undefined' is not assignable to type 'string'.
apps/api/src/routes/email/index.ts(90,35): error TS2345: Argument of type 'FastifyRequest<RouteGenericInterface, RawServerDefault, IncomingMessage, FastifySchema, FastifyTypeProviderDefault, unknown, FastifyBaseLogger, ResolveFastifyRequestType<...>>' is not assignable to parameter of type 'FastifyRequestLike'.
  The types of 'headers.authorization' are incompatible between these types.
    Type 'string | undefined' is not assignable to type 'string'.
      Type 'undefined' is not assignable to type 'string'.
apps/api/src/routes/email/index.ts(133,39): error TS4111: Property 'count' comes from an index signature, so it must be accessed with ['count'].
apps/api/src/routes/email/index.ts(148,35): error TS2345: Argument of type 'FastifyRequest<RouteGenericInterface, RawServerDefault, IncomingMessage, FastifySchema, FastifyTypeProviderDefault, unknown, FastifyBaseLogger, ResolveFastifyRequestType<...>>' is not assignable to parameter of type 'FastifyRequestLike'.
  The types of 'headers.authorization' are incompatible between these types.
    Type 'string | undefined' is not assignable to type 'string'.
      Type 'undefined' is not assignable to type 'string'.
apps/api/src/routes/email/index.ts(209,35): error TS2345: Argument of type 'FastifyRequest<RouteGenericInterface, RawServerDefault, IncomingMessage, FastifySchema, FastifyTypeProviderDefault, unknown, FastifyBaseLogger, ResolveFastifyRequestType<...>>' is not assignable to parameter of type 'FastifyRequestLike'.
  The types of 'headers.authorization' are incompatible between these types.
    Type 'string | undefined' is not assignable to type 'string'.
      Type 'undefined' is not assignable to type 'string'.
apps/api/src/routes/email/index.ts(252,39): error TS4111: Property 'count' comes from an index signature, so it must be accessed with ['count'].
apps/api/src/routes/email/index.ts(267,35): error TS2345: Argument of type 'FastifyRequest<RouteGenericInterface, RawServerDefault, IncomingMessage, FastifySchema, FastifyTypeProviderDefault, unknown, FastifyBaseLogger, ResolveFastifyRequestType<...>>' is not assignable to parameter of type 'FastifyRequestLike'.
  The types of 'headers.authorization' are incompatible between these types.
    Type 'string | undefined' is not assignable to type 'string'.
      Type 'undefined' is not assignable to type 'string'.
apps/api/src/routes/email/index.ts(328,35): error TS2345: Argument of type 'FastifyRequest<RouteGenericInterface, RawServerDefault, IncomingMessage, FastifySchema, FastifyTypeProviderDefault, unknown, FastifyBaseLogger, ResolveFastifyRequestType<...>>' is not assignable to parameter of type 'FastifyRequestLike'.
  The types of 'headers.authorization' are incompatible between these types.
    Type 'string | undefined' is not assignable to type 'string'.
      Type 'undefined' is not assignable to type 'string'.
apps/api/src/routes/email/index.ts(371,39): error TS4111: Property 'count' comes from an index signature, so it must be accessed with ['count'].
apps/api/src/routes/email/index.ts(386,35): error TS2345: Argument of type 'FastifyRequest<RouteGenericInterface, RawServerDefault, IncomingMessage, FastifySchema, FastifyTypeProviderDefault, unknown, FastifyBaseLogger, ResolveFastifyRequestType<...>>' is not assignable to parameter of type 'FastifyRequestLike'.
  The types of 'headers.authorization' are incompatible between these types.
    Type 'string | undefined' is not assignable to type 'string'.
      Type 'undefined' is not assignable to type 'string'.
apps/api/src/routes/email/utils.ts(34,59): error TS2339: Property 'reply' does not exist on type 'FastifyInstance<RawServerDefault, IncomingMessage, ServerResponse<IncomingMessage>, FastifyBaseLogger, FastifyTypeProviderDefault>'.
apps/api/src/routes/emailSubscribers.ts(21,10): error TS2303: Circular definition of import alias 'emailSubscriberRoutes'.
apps/api/src/routes/emailSubscribers.ts(21,33): error TS2303: Circular definition of import alias 'cleanupRateLimitStore'.
apps/api/src/routes/emailSubscribers/index.ts(1,24): error TS2307: Cannot find module 'express' or its corresponding type declarations.
apps/api/src/routes/emailSubscribers/index.ts(2,40): error TS2307: Cannot find module 'express' or its corresponding type declarations.
apps/api/src/routes/emailSubscribers/index.ts(6,10): error TS2305: Module '"./rateLimit"' has no exported member 'rateLimitMiddleware'.
apps/api/src/routes/emailSubscribers/index.ts(7,10): error TS2305: Module '"./auth"' has no exported member 'authenticate'.
apps/api/src/routes/emailSubscribers/index.ts(7,24): error TS2305: Module '"./auth"' has no exported member 'requireAuth'.
apps/api/src/routes/emailSubscribers/index.ts(8,10): error TS2305: Module '"./types"' has no exported member 'SubscriberCreateInput'.
apps/api/src/routes/emailSubscribers/index.ts(8,33): error TS2305: Module '"./types"' has no exported member 'SubscriberUpdateInput'.
apps/api/src/routes/emailSubscribers/index.ts(8,56): error TS2305: Module '"./types"' has no exported member 'SubscriberQueryParams'.
apps/api/src/routes/emailSubscribers/index.ts(9,64): error TS2307: Cannot find module './utils' or its corresponding type declarations.
apps/api/src/routes/emailSubscribers/index.ts(20,15): error TS2554: Expected 2-3 arguments, but got 1.
apps/api/src/routes/emailSubscribers/index.ts(29,15): error TS2554: Expected 2-3 arguments, but got 1.
apps/api/src/routes/emailSubscribers/index.ts(82,30): error TS2339: Property 'params' does not exist on type 'AuthenticatedRequest'.
apps/api/src/routes/emailSubscribers/index.ts(90,57): error TS2339: Property 'query' does not exist on type 'AuthenticatedRequest'.
apps/api/src/routes/emailSubscribers/index.ts(124,41): error TS4111: Property 'count' comes from an index signature, so it must be accessed with ['count'].
apps/api/src/routes/emailSubscribers/index.ts(168,30): error TS2339: Property 'params' does not exist on type 'AuthenticatedRequest'.
apps/api/src/routes/emailSubscribers/index.ts(176,62): error TS2339: Property 'body' does not exist on type 'AuthenticatedRequest'.
apps/api/src/routes/emailSubscribers/index.ts(241,44): error TS2339: Property 'params' does not exist on type 'AuthenticatedRequest'.
apps/api/src/routes/emailSubscribers/index.ts(273,44): error TS2339: Property 'params' does not exist on type 'AuthenticatedRequest'.
apps/api/src/routes/emailSubscribers/index.ts(281,62): error TS2339: Property 'body' does not exist on type 'AuthenticatedRequest'.
apps/api/src/routes/emailSubscribers/index.ts(305,18): error TS4111: Property 'first_name' comes from an index signature, so it must be accessed with ['first_name'].
apps/api/src/routes/emailSubscribers/index.ts(308,18): error TS4111: Property 'last_name' comes from an index signature, so it must be accessed with ['last_name'].
apps/api/src/routes/emailSubscribers/index.ts(311,18): error TS4111: Property 'tags' comes from an index signature, so it must be accessed with ['tags'].
apps/api/src/routes/emailSubscribers/index.ts(314,18): error TS4111: Property 'metadata' comes from an index signature, so it must be accessed with ['metadata'].
apps/api/src/routes/emailSubscribers/index.ts(317,18): error TS4111: Property 'status' comes from an index signature, so it must be accessed with ['status'].
apps/api/src/routes/emailSubscribers/index.ts(340,44): error TS2339: Property 'params' does not exist on type 'AuthenticatedRequest'.
apps/api/src/routes/emailSubscribers/rateLimit.ts(56,23): error TS2345: Argument of type 'string | undefined' is not assignable to parameter of type 'string'.
  Type 'undefined' is not assignable to type 'string'.
apps/api/src/routes/experiments.ts(13,32): error TS2304: Cannot find name 'FastifyRequest'.
apps/api/src/routes/experiments.ts(32,32): error TS2339: Property 'orgId' does not exist on type 'string | JwtPayload'.
  Property 'orgId' does not exist on type 'string'.
apps/api/src/routes/experiments.ts(35,48): error TS2339: Property 'orgId' does not exist on type 'string | JwtPayload'.
  Property 'orgId' does not exist on type 'string'.
apps/api/src/routes/experiments.ts(92,38): error TS2339: Property 'errors' does not exist on type 'ZodError<{ domain_id: string; variants: any[]; }>'.
apps/api/src/routes/experiments.ts(97,47): error TS2345: Argument of type 'string | (() => string)' is not assignable to parameter of type 'string'.
  Type '() => string' is not assignable to type 'string'.
apps/api/src/routes/experiments.ts(106,9): error TS2322: Type 'string | (() => string)' is not assignable to type 'string'.
  Type '() => string' is not assignable to type 'string'.
apps/api/src/routes/experiments.ts(121,69): error TS18046: 'error' is of type 'unknown'.
apps/api/src/routes/exports.ts(68,28): error TS2769: No overload matches this call.
  The last overload gave the following error.
    Argument of type '(req: FastifyRequest, res: FastifyReply, done: () => void) => Promise<void>' is not assignable to parameter of type 'onRequestAsyncHookHandler<RawServerDefault, IncomingMessage, ServerResponse<IncomingMessage>, RouteGenericInterface, unknown, FastifySchema, FastifyTypeProviderDefault, FastifyBaseLogger>'.
      Target signature provides too few arguments. Expected 3 or more, but got 2.
apps/api/src/routes/exports.ts(70,28): error TS2769: No overload matches this call.
  The last overload gave the following error.
    Argument of type '(request: FastifyRequest, reply: FastifyReply, done: HookHandlerDoneFunction) => Promise<void>' is not assignable to parameter of type 'onRequestAsyncHookHandler<RawServerDefault, IncomingMessage, ServerResponse<IncomingMessage>, RouteGenericInterface, unknown, FastifySchema, FastifyTypeProviderDefault, FastifyBaseLogger>'.
      Target signature provides too few arguments. Expected 3 or more, but got 2.
apps/api/src/routes/exports.ts(104,30): error TS2345: Argument of type '{ orgId: string; userId: string; action: string; entityType: string; metadata: { domain_id: string | undefined; export_type: string; }; }' is not assignable to parameter of type 'AuditEventParams'.
  Property 'ip' is missing in type '{ orgId: string; userId: string; action: string; entityType: string; metadata: { domain_id: string | undefined; export_type: string; }; }' but required in type 'AuditEventParams'.
apps/api/src/routes/feedback.ts(11,32): error TS2304: Cannot find name 'FastifyRequest'.
apps/api/src/routes/feedback.ts(30,32): error TS2339: Property 'orgId' does not exist on type 'string | JwtPayload'.
  Property 'orgId' does not exist on type 'string'.
apps/api/src/routes/feedback.ts(33,48): error TS2339: Property 'orgId' does not exist on type 'string | JwtPayload'.
  Property 'orgId' does not exist on type 'string'.
apps/api/src/routes/feedback.ts(90,38): error TS2339: Property 'errors' does not exist on type 'ZodError<{ domain_id?: string | undefined; limit?: number | undefined; offset?: number | undefined; }>'.
apps/api/src/routes/feedback.ts(96,49): error TS2345: Argument of type 'string | (() => string)' is not assignable to parameter of type 'string'.
  Type '() => string' is not assignable to type 'string'.
apps/api/src/routes/feedback.ts(105,9): error TS2322: Type 'string | (() => string)' is not assignable to type 'string'.
  Type '() => string' is not assignable to type 'string'.
apps/api/src/routes/feedback.ts(122,69): error TS18046: 'error' is of type 'unknown'.
apps/api/src/routes/nextActionsAdvisor.ts(148,50): error TS2345: Argument of type 'ContentSignal[]' is not assignable to parameter of type 'AdvisorSignal[]'.
  Type 'ContentSignal' is not assignable to type 'AdvisorSignal'.
    Types of property 'serp_volatility' are incompatible.
      Type 'string' is not assignable to type '"stable" | "moderate" | "volatile"'.
apps/api/src/routes/portfolioHeatmap.ts(104,34): error TS2345: Argument of type 'HeatmapRow[]' is not assignable to parameter of type 'HeatmapPoint[]'.
  Type 'HeatmapRow' is not assignable to type 'HeatmapPoint'.
    Types of property 'traffic' are incompatible.
      Type 'number | null' is not assignable to type 'number'.
        Type 'null' is not assignable to type 'number'.
apps/api/src/routes/publish.ts(2,27): error TS2440: Import declaration conflicts with local declaration of 'FastifyRequest'.
apps/api/src/routes/publish.ts(78,20): error TS18046: 'error' is of type 'unknown'.
apps/api/src/routes/publish.ts(111,73): error TS18046: 'error' is of type 'unknown'.
apps/api/src/routes/publish.ts(127,15): error TS2339: Property 'id' does not exist on type 'unknown'.
apps/api/src/seo/ahrefsGap.ts(4,10): error TS2305: Module '"../utils/validation"' has no exported member 'ValidationError'.
apps/api/src/seo/ahrefsGap.ts(317,44): error TS2345: Argument of type 'string | undefined' is not assignable to parameter of type 'string'.
  Type 'undefined' is not assignable to type 'string'.
apps/api/src/seo/ahrefsGap.ts(325,20): error TS2345: Argument of type '{ keyword_id: string; phrase: string | undefined; volume: number; competitor_rank: number; }' is not assignable to parameter of type 'KeywordGap'.
  Types of property 'phrase' are incompatible.
    Type 'string | undefined' is not assignable to type 'string'.
      Type 'undefined' is not assignable to type 'string'.
apps/api/src/services/vault/VaultClient.ts(22,35): error TS2344: Type 'unknown' does not satisfy the constraint '{}'.
apps/api/src/services/vault/VaultClient.ts(37,37): error TS2344: Type 'unknown' does not satisfy the constraint '{}'.
apps/api/src/utils/idempotency.ts(101,55): error TS2694: Namespace '"crypto"' has no exported member 'HashAlgorithm'.
apps/api/src/utils/idempotency.ts(102,33): error TS2694: Namespace '"crypto"' has no exported member 'HashAlgorithm'.
apps/api/src/utils/idempotency.ts(103,53): error TS2694: Namespace '"crypto"' has no exported member 'HashAlgorithm'.
apps/api/src/utils/idempotency.ts(106,30): error TS2694: Namespace '"crypto"' has no exported member 'HashAlgorithm'.
apps/api/src/utils/idempotency.ts(176,3): error TS2739: Type '{}' is missing the following properties from type '{ algorithm: "sha256" | "sha512" | "md5"; encoding: "base64" | "base64url" | "hex"; prefix?: string | undefined; suffix?: string | undefined; }': algorithm, encoding
apps/api/src/utils/pagination.ts(235,25): error TS2532: Object is possibly 'undefined'.
apps/api/src/utils/pagination.ts(239,25): error TS2532: Object is possibly 'undefined'.
apps/api/src/utils/rateLimit.ts(42,21): error TS2345: Argument of type 'string | undefined' is not assignable to parameter of type 'string'.
  Type 'undefined' is not assignable to type 'string'.
apps/api/src/utils/rateLimit.ts(43,9): error TS2322: Type 'string | undefined' is not assignable to type 'string'.
  Type 'undefined' is not assignable to type 'string'.
apps/api/src/utils/rateLimit.ts(108,3): error TS2322: Type 'undefined' is not assignable to type 'boolean'.
apps/api/src/utils/rateLimiter.ts(125,5): error TS2322: Type 'unknown' is not assignable to type 'string'.
apps/api/src/utils/rateLimiter.ts(126,5): error TS2322: Type 'string | undefined' is not assignable to type 'string'.
  Type 'undefined' is not assignable to type 'string'.
apps/api/src/utils/rateLimiter.ts(144,5): error TS2556: A spread argument must either have a tuple type or be passed to a rest parameter.
apps/api/src/utils/rateLimiter.ts(150,5): error TS2412: Type 'undefined' is not assignable to type 'string' with 'exactOptionalPropertyTypes: true'. Consider adding 'undefined' to the type of the target.
apps/api/src/utils/rateLimiter.ts(154,7): error TS2556: A spread argument must either have a tuple type or be passed to a rest parameter.
apps/api/src/utils/resilience.ts(29,18): error TS2454: Variable 'timeoutId' is used before being assigned.
apps/api/src/utils/retry.ts(175,5): error TS2322: Type 'string | null' is not assignable to type 'string'.
  Type 'null' is not assignable to type 'string'.
apps/api/src/utils/validation.ts(30,3): error TS2322: Type '{ path: PropertyKey[]; message: string; code: "invalid_type" | "too_big" | "too_small" | "invalid_format" | "not_multiple_of" | "unrecognized_keys" | "invalid_union" | "invalid_key" | "invalid_element" | "invalid_value" | "custom"; }[]' is not assignable to type '{ path: (string | number)[]; message: string; code: string; }[]'.
  Type '{ path: PropertyKey[]; message: string; code: "invalid_type" | "too_big" | "too_small" | "invalid_format" | "not_multiple_of" | "unrecognized_keys" | "invalid_union" | "invalid_key" | "invalid_element" | "invalid_value" | "custom"; }' is not assignable to type '{ path: (string | number)[]; message: string; code: string; }'.
    Types of property 'path' are incompatible.
      Type 'PropertyKey[]' is not assignable to type '(string | number)[]'.
        Type 'PropertyKey' is not assignable to type 'string | number'.
          Type 'symbol' is not assignable to type 'string | number'.
apps/api/src/utils/validation.ts(81,3): error TS2375: Type '{ client_email?: string | undefined; private_key?: string | undefined; client_id?: string | undefined; }' is not assignable to type '{ client_email?: string; private_key?: string; client_id?: string; }' with 'exactOptionalPropertyTypes: true'. Consider adding 'undefined' to the types of the target's properties.
  Types of property 'client_email' are incompatible.
    Type 'string | undefined' is not assignable to type 'string'.
      Type 'undefined' is not assignable to type 'string'.
apps/web/components/AdminAuditView.tsx(16,41): error TS2339: Property 'value' does not exist on type 'EventTarget & HTMLInputElement'.
apps/web/components/AdminAuditView.tsx(21,39): error TS2339: Property 'value' does not exist on type 'EventTarget & HTMLInputElement'.
apps/web/components/AdminAuditView.tsx(26,37): error TS2339: Property 'value' does not exist on type 'EventTarget & HTMLInputElement'.
apps/web/components/ContentAdvancedFilters.tsx(4,56): error TS2339: Property 'value' does not exist on type 'EventTarget & HTMLSelectElement'.
apps/web/components/ContentAdvancedFilters.tsx(10,57): error TS2339: Property 'value' does not exist on type 'EventTarget & HTMLSelectElement'.
apps/web/components/ContentAdvancedFilters.tsx(16,57): error TS2339: Property 'value' does not exist on type 'EventTarget & HTMLSelectElement'.
apps/web/components/ContentAdvancedFilters.tsx(22,57): error TS2339: Property 'value' does not exist on type 'EventTarget & HTMLSelectElement'.
apps/web/components/ContentFilters.tsx(4,54): error TS2339: Property 'value' does not exist on type 'EventTarget & HTMLSelectElement'.
apps/web/components/ContentFilters.tsx(13,82): error TS2339: Property 'value' does not exist on type 'EventTarget & HTMLSelectElement'.
apps/web/components/editors/AudioEditor.tsx(8,55): error TS2339: Property 'value' does not exist on type 'EventTarget & HTMLInputElement'.
apps/web/components/editors/ImageEditor.tsx(13,29): error TS2339: Property 'files' does not exist on type 'EventTarget & HTMLInputElement'.
apps/web/components/editors/SocialEditor.tsx(17,29): error TS2339: Property 'value' does not exist on type 'EventTarget & HTMLTextAreaElement'.
apps/web/components/editors/VideoEditor.tsx(61,36): error TS2339: Property 'value' does not exist on type 'EventTarget & HTMLInputElement'.
apps/web/components/PublicShell.tsx(24,8): error TS2322: Type '{ children: string; href: string; 'aria-label': string; 'aria-current': string | undefined; }' is not assignable to type 'DetailedHTMLProps<AnchorHTMLAttributes<HTMLAnchorElement>, HTMLAnchorElement>'.
  Type '{ children: string; href: string; 'aria-label': string; 'aria-current': string | undefined; }' is not assignable to type 'AnchorHTMLAttributes<HTMLAnchorElement>'.
    Types of property '"aria-current"' are incompatible.
      Type 'string | undefined' is not assignable to type 'boolean | "true" | "date" | "location" | "page" | "false" | "step" | "time" | undefined'.
        Type 'string' is not assignable to type 'boolean | "true" | "date" | "location" | "page" | "false" | "step" | "time" | undefined'.
apps/web/components/PublicShell.tsx(25,8): error TS2322: Type '{ children: string; href: string; 'aria-label': string; 'aria-current': string | undefined; }' is not assignable to type 'DetailedHTMLProps<AnchorHTMLAttributes<HTMLAnchorElement>, HTMLAnchorElement>'.
  Type '{ children: string; href: string; 'aria-label': string; 'aria-current': string | undefined; }' is not assignable to type 'AnchorHTMLAttributes<HTMLAnchorElement>'.
    Types of property '"aria-current"' are incompatible.
      Type 'string | undefined' is not assignable to type 'boolean | "true" | "date" | "location" | "page" | "false" | "step" | "time" | undefined'.
        Type 'string' is not assignable to type 'boolean | "true" | "date" | "location" | "page" | "false" | "step" | "time" | undefined'.
apps/web/components/PublicShell.tsx(26,8): error TS2322: Type '{ children: string; href: string; 'aria-label': string; 'aria-current': string | undefined; }' is not assignable to type 'DetailedHTMLProps<AnchorHTMLAttributes<HTMLAnchorElement>, HTMLAnchorElement>'.
  Type '{ children: string; href: string; 'aria-label': string; 'aria-current': string | undefined; }' is not assignable to type 'AnchorHTMLAttributes<HTMLAnchorElement>'.
    Types of property '"aria-current"' are incompatible.
      Type 'string | undefined' is not assignable to type 'boolean | "true" | "date" | "location" | "page" | "false" | "step" | "time" | undefined'.
        Type 'string' is not assignable to type 'boolean | "true" | "date" | "location" | "page" | "false" | "step" | "time" | undefined'.
apps/web/components/PublishIntentDashboard.tsx(35,11): error TS2322: Type '(id: string) => void' is not assignable to type '(intentId: string, signal?: AbortSignal | undefined) => Promise<void>'.
  Type 'void' is not assignable to type 'Promise<void>'.
apps/web/components/PublishTargetSchedule.tsx(17,40): error TS2339: Property 'value' does not exist on type 'EventTarget & HTMLInputElement'.
apps/web/components/TestEmailPanel.tsx(66,40): error TS2339: Property 'value' does not exist on type 'EventTarget & HTMLInputElement'.
apps/web/components/UpgradeCTA.tsx(9,3): error TS2304: Cannot find name 'window'.
apps/web/hooks/use-api.ts(203,14): error TS18046: 'data' is of type 'unknown'.
apps/web/hooks/use-api.ts(223,14): error TS18046: 'data' is of type 'unknown'.
apps/web/hooks/use-api.ts(324,14): error TS18046: 'data' is of type 'unknown'.
apps/web/hooks/useAffiliate.ts(7,10): error TS2305: Module '"./use-api"' has no exported member 'useApi'.
apps/web/hooks/useAttribution.ts(7,10): error TS2305: Module '"./use-api"' has no exported member 'useApi'.
apps/web/hooks/useBilling.ts(7,10): error TS2305: Module '"./use-api"' has no exported member 'useApi'.
apps/web/hooks/useDiligence.ts(7,10): error TS2305: Module '"./use-api"' has no exported member 'useApi'.
apps/web/hooks/useDomain.ts(7,10): error TS2305: Module '"./use-api"' has no exported member 'useApi'.
apps/web/hooks/useLLM.ts(7,10): error TS2305: Module '"./use-api"' has no exported member 'useApi'.
apps/web/hooks/usePortfolio.ts(7,10): error TS2305: Module '"./use-api"' has no exported member 'useApi'.
apps/web/hooks/useRoi.ts(7,10): error TS2305: Module '"./use-api"' has no exported member 'useApi'.
apps/web/hooks/useTimeline.ts(7,10): error TS2305: Module '"./use-api"' has no exported member 'useApi'.
apps/web/lib/auth.ts(6,44): error TS2307: Cannot find module '@security' or its corresponding type declarations.
apps/web/lib/auth.ts(113,5): error TS2322: Type 'string | undefined' is not assignable to type 'string'.
  Type 'undefined' is not assignable to type 'string'.
apps/web/lib/auth.ts(113,20): error TS2345: Argument of type 'string | undefined' is not assignable to parameter of type 'string'.
  Type 'undefined' is not assignable to type 'string'.
apps/web/lib/auth.ts(122,3): error TS2375: Type '{ ip: string; userAgent: string | undefined; }' is not assignable to type 'ClientInfo' with 'exactOptionalPropertyTypes: true'. Consider adding 'undefined' to the types of the target's properties.
  Types of property 'userAgent' are incompatible.
    Type 'string | undefined' is not assignable to type 'string'.
      Type 'undefined' is not assignable to type 'string'.
apps/web/lib/auth.ts(227,19): error TS2379: Argument of type '{ timestamp: Date; type: "auth.failure"; ip: string; userAgent: string | undefined; reason: string; }' is not assignable to parameter of type 'AuthAuditEvent' with 'exactOptionalPropertyTypes: true'. Consider adding 'undefined' to the types of the target's properties.
  Types of property 'userAgent' are incompatible.
    Type 'string | undefined' is not assignable to type 'string'.
      Type 'undefined' is not assignable to type 'string'.
apps/web/lib/auth.ts(244,19): error TS2379: Argument of type '{ timestamp: Date; type: "auth.missing_token"; ip: string; userAgent: string | undefined; reason: string; }' is not assignable to parameter of type 'AuthAuditEvent' with 'exactOptionalPropertyTypes: true'. Consider adding 'undefined' to the types of the target's properties.
  Types of property 'userAgent' are incompatible.
    Type 'string | undefined' is not assignable to type 'string'.
      Type 'undefined' is not assignable to type 'string'.
apps/web/lib/auth.ts(256,19): error TS2379: Argument of type '{ timestamp: Date; type: "auth.invalid_token"; ip: string; userAgent: string | undefined; reason: string; }' is not assignable to parameter of type 'AuthAuditEvent' with 'exactOptionalPropertyTypes: true'. Consider adding 'undefined' to the types of the target's properties.
  Types of property 'userAgent' are incompatible.
    Type 'string | undefined' is not assignable to type 'string'.
      Type 'undefined' is not assignable to type 'string'.
apps/web/lib/auth.ts(268,19): error TS2379: Argument of type '{ timestamp: Date; type: "auth.invalid_token"; ip: string; userAgent: string | undefined; reason: string; }' is not assignable to parameter of type 'AuthAuditEvent' with 'exactOptionalPropertyTypes: true'. Consider adding 'undefined' to the types of the target's properties.
  Types of property 'userAgent' are incompatible.
    Type 'string | undefined' is not assignable to type 'string'.
      Type 'undefined' is not assignable to type 'string'.
apps/web/lib/auth.ts(283,21): error TS2379: Argument of type '{ timestamp: Date; type: "auth.failure"; ip: string; userAgent: string | undefined; reason: string; }' is not assignable to parameter of type 'AuthAuditEvent' with 'exactOptionalPropertyTypes: true'. Consider adding 'undefined' to the types of the target's properties.
  Types of property 'userAgent' are incompatible.
    Type 'string | undefined' is not assignable to type 'string'.
      Type 'undefined' is not assignable to type 'string'.
apps/web/lib/auth.ts(307,21): error TS2379: Argument of type '{ timestamp: Date; type: "auth.failure"; ip: string; userAgent: string | undefined; reason: string; }' is not assignable to parameter of type 'AuthAuditEvent' with 'exactOptionalPropertyTypes: true'. Consider adding 'undefined' to the types of the target's properties.
  Types of property 'userAgent' are incompatible.
    Type 'string | undefined' is not assignable to type 'string'.
      Type 'undefined' is not assignable to type 'string'.
apps/web/lib/auth.ts(319,21): error TS2379: Argument of type '{ timestamp: Date; type: "auth.failure"; ip: string; userAgent: string | undefined; userId: string | undefined; reason: string; }' is not assignable to parameter of type 'AuthAuditEvent' with 'exactOptionalPropertyTypes: true'. Consider adding 'undefined' to the types of the target's properties.
  Types of property 'userAgent' are incompatible.
    Type 'string | undefined' is not assignable to type 'string'.
      Type 'undefined' is not assignable to type 'string'.
apps/web/lib/auth.ts(331,21): error TS2379: Argument of type '{ timestamp: Date; type: "auth.failure"; ip: string; userAgent: string | undefined; userId: string; reason: string; }' is not assignable to parameter of type 'AuthAuditEvent' with 'exactOptionalPropertyTypes: true'. Consider adding 'undefined' to the types of the target's properties.
  Types of property 'userAgent' are incompatible.
    Type 'string | undefined' is not assignable to type 'string'.
      Type 'undefined' is not assignable to type 'string'.
apps/web/lib/auth.ts(347,23): error TS2379: Argument of type '{ timestamp: Date; type: "auth.failure"; ip: string; userAgent: string | undefined; userId: string; orgId: string; reason: string; }' is not assignable to parameter of type 'AuthAuditEvent' with 'exactOptionalPropertyTypes: true'. Consider adding 'undefined' to the types of the target's properties.
  Types of property 'userAgent' are incompatible.
    Type 'string | undefined' is not assignable to type 'string'.
      Type 'undefined' is not assignable to type 'string'.
apps/web/lib/auth.ts(361,19): error TS2379: Argument of type '{ timestamp: Date; type: "auth.success"; ip: string; userAgent: string | undefined; userId: string; orgId: string; }' is not assignable to parameter of type 'AuthAuditEvent' with 'exactOptionalPropertyTypes: true'. Consider adding 'undefined' to the types of the target's properties.
  Types of property 'userAgent' are incompatible.
    Type 'string | undefined' is not assignable to type 'string'.
      Type 'undefined' is not assignable to type 'string'.
apps/web/lib/auth.ts(371,5): error TS2375: Type '{ userId: string; orgId: string; roles: UserRole[]; sessionId: string | undefined; requestId: string; }' is not assignable to type 'AuthResult' with 'exactOptionalPropertyTypes: true'. Consider adding 'undefined' to the types of the target's properties.
  Types of property 'sessionId' are incompatible.
    Type 'string | undefined' is not assignable to type 'string'.
      Type 'undefined' is not assignable to type 'string'.
apps/web/lib/auth.ts(386,19): error TS2379: Argument of type '{ timestamp: Date; type: "auth.failure"; ip: string; userAgent: string | undefined; reason: string; }' is not assignable to parameter of type 'AuthAuditEvent' with 'exactOptionalPropertyTypes: true'. Consider adding 'undefined' to the types of the target's properties.
  Types of property 'userAgent' are incompatible.
    Type 'string | undefined' is not assignable to type 'string'.
      Type 'undefined' is not assignable to type 'string'.
apps/web/lib/auth.ts(445,5): error TS2375: Type '{ userId: string; orgId: string; roles: UserRole[]; sessionId: string | undefined; requestId: string; }' is not assignable to type 'AuthResult' with 'exactOptionalPropertyTypes: true'. Consider adding 'undefined' to the types of the target's properties.
  Types of property 'sessionId' are incompatible.
    Type 'string | undefined' is not assignable to type 'string'.
      Type 'undefined' is not assignable to type 'string'.
apps/web/lib/auth.ts(484,12): error TS2532: Object is possibly 'undefined'.
apps/web/lib/auth.ts(484,39): error TS2532: Object is possibly 'undefined'.
apps/web/lib/auth.ts(585,37): error TS2532: Object is possibly 'undefined'.
apps/web/lib/auth.ts(671,5): error TS2322: Type 'string | undefined' is not assignable to type 'string'.
  Type 'undefined' is not assignable to type 'string'.
apps/web/lib/auth.ts(674,5): error TS2322: Type 'string | undefined' is not assignable to type 'string'.
  Type 'undefined' is not assignable to type 'string'.
apps/web/lib/auth.ts(685,5): error TS2322: Type 'string | undefined' is not assignable to type 'string'.
  Type 'undefined' is not assignable to type 'string'.
apps/web/lib/config.ts(47,32): error TS2304: Cannot find name 'window'.
apps/web/lib/config.ts(52,32): error TS2304: Cannot find name 'window'.
apps/web/lib/query-client.ts(26,14): error TS2304: Cannot find name 'window'.
apps/web/lib/query-client.ts(27,33): error TS2304: Cannot find name 'window'.
apps/web/lib/query-client.ts(64,33): error TS2345: Argument of type 'string[][]' is not assignable to parameter of type 'string | URLSearchParams | Record<string, string | readonly string[]> | Iterable<[string, string]> | readonly [string, string][] | undefined'.
  Type 'string[][]' is not assignable to type 'Record<string, string | readonly string[]>'.
    Index signature for type 'string' is missing in type 'string[][]'.
apps/web/lib/query-client.ts(76,21): error TS18046: 'error' is of type 'unknown'.
apps/web/lib/query-client.ts(121,14): error TS2304: Cannot find name 'window'.
apps/web/lib/rate-limit.ts(26,5): error TS2532: Object is possibly 'undefined'.
apps/web/lib/shutdown.ts(64,9): error TS2741: Property 'handler' is missing in type '{ name: string; priority: number; }' but required in type 'HandlerRegistration'.
apps/web/lib/shutdown.ts(181,11): error TS2353: Object literal may only specify known properties, and 'error' does not exist in type 'Error'.
apps/web/lib/shutdown.ts(198,7): error TS2353: Object literal may only specify known properties, and 'error' does not exist in type 'Error'.
apps/web/lib/shutdown.ts(245,7): error TS2353: Object literal may only specify known properties, and 'error' does not exist in type 'Error'.
apps/web/lib/shutdown.ts(254,7): error TS2353: Object literal may only specify known properties, and 'reason' does not exist in type 'Error'.
apps/web/lib/stripe.ts(4,28): error TS7016: Could not find a declaration file for module './env'. 'E:/SmartBeak/apps/web/lib/env.js' implicitly has an 'any' type.
apps/web/lib/stripe.ts(116,10): error TS2352: Conversion of type 'Record<string, unknown>' to type 'Stripe' may be a mistake because neither type sufficiently overlaps with the other. If this was intentional, convert the expression to 'unknown' first.
  Type 'Record<string, unknown>' is missing the following properties from type 'Stripe': StripeResource, accountLinks, accountSessions, accounts, and 70 more.
apps/web/lib/theme.tsx(25,14): error TS2304: Cannot find name 'window'.
apps/web/lib/theme.tsx(27,18): error TS2304: Cannot find name 'localStorage'.
apps/web/lib/theme.tsx(38,14): error TS2304: Cannot find name 'window'.
apps/web/lib/theme.tsx(39,10): error TS2304: Cannot find name 'window'.
apps/web/lib/theme.tsx(60,16): error TS2304: Cannot find name 'window'.
apps/web/lib/theme.tsx(62,24): error TS2304: Cannot find name 'window'.
apps/web/lib/theme.tsx(75,28): error TS2584: Cannot find name 'document'. Do you need to change your target library? Try changing the 'lib' compiler option to include 'dom'.
apps/web/lib/theme.tsx(77,18): error TS2584: Cannot find name 'document'. Do you need to change your target library? Try changing the 'lib' compiler option to include 'dom'.
apps/web/lib/theme.tsx(96,16): error TS2304: Cannot find name 'window'.
apps/web/lib/theme.tsx(97,7): error TS2304: Cannot find name 'localStorage'.
apps/web/lib/theme.tsx(162,42): error TS2339: Property 'value' does not exist on type 'EventTarget & HTMLSelectElement'.
apps/web/pages/api/content/archive.ts(88,9): error TS18048: 'content' is possibly 'undefined'.
apps/web/pages/api/content/archive.ts(89,45): error TS18048: 'content' is possibly 'undefined'.
apps/web/pages/api/content/archive.ts(96,9): error TS18048: 'content' is possibly 'undefined'.
apps/web/pages/api/diligence/integrations.ts(38,26): error TS2345: Argument of type 'string | undefined' is not assignable to parameter of type 'string'.
  Type 'undefined' is not assignable to type 'string'.
apps/web/pages/api/diligence/integrations.ts(43,58): error TS2345: Argument of type 'string | undefined' is not assignable to parameter of type 'string'.
  Type 'undefined' is not assignable to type 'string'.
apps/web/pages/api/domains/archive.ts(87,9): error TS18048: 'domain' is possibly 'undefined'.
apps/web/pages/api/domains/archive.ts(88,44): error TS18048: 'domain' is possibly 'undefined'.
apps/web/pages/api/domains/archive.ts(93,9): error TS18048: 'domain' is possibly 'undefined'.
apps/web/pages/api/domains/archive.ts(119,17): error TS2532: Object is possibly 'undefined'.
apps/web/pages/api/domains/archive.ts(120,15): error TS2532: Object is possibly 'undefined'.
apps/web/pages/api/domains/verify-dns.ts(6,33): error TS2307: Cannot find module '@/lib/db' or its corresponding type declarations.
apps/web/pages/api/domains/verify-dns.ts(25,10): error TS18047: 'result.rowCount' is possibly 'null'.
apps/web/pages/api/exports/activity.csv.ts(117,7): error TS2532: Object is possibly 'undefined'.
apps/web/pages/api/exports/activity.csv.ts(169,27): error TS2345: Argument of type '{ userId: string; orgId: string; recordCount: number; filters: { startDate: string | undefined; endDate: string | undefined; }; }' is not assignable to parameter of type '{ userId: string; orgId: string; domainId?: string | undefined; recordCount: number; filters: { startDate?: string | undefined; endDate?: string | undefined; }; ip: string; }'.
  Property 'ip' is missing in type '{ userId: string; orgId: string; recordCount: number; filters: { startDate: string | undefined; endDate: string | undefined; }; }' but required in type '{ userId: string; orgId: string; domainId?: string | undefined; recordCount: number; filters: { startDate?: string | undefined; endDate?: string | undefined; }; ip: string; }'.
apps/web/pages/api/exports/activity.pdf.ts(93,7): error TS2532: Object is possibly 'undefined'.
apps/web/pages/api/exports/activity.pdf.ts(144,27): error TS2345: Argument of type '{ userId: string; orgId: string; recordCount: number; filters: { startDate: string | undefined; endDate: string | undefined; }; }' is not assignable to parameter of type '{ userId: string; orgId: string; domainId?: string | undefined; recordCount: number; filters: { startDate?: string | undefined; endDate?: string | undefined; }; ip: string; }'.
  Property 'ip' is missing in type '{ userId: string; orgId: string; recordCount: number; filters: { startDate: string | undefined; endDate: string | undefined; }; }' but required in type '{ userId: string; orgId: string; domainId?: string | undefined; recordCount: number; filters: { startDate?: string | undefined; endDate?: string | undefined; }; ip: string; }'.
apps/web/pages/api/stripe/create-checkout-session.ts(9,39): error TS7006: Parameter 'req' implicitly has an 'any' type.
apps/web/pages/api/stripe/create-checkout-session.ts(9,44): error TS7006: Parameter 'res' implicitly has an 'any' type.
apps/web/pages/api/stripe/create-checkout-session.ts(57,9): error TS18046: 'error' is of type 'unknown'.
apps/web/pages/api/stripe/create-checkout-session.ts(60,9): error TS18046: 'error' is of type 'unknown'.
apps/web/pages/api/stripe/create-checkout-session.ts(63,18): error TS18046: 'error' is of type 'unknown'.
apps/web/pages/api/stripe/create-checkout-session.ts(66,9): error TS18046: 'error' is of type 'unknown'.
apps/web/pages/api/stripe/portal.ts(7,38): error TS2307: Cannot find module '../../../../packages/security/logger' or its corresponding type declarations.
apps/web/pages/api/webhooks/clerk.ts(5,28): error TS7016: Could not find a declaration file for module '../../../lib/env'. 'E:/SmartBeak/apps/web/lib/env.js' implicitly has an 'any' type.
apps/web/pages/api/webhooks/index.ts(25,5): error TS2322: Type '(req: NextApiRequest, res: NextApiResponse) => Promise<void>' is not assignable to type '(req: NextApiRequest) => Promise<any>'.
  Target signature provides too few arguments. Expected 2 or more, but got 1.
apps/web/pages/api/webhooks/index.ts(26,5): error TS2322: Type '(req: NextApiRequest, res: NextApiResponse) => Promise<void>' is not assignable to type '(req: NextApiRequest) => Promise<any> | null'.
  Target signature provides too few arguments. Expected 2 or more, but got 1.
apps/web/pages/api/webhooks/index.ts(30,5): error TS2322: Type '(req: NextApiRequest, res: NextApiResponse) => Promise<void>' is not assignable to type '(req: NextApiRequest) => Promise<any>'.
  Target signature provides too few arguments. Expected 2 or more, but got 1.
apps/web/pages/api/webhooks/index.ts(31,5): error TS2322: Type '(req: NextApiRequest, res: NextApiResponse) => Promise<void>' is not assignable to type '(req: NextApiRequest) => Promise<any> | null'.
  Target signature provides too few arguments. Expected 2 or more, but got 1.
apps/web/pages/api/webhooks/index.ts(34,5): error TS2322: Type 'null' is not assignable to type '(req: NextApiRequest) => Promise<any> | null'.
apps/web/pages/api/webhooks/index.ts(38,3): error TS2322: Type 'null' is not assignable to type '(req: NextApiRequest) => Promise<any> | null'.
apps/web/pages/billing/upgrade.tsx(13,3): error TS2304: Cannot find name 'window'.
apps/web/pages/billing/upgrade.tsx(13,26): error TS18046: 'data' is of type 'unknown'.
apps/web/pages/billing/upgrade.tsx(13,38): error TS18046: 'data' is of type 'unknown'.
apps/web/pages/checkout.tsx(8,5): error TS2304: Cannot find name 'window'.
apps/web/pages/checkout.tsx(8,28): error TS18046: 'd' is of type 'unknown'.
apps/web/pages/domains/[id]/authors.tsx(22,44): error TS7031: Binding element 'params' implicitly has an 'any' type.
apps/web/pages/domains/[id]/content/[contentId].tsx(2,26): error TS2307: Cannot find module '../../../../../components/AppShell' or its corresponding type declarations.
apps/web/pages/domains/[id]/content/[contentId].tsx(3,28): error TS2307: Cannot find module '../../../../../components/DomainTabs' or its corresponding type declarations.
apps/web/pages/domains/[id]/content/[contentId].tsx(4,29): error TS2307: Cannot find module '../../../../../components/editors/AudioEditor' or its corresponding type declarations.
apps/web/pages/domains/[id]/content/[contentId].tsx(5,29): error TS2307: Cannot find module '../../../../../components/editors/ImageEditor' or its corresponding type declarations.
apps/web/pages/domains/[id]/content/[contentId].tsx(6,30): error TS2307: Cannot find module '../../../../../components/editors/SocialEditor' or its corresponding type declarations.
apps/web/pages/domains/[id]/content/[contentId].tsx(7,29): error TS2307: Cannot find module '../../../../../components/editors/VideoEditor' or its corresponding type declarations.
apps/web/pages/domains/[id]/content/[contentId].tsx(8,27): error TS2307: Cannot find module '../../../../../components/editors/WebEditor' or its corresponding type declarations.
apps/web/pages/domains/[id]/content/[contentId].tsx(38,44): error TS7031: Binding element 'params' implicitly has an 'any' type.
apps/web/pages/domains/[id]/content/index.tsx(63,44): error TS7031: Binding element 'params' implicitly has an 'any' type.
apps/web/pages/domains/[id]/content/new.tsx(36,44): error TS7031: Binding element 'params' implicitly has an 'any' type.
apps/web/pages/domains/[id]/email/lead-magnets.tsx(37,44): error TS7031: Binding element 'params' implicitly has an 'any' type.
apps/web/pages/domains/[id]/email/performance.tsx(23,44): error TS7031: Binding element 'params' implicitly has an 'any' type.
apps/web/pages/domains/[id]/email/series.tsx(37,44): error TS7031: Binding element 'params' implicitly has an 'any' type.
apps/web/pages/domains/[id]/email/subscribers.tsx(23,44): error TS7031: Binding element 'params' implicitly has an 'any' type.
apps/web/pages/domains/[id]/health.tsx(19,44): error TS7031: Binding element 'params' implicitly has an 'any' type.
apps/web/pages/domains/[id]/history.tsx(19,44): error TS7031: Binding element 'params' implicitly has an 'any' type.
apps/web/pages/domains/[id]/keywords-decay.tsx(19,44): error TS7031: Binding element 'params' implicitly has an 'any' type.
apps/web/pages/domains/[id]/keywords-map.tsx(29,44): error TS7031: Binding element 'params' implicitly has an 'any' type.
apps/web/pages/domains/[id]/keywords.tsx(33,44): error TS7031: Binding element 'params' implicitly has an 'any' type.
apps/web/pages/domains/[id]/pending.tsx(18,44): error TS7031: Binding element 'params' implicitly has an 'any' type.
apps/web/pages/domains/[id]/personas.tsx(19,44): error TS7031: Binding element 'params' implicitly has an 'any' type.
apps/web/pages/domains/[id]/transfer-readiness.tsx(19,44): error TS7031: Binding element 'params' implicitly has an 'any' type.
control-plane/adapters/affiliate/amazon.ts(125,5): error TS2412: Type 'string | undefined' is not assignable to type 'string' with 'exactOptionalPropertyTypes: true'. Consider adding 'undefined' to the type of the target.
  Type 'undefined' is not assignable to type 'string'.
control-plane/adapters/affiliate/amazon.ts(190,16): error TS2532: Object is possibly 'undefined'.
control-plane/adapters/affiliate/amazon.ts(241,3): error TS2322: Type 'string | undefined' is not assignable to type 'string'.
  Type 'undefined' is not assignable to type 'string'.
control-plane/adapters/affiliate/cj.ts(231,5): error TS2322: Type '{ id: string; name: string; category: string; status: string; commissionTerms: string | undefined; }[]' is not assignable to type '{ id: string; name: string; category: string; status: string; commissionTerms?: string; }[]'.
  Type '{ id: string; name: string; category: string; status: string; commissionTerms: string | undefined; }' is not assignable to type '{ id: string; name: string; category: string; status: string; commissionTerms?: string; }' with 'exactOptionalPropertyTypes: true'. Consider adding 'undefined' to the types of the target's properties.
    Types of property 'commissionTerms' are incompatible.
      Type 'string | undefined' is not assignable to type 'string'.
        Type 'undefined' is not assignable to type 'string'.
control-plane/adapters/affiliate/cj.ts(305,5): error TS2322: Type '{ id: string; name: string; url: string; description: string | undefined; }[]' is not assignable to type '{ id: string; name: string; url: string; description?: string; }[]'.
  Type '{ id: string; name: string; url: string; description: string | undefined; }' is not assignable to type '{ id: string; name: string; url: string; description?: string; }' with 'exactOptionalPropertyTypes: true'. Consider adding 'undefined' to the types of the target's properties.
    Types of property 'description' are incompatible.
      Type 'string | undefined' is not assignable to type 'string'.
        Type 'undefined' is not assignable to type 'string'.
control-plane/adapters/affiliate/impact.ts(150,43): error TS2551: Property 'id' does not exist on type 'ImpactActionDetail'. Did you mean 'Id'?
control-plane/adapters/affiliate/impact.ts(164,42): error TS2551: Property 'id' does not exist on type 'ImpactAction & { ActionDetails?: ImpactActionDetail; }'. Did you mean 'Id'?
control-plane/adapters/affiliate/impact.ts(249,5): error TS2322: Type '{ id: any; name: string; description: string | undefined; status: string; category: string | undefined; currency: string; commissionTerms: string | undefined; trackingLink: string | undefined; }[]' is not assignable to type '{ id: string; name: string; description?: string; status: string; category?: string; currency: string; commissionTerms?: string; trackingLink?: string; }[]'.
  Type '{ id: any; name: string; description: string | undefined; status: string; category: string | undefined; currency: string; commissionTerms: string | undefined; trackingLink: string | undefined; }' is not assignable to type '{ id: string; name: string; description?: string; status: string; category?: string; currency: string; commissionTerms?: string; trackingLink?: string; }' with 'exactOptionalPropertyTypes: true'. Consider adding 'undefined' to the types of the target's properties.
    Types of property 'description' are incompatible.
      Type 'string | undefined' is not assignable to type 'string'.
        Type 'undefined' is not assignable to type 'string'.
control-plane/adapters/affiliate/impact.ts(250,11): error TS2551: Property 'id' does not exist on type '{ Id: string; Name: string; Description?: string; Status: string; Category?: string; Currency: string; TrackingLink?: string; DefaultPayout?: number; PayoutType?: string; }'. Did you mean 'Id'?
control-plane/adapters/affiliate/impact.ts(304,5): error TS2322: Type '{ id: any; name: string; type: string; trackingLink: string; landingPageUrl: string | undefined; creativeUrl: string | undefined; dimensions: { width: number; height: number; } | undefined; }[]' is not assignable to type '{ id: string; name: string; type: string; trackingLink: string; landingPageUrl?: string; creativeUrl?: string; dimensions?: { width: number; height: number; }; }[]'.
  Type '{ id: any; name: string; type: string; trackingLink: string; landingPageUrl: string | undefined; creativeUrl: string | undefined; dimensions: { width: number; height: number; } | undefined; }' is not assignable to type '{ id: string; name: string; type: string; trackingLink: string; landingPageUrl?: string; creativeUrl?: string; dimensions?: { width: number; height: number; }; }' with 'exactOptionalPropertyTypes: true'. Consider adding 'undefined' to the types of the target's properties.
    Types of property 'landingPageUrl' are incompatible.
      Type 'string | undefined' is not assignable to type 'string'.
        Type 'undefined' is not assignable to type 'string'.
control-plane/adapters/affiliate/impact.ts(305,12): error TS2551: Property 'id' does not exist on type '{ Id: string; Name: string; AdType: string; TrackingLink: string; LandingPageUrl?: string; CreativeUrl?: string; Width?: number; Height?: number; }'. Did you mean 'Id'?
control-plane/adapters/affiliate/impact.ts(424,5): error TS2322: Type '{ id: any; name: string; description: string | undefined; code: string | undefined; discount: string | undefined; startDate: string | undefined; endDate: string | undefined; landingPage: string | undefined; }[]' is not assignable to type '{ id: string; name: string; description?: string; code?: string; discount?: string; startDate?: string; endDate?: string; landingPage?: string; }[]'.
  Type '{ id: any; name: string; description: string | undefined; code: string | undefined; discount: string | undefined; startDate: string | undefined; endDate: string | undefined; landingPage: string | undefined; }' is not assignable to type '{ id: string; name: string; description?: string; code?: string; discount?: string; startDate?: string; endDate?: string; landingPage?: string; }' with 'exactOptionalPropertyTypes: true'. Consider adding 'undefined' to the types of the target's properties.
    Types of property 'description' are incompatible.
      Type 'string | undefined' is not assignable to type 'string'.
        Type 'undefined' is not assignable to type 'string'.
control-plane/adapters/affiliate/impact.ts(425,11): error TS2551: Property 'id' does not exist on type '{ Id: string; Name: string; Description?: string; CouponCode?: string; Discount?: string; StartDate?: string; EndDate?: string; LandingPageUrl?: string; }'. Did you mean 'Id'?
control-plane/adapters/affiliate/impact.ts(481,5): error TS2322: Type '{ id: any; code: string; campaignId: string; campaignName: string; status: string; startDate: string | undefined; endDate: string | undefined; }[]' is not assignable to type '{ id: string; code: string; campaignId: string; campaignName: string; status: string; startDate?: string; endDate?: string; }[]'.
  Type '{ id: any; code: string; campaignId: string; campaignName: string; status: string; startDate: string | undefined; endDate: string | undefined; }' is not assignable to type '{ id: string; code: string; campaignId: string; campaignName: string; status: string; startDate?: string; endDate?: string; }' with 'exactOptionalPropertyTypes: true'. Consider adding 'undefined' to the types of the target's properties.
    Types of property 'startDate' are incompatible.
      Type 'string | undefined' is not assignable to type 'string'.
        Type 'undefined' is not assignable to type 'string'.
control-plane/adapters/affiliate/impact.ts(482,11): error TS2551: Property 'id' does not exist on type '{ Id: string; Code: string; CampaignId: string; CampaignName: string; Status: string; StartDate?: string; EndDate?: string; }'. Did you mean 'Id'?
control-plane/adapters/facebook/FacebookAdapter.ts(3,21): error TS2300: Duplicate identifier 'timeoutConfig'.
control-plane/adapters/facebook/FacebookAdapter.ts(9,10): error TS2300: Duplicate identifier 'timeoutConfig'.
control-plane/adapters/facebook/FacebookAdapter.ts(74,5): error TS2412: Type 'string | undefined' is not assignable to type 'string' with 'exactOptionalPropertyTypes: true'. Consider adding 'undefined' to the type of the target.
  Type 'undefined' is not assignable to type 'string'.
control-plane/adapters/keywords/ahrefs.ts(3,21): error TS2300: Duplicate identifier 'timeoutConfig'.
control-plane/adapters/keywords/ahrefs.ts(11,10): error TS2300: Duplicate identifier 'timeoutConfig'.
control-plane/adapters/keywords/ahrefs.ts(93,9): error TS2412: Type 'string | undefined' is not assignable to type 'string' with 'exactOptionalPropertyTypes: true'. Consider adding 'undefined' to the type of the target.
  Type 'undefined' is not assignable to type 'string'.
control-plane/adapters/keywords/ahrefs.ts(187,9): error TS2412: Type 'string | undefined' is not assignable to type 'string' with 'exactOptionalPropertyTypes: true'. Consider adding 'undefined' to the type of the target.
  Type 'undefined' is not assignable to type 'string'.
control-plane/adapters/keywords/ahrefs.ts(256,5): error TS2375: Type '{ healthy: boolean; latency: number; error: string | undefined; }' is not assignable to type '{ healthy: boolean; latency: number; error?: string; }' with 'exactOptionalPropertyTypes: true'. Consider adding 'undefined' to the types of the target's properties.
  Types of property 'error' are incompatible.
    Type 'string | undefined' is not assignable to type 'string'.
      Type 'undefined' is not assignable to type 'string'.
control-plane/adapters/keywords/gsc.ts(1,10): error TS2300: Duplicate identifier 'timeoutConfig'.
control-plane/adapters/keywords/gsc.ts(8,10): error TS2300: Duplicate identifier 'timeoutConfig'.
control-plane/adapters/keywords/gsc.ts(80,5): error TS2322: Type 'string | null | undefined' is not assignable to type 'string | undefined'.
  Type 'null' is not assignable to type 'string | undefined'.
control-plane/adapters/keywords/gsc.ts(119,11): error TS2375: Type '{ startDate: string | undefined; endDate: string | undefined; dimensions: string[]; rowLimit: number; aggregationType: string; }' is not assignable to type 'Schema$SearchAnalyticsQueryRequest' with 'exactOptionalPropertyTypes: true'. Consider adding 'undefined' to the types of the target's properties.
  Types of property 'endDate' are incompatible.
    Type 'string | undefined' is not assignable to type 'string | null'.
      Type 'undefined' is not assignable to type 'string | null'.
control-plane/adapters/keywords/paa.ts(158,5): error TS2412: Type 'string | undefined' is not assignable to type 'string' with 'exactOptionalPropertyTypes: true'. Consider adding 'undefined' to the type of the target.
  Type 'undefined' is not assignable to type 'string'.
control-plane/adapters/keywords/paa.ts(257,5): error TS2412: Type 'string | undefined' is not assignable to type 'string' with 'exactOptionalPropertyTypes: true'. Consider adding 'undefined' to the type of the target.
  Type 'undefined' is not assignable to type 'string'.
control-plane/adapters/keywords/paa.ts(382,5): error TS2375: Type '{ healthy: boolean; latency: number; error?: string | undefined; }' is not assignable to type '{ healthy: boolean; latency: number; error?: string; }' with 'exactOptionalPropertyTypes: true'. Consider adding 'undefined' to the types of the target's properties.
  Types of property 'error' are incompatible.
    Type 'string | undefined' is not assignable to type 'string'.
      Type 'undefined' is not assignable to type 'string'.
control-plane/adapters/linkedin/LinkedInAdapter.ts(3,21): error TS2300: Duplicate identifier 'timeoutConfig'.
control-plane/adapters/linkedin/LinkedInAdapter.ts(9,10): error TS2300: Duplicate identifier 'timeoutConfig'.
control-plane/api/access-log.ts(3,31): error TS7006: Parameter 'req' implicitly has an 'any' type.
control-plane/api/access-log.ts(3,36): error TS7006: Parameter 'context' implicitly has an 'any' type.
control-plane/api/diligence.ts(11,29): error TS2339: Property 'db' does not exist on type 'FastifyInstance<RawServerDefault, IncomingMessage, ServerResponse<IncomingMessage>, FastifyBaseLogger, FastifyTypeProviderDefault>'.
control-plane/api/diligence.ts(14,30): error TS2339: Property 'db' does not exist on type 'FastifyInstance<RawServerDefault, IncomingMessage, ServerResponse<IncomingMessage>, FastifyBaseLogger, FastifyTypeProviderDefault>'.
control-plane/api/diligence.ts(24,29): error TS2339: Property 'db' does not exist on type 'FastifyInstance<RawServerDefault, IncomingMessage, ServerResponse<IncomingMessage>, FastifyBaseLogger, FastifyTypeProviderDefault>'.
control-plane/api/diligence.ts(27,29): error TS2339: Property 'db' does not exist on type 'FastifyInstance<RawServerDefault, IncomingMessage, ServerResponse<IncomingMessage>, FastifyBaseLogger, FastifyTypeProviderDefault>'.
control-plane/api/diligence.ts(32,33): error TS2339: Property 'db' does not exist on type 'FastifyInstance<RawServerDefault, IncomingMessage, ServerResponse<IncomingMessage>, FastifyBaseLogger, FastifyTypeProviderDefault>'.
control-plane/api/diligence.ts(46,29): error TS2339: Property 'db' does not exist on type 'FastifyInstance<RawServerDefault, IncomingMessage, ServerResponse<IncomingMessage>, FastifyBaseLogger, FastifyTypeProviderDefault>'.
control-plane/api/diligence.ts(49,25): error TS2339: Property 'db' does not exist on type 'FastifyInstance<RawServerDefault, IncomingMessage, ServerResponse<IncomingMessage>, FastifyBaseLogger, FastifyTypeProviderDefault>'.
control-plane/api/exports/diligence-exports.ts(29,29): error TS2339: Property 'db' does not exist on type 'FastifyInstance<RawServerDefault, IncomingMessage, ServerResponse<IncomingMessage>, FastifyBaseLogger, FastifyTypeProviderDefault>'.
control-plane/api/exports/diligence-exports.ts(32,30): error TS2339: Property 'db' does not exist on type 'FastifyInstance<RawServerDefault, IncomingMessage, ServerResponse<IncomingMessage>, FastifyBaseLogger, FastifyTypeProviderDefault>'.
control-plane/api/exports/diligence-exports.ts(46,29): error TS2339: Property 'db' does not exist on type 'FastifyInstance<RawServerDefault, IncomingMessage, ServerResponse<IncomingMessage>, FastifyBaseLogger, FastifyTypeProviderDefault>'.
control-plane/api/exports/diligence-exports.ts(49,25): error TS2339: Property 'db' does not exist on type 'FastifyInstance<RawServerDefault, IncomingMessage, ServerResponse<IncomingMessage>, FastifyBaseLogger, FastifyTypeProviderDefault>'.
control-plane/api/exports/diligence-exports.ts(66,29): error TS2339: Property 'db' does not exist on type 'FastifyInstance<RawServerDefault, IncomingMessage, ServerResponse<IncomingMessage>, FastifyBaseLogger, FastifyTypeProviderDefault>'.
control-plane/api/exports/diligence-exports.ts(69,30): error TS2339: Property 'db' does not exist on type 'FastifyInstance<RawServerDefault, IncomingMessage, ServerResponse<IncomingMessage>, FastifyBaseLogger, FastifyTypeProviderDefault>'.
control-plane/api/http.ts(220,3): error TS2412: Type 'string | undefined' is not assignable to type 'string' with 'exactOptionalPropertyTypes: true'. Consider adding 'undefined' to the type of the target.
  Type 'undefined' is not assignable to type 'string'.
control-plane/api/http.ts(255,9): error TS2554: Expected 2 arguments, but got 1.
control-plane/api/http.ts(256,36): error TS2554: Expected 1 arguments, but got 2.
control-plane/api/intent-guard.ts(29,18): error TS2430: Interface 'RequestWithDb' incorrectly extends interface 'FastifyRequest<RouteGenericInterface, RawServerDefault, IncomingMessage, FastifySchema, FastifyTypeProviderDefault, unknown, FastifyBaseLogger, ResolveFastifyRequestType<...>>'.
  Types of property 'server' are incompatible.
    Type '{ db?: { human_intents?: { findOne: (id: string) => Promise<Intent | null>; }; }; }' is missing the following properties from type 'FastifyInstance<RawServerDefault, IncomingMessage, ServerResponse<IncomingMessage>, FastifyBaseLogger, FastifyTypeProviderDefault>': server, pluginName, prefix, version, and 60 more.
control-plane/api/middleware/cache.ts(98,24): error TS2379: Argument of type '{ maxAge: number | undefined; private: true; }' is not assignable to parameter of type '{ etag?: string; maxAge?: number; staleWhileRevalidate?: number; private?: boolean; noCache?: boolean; }' with 'exactOptionalPropertyTypes: true'. Consider adding 'undefined' to the types of the target's properties.
  Types of property 'maxAge' are incompatible.
    Type 'number | undefined' is not assignable to type 'number'.
      Type 'undefined' is not assignable to type 'number'.
control-plane/api/middleware/request-logger.ts(16,18): error TS2430: Interface 'AuthenticatedRequest' incorrectly extends interface 'FastifyRequest<RouteGenericInterface, RawServerDefault, IncomingMessage, FastifySchema, FastifyTypeProviderDefault, unknown, FastifyBaseLogger, ResolveFastifyRequestType<...>>'.
  Types of property 'auth' are incompatible.
    Type 'AuthContext | undefined' is not assignable to type 'AuthContext'.
      Type 'undefined' is not assignable to type 'AuthContext'.
control-plane/api/middleware/request-logger.ts(100,11): error TS2741: Property 'duration' is missing in type '{ timestamp: string; method: string; url: string; path: string; query: Record<string, any>; headers: { 'user-agent': string | undefined; 'content-type': string; 'x-request-id': string; }; ip: string; userId: string | undefined; orgId: string | undefined; statusCode: number; }' but required in type 'RequestLog'.
control-plane/api/rate-limit-read.ts(168,24): error TS2532: Object is possibly 'undefined'.
control-plane/api/rate-limit-read.ts(172,3): error TS2741: Property 'resetTime' is missing in type '{ allowed: false; remaining: number; }' but required in type '{ allowed: boolean; remaining: number; resetTime: number; }'.
control-plane/api/rate-limit-read.ts(178,3): error TS2741: Property 'resetTime' is missing in type '{ allowed: true; remaining: number; }' but required in type '{ allowed: boolean; remaining: number; resetTime: number; }'.
control-plane/api/rate-limit-read.ts(258,5): error TS2741: Property 'resetTime' is missing in type '{ remaining: number; limited: boolean; }' but required in type '{ remaining: number; resetTime: number; limited: boolean; }'.
control-plane/api/roi-risk.ts(11,25): error TS2339: Property 'db' does not exist on type 'FastifyInstance<RawServerDefault, IncomingMessage, ServerResponse<IncomingMessage>, FastifyBaseLogger, FastifyTypeProviderDefault>'.
control-plane/api/routes/affiliates.ts(67,21): error TS2345: Argument of type 'number' is not assignable to parameter of type 'string'.
control-plane/api/routes/apps-api-routes.ts(92,15): error TS2484: Export declaration conflicts with exported declaration of 'RouteModule'.
control-plane/api/routes/billing-invoices.ts(40,5): error TS2322: Type '"2024-06-20"' is not assignable to type '"2023-10-16"'.
control-plane/api/routes/billing-invoices.ts(103,5): error TS2322: Type '"2024-06-20"' is not assignable to type '"2023-10-16"'.
control-plane/api/routes/content.ts(72,14): error TS2339: Property 'code' does not exist on type '{}'.
control-plane/api/routes/content.ts(75,14): error TS2339: Property 'code' does not exist on type '{}'.
control-plane/api/routes/content.ts(78,14): error TS2339: Property 'name' does not exist on type '{}'.
control-plane/api/routes/content.ts(98,17): error TS2345: Argument of type '{ orgId: string; userId: string; role: string; }' is not assignable to parameter of type 'AuthContext'.
  Types of property 'role' are incompatible.
    Type 'string' is not assignable to type 'Role | undefined'.
control-plane/api/routes/content.ts(214,17): error TS2345: Argument of type '{ orgId: string; userId: string; role: string; }' is not assignable to parameter of type 'AuthContext'.
  Types of property 'role' are incompatible.
    Type 'string' is not assignable to type 'Role | undefined'.
control-plane/api/routes/content.ts(253,5): error TS2345: Argument of type 'string | undefined' is not assignable to parameter of type 'string'.
  Type 'undefined' is not assignable to type 'string'.
control-plane/api/routes/content.ts(274,17): error TS2345: Argument of type '{ orgId: string; userId: string; role: string; }' is not assignable to parameter of type 'AuthContext'.
  Types of property 'role' are incompatible.
    Type 'string' is not assignable to type 'Role | undefined'.
control-plane/api/routes/content.ts(319,17): error TS2345: Argument of type '{ orgId: string; userId: string; role: string; }' is not assignable to parameter of type 'AuthContext'.
  Types of property 'role' are incompatible.
    Type 'string' is not assignable to type 'Role | undefined'.
control-plane/api/routes/content.ts(367,57): error TS2345: Argument of type 'string | undefined' is not assignable to parameter of type 'string'.
  Type 'undefined' is not assignable to type 'string'.
control-plane/api/routes/content.ts(384,17): error TS2345: Argument of type '{ orgId: string; userId: string; role: string; }' is not assignable to parameter of type 'AuthContext'.
  Types of property 'role' are incompatible.
    Type 'string' is not assignable to type 'Role | undefined'.
control-plane/api/routes/content.ts(432,17): error TS2345: Argument of type '{ orgId: string; userId: string; role: string; }' is not assignable to parameter of type 'AuthContext'.
  Types of property 'role' are incompatible.
    Type 'string' is not assignable to type 'Role | undefined'.
control-plane/api/routes/guardrails.ts(74,24): error TS2345: Argument of type 'string | number | boolean | Record<string, unknown>' is not assignable to parameter of type 'boolean'.
  Type 'string' is not assignable to type 'boolean'.
control-plane/api/routes/guardrails.ts(131,29): error TS2339: Property 'get' does not exist on type 'FlagService'.
control-plane/api/routes/guardrails.ts(156,34): error TS2339: Property 'list' does not exist on type 'AlertService'.
control-plane/api/routes/llm.ts(54,18): error TS2430: Interface 'AuthenticatedRequest' incorrectly extends interface 'FastifyRequest<RouteGenericInterface, RawServerDefault, IncomingMessage, FastifySchema, FastifyTypeProviderDefault, unknown, FastifyBaseLogger, ResolveFastifyRequestType<...>>'.
  The types of 'auth.domainId' are incompatible between these types.
    Type 'string | undefined' is not assignable to type 'string'.
      Type 'undefined' is not assignable to type 'string'.
control-plane/api/routes/media-lifecycle.ts(22,18): error TS2430: Interface 'AuthenticatedRequest' incorrectly extends interface 'FastifyRequest<RouteGenericInterface, RawServerDefault, IncomingMessage, FastifySchema, FastifyTypeProviderDefault, unknown, FastifyBaseLogger, ResolveFastifyRequestType<...>>'.
  The types of 'auth.domainId' are incompatible between these types.
    Type 'string | undefined' is not assignable to type 'string'.
      Type 'undefined' is not assignable to type 'string'.
control-plane/api/routes/media-lifecycle.ts(67,21): error TS2339: Property 'getHotCount' does not exist on type 'MediaLifecycleService'.
control-plane/api/routes/media-lifecycle.ts(78,11): error TS2739: Type '{}' is missing the following properties from type 'LifecycleStats': hot, coldCandidates
control-plane/api/routes/media.ts(43,18): error TS2430: Interface 'AuthenticatedRequest' incorrectly extends interface 'FastifyRequest<RouteGenericInterface, RawServerDefault, IncomingMessage, FastifySchema, FastifyTypeProviderDefault, unknown, FastifyBaseLogger, ResolveFastifyRequestType<...>>'.
  The types of 'auth.domainId' are incompatible between these types.
    Type 'string | undefined' is not assignable to type 'string'.
      Type 'undefined' is not assignable to type 'string'.
control-plane/api/routes/media.ts(77,46): error TS2345: Argument of type 'string' is not assignable to parameter of type 'Pool'.
control-plane/api/routes/media.ts(127,46): error TS2345: Argument of type 'string' is not assignable to parameter of type 'Pool'.
control-plane/api/routes/notifications-admin.ts(18,10): error TS18047: 'result.rowCount' is possibly 'null'.
control-plane/api/routes/notifications-admin.ts(42,19): error TS2345: Argument of type 'import("E:/SmartBeak/control-plane/api/routes/notifications-admin").AuthContext' is not assignable to parameter of type 'import("E:/SmartBeak/control-plane/services/auth").AuthContext'.
  Types of property 'roles' are incompatible.
    Type 'string[]' is not assignable to type 'Role[]'.
      Type 'string' is not assignable to type 'Role'.
control-plane/api/routes/notifications-admin.ts(64,19): error TS2345: Argument of type 'import("E:/SmartBeak/control-plane/api/routes/notifications-admin").AuthContext' is not assignable to parameter of type 'import("E:/SmartBeak/control-plane/services/auth").AuthContext'.
  Types of property 'roles' are incompatible.
    Type 'string[]' is not assignable to type 'Role[]'.
      Type 'string' is not assignable to type 'Role'.
control-plane/api/routes/notifications-admin.ts(100,19): error TS2345: Argument of type 'import("E:/SmartBeak/control-plane/api/routes/notifications-admin").AuthContext' is not assignable to parameter of type 'import("E:/SmartBeak/control-plane/services/auth").AuthContext'.
  Types of property 'roles' are incompatible.
    Type 'string[]' is not assignable to type 'Role[]'.
      Type 'string' is not assignable to type 'Role'.
control-plane/api/routes/notifications-admin.ts(105,37): error TS2345: Argument of type 'string' is not assignable to parameter of type 'number'.
control-plane/api/routes/notifications-admin.ts(121,19): error TS2345: Argument of type 'import("E:/SmartBeak/control-plane/api/routes/notifications-admin").AuthContext' is not assignable to parameter of type 'import("E:/SmartBeak/control-plane/services/auth").AuthContext'.
  Types of property 'roles' are incompatible.
    Type 'string[]' is not assignable to type 'Role[]'.
      Type 'string' is not assignable to type 'Role'.
control-plane/api/routes/notifications-admin.ts(144,19): error TS2345: Argument of type 'import("E:/SmartBeak/control-plane/api/routes/notifications-admin").AuthContext' is not assignable to parameter of type 'import("E:/SmartBeak/control-plane/services/auth").AuthContext'.
  Types of property 'roles' are incompatible.
    Type 'string[]' is not assignable to type 'Role[]'.
      Type 'string' is not assignable to type 'Role'.
control-plane/api/routes/notifications.ts(27,18): error TS2430: Interface 'AuthenticatedRequest' incorrectly extends interface 'FastifyRequest<RouteGenericInterface, RawServerDefault, IncomingMessage, FastifySchema, FastifyTypeProviderDefault, unknown, FastifyBaseLogger, ResolveFastifyRequestType<...>>'.
  The types of 'auth.domainId' are incompatible between these types.
    Type 'string | undefined' is not assignable to type 'string'.
      Type 'undefined' is not assignable to type 'string'.
control-plane/api/routes/notifications.ts(183,66): error TS2345: Argument of type '"immediate" | "daily" | "weekly" | undefined' is not assignable to parameter of type '"immediate" | "daily" | "weekly"'.
  Type 'undefined' is not assignable to type '"immediate" | "daily" | "weekly"'.
control-plane/api/routes/onboarding.ts(15,18): error TS2430: Interface 'AuthenticatedRequest' incorrectly extends interface 'FastifyRequest<RouteGenericInterface, RawServerDefault, IncomingMessage, FastifySchema, FastifyTypeProviderDefault, unknown, FastifyBaseLogger, ResolveFastifyRequestType<...>>'.
  The types of 'auth.domainId' are incompatible between these types.
    Type 'string | undefined' is not assignable to type 'string'.
      Type 'undefined' is not assignable to type 'string'.
control-plane/api/routes/onboarding.ts(109,41): error TS2345: Argument of type 'string' is not assignable to parameter of type '"billing" | "profile" | "team"'.
control-plane/api/routes/orgs.ts(13,18): error TS2430: Interface 'AuthenticatedRequest' incorrectly extends interface 'FastifyRequest<RouteGenericInterface, RawServerDefault, IncomingMessage, FastifySchema, FastifyTypeProviderDefault, unknown, FastifyBaseLogger, ResolveFastifyRequestType<...>>'.
  The types of 'auth.domainId' are incompatible between these types.
    Type 'string | undefined' is not assignable to type 'string'.
      Type 'undefined' is not assignable to type 'string'.
control-plane/api/routes/planning.ts(11,18): error TS2430: Interface 'AuthenticatedRequest' incorrectly extends interface 'FastifyRequest<RouteGenericInterface, RawServerDefault, IncomingMessage, FastifySchema, FastifyTypeProviderDefault, unknown, FastifyBaseLogger, ResolveFastifyRequestType<...>>'.
  The types of 'auth.domainId' are incompatible between these types.
    Type 'string | undefined' is not assignable to type 'string'.
      Type 'undefined' is not assignable to type 'string'.
control-plane/api/routes/portfolio.ts(15,18): error TS2430: Interface 'AuthenticatedRequest' incorrectly extends interface 'FastifyRequest<RouteGenericInterface, RawServerDefault, IncomingMessage, FastifySchema, FastifyTypeProviderDefault, unknown, FastifyBaseLogger, ResolveFastifyRequestType<...>>'.
  Types of property 'auth' are incompatible.
    Type '{ userId: string; orgId: string; roles: string[]; } | null' is not assignable to type 'AuthContext'.
      Type 'null' is not assignable to type 'AuthContext'.
control-plane/api/routes/portfolio.ts(32,17): error TS2345: Argument of type '{ userId: string; orgId: string; roles: string[]; }' is not assignable to parameter of type 'AuthContext'.
  Types of property 'roles' are incompatible.
    Type 'string[]' is not assignable to type 'Role[]'.
      Type 'string' is not assignable to type 'Role'.
control-plane/api/routes/portfolio.ts(90,17): error TS2345: Argument of type '{ userId: string; orgId: string; roles: string[]; }' is not assignable to parameter of type 'AuthContext'.
  Types of property 'roles' are incompatible.
    Type 'string[]' is not assignable to type 'Role[]'.
      Type 'string' is not assignable to type 'Role'.
control-plane/api/routes/publishing-create-job.ts(23,3): error TS1184: Modifiers cannot appear here.
control-plane/api/routes/publishing-create-job.ts(38,17): error TS2345: Argument of type '{ userId: string; orgId: string; domainId?: string; roles: string[]; }' is not assignable to parameter of type 'AuthContext'.
  Types of property 'roles' are incompatible.
    Type 'string[]' is not assignable to type 'Role[]'.
      Type 'string' is not assignable to type 'Role'.
control-plane/api/routes/publishing-create-job.ts(54,5): error TS2322: Type 'string | undefined' is not assignable to type 'string'.
  Type 'undefined' is not assignable to type 'string'.
control-plane/api/routes/publishing-preview.ts(21,18): error TS2430: Interface 'AuthenticatedRequest' incorrectly extends interface 'FastifyRequest<RouteGenericInterface, RawServerDefault, IncomingMessage, FastifySchema, FastifyTypeProviderDefault, unknown, FastifyBaseLogger, ResolveFastifyRequestType<...>>'.
  The types of 'auth.domainId' are incompatible between these types.
    Type 'string | undefined' is not assignable to type 'string'.
      Type 'undefined' is not assignable to type 'string'.
control-plane/api/routes/publishing-preview.ts(54,33): error TS2339: Property 'content_id' does not exist on type 'unknown'.
control-plane/api/routes/themes.ts(13,18): error TS2430: Interface 'AuthenticatedRequest' incorrectly extends interface 'FastifyRequest<RouteGenericInterface, RawServerDefault, IncomingMessage, FastifySchema, FastifyTypeProviderDefault, unknown, FastifyBaseLogger, ResolveFastifyRequestType<...>>'.
  Types of property 'auth' are incompatible.
    Type '{ userId: string; orgId: string; role: string; } | null' is not assignable to type 'AuthContext'.
      Type 'null' is not assignable to type 'AuthContext'.
control-plane/api/routes/themes.ts(69,27): error TS2352: Conversion of type 'FastifyRequest<RouteGenericInterface, RawServerDefault, IncomingMessage, FastifySchema, FastifyTypeProviderDefault, unknown, FastifyBaseLogger, ResolveFastifyRequestType<...>>' to type 'AuthenticatedRequest' may be a mistake because neither type sufficiently overlaps with the other. If this was intentional, convert the expression to 'unknown' first.
  Types of property 'auth' are incompatible.
    Property 'role' is missing in type 'AuthContext' but required in type '{ userId: string; orgId: string; role: string; }'.
control-plane/api/routes/themes.ts(73,17): error TS2345: Argument of type '{ userId: string; orgId: string; role: string; }' is not assignable to parameter of type 'AuthContext'.
  Types of property 'role' are incompatible.
    Type 'string' is not assignable to type 'Role | undefined'.
control-plane/api/routes/timeline.ts(15,18): error TS2430: Interface 'AuthenticatedRequest' incorrectly extends interface 'FastifyRequest<RouteGenericInterface, RawServerDefault, IncomingMessage, FastifySchema, FastifyTypeProviderDefault, unknown, FastifyBaseLogger, ResolveFastifyRequestType<...>>'.
  Types of property 'auth' are incompatible.
    Type '{ userId: string; orgId: string; role: string; } | null' is not assignable to type 'AuthContext'.
      Type 'null' is not assignable to type 'AuthContext'.
control-plane/api/routes/timeline.ts(57,27): error TS2352: Conversion of type 'FastifyRequest<RouteGenericInterface, RawServerDefault, IncomingMessage, FastifySchema, FastifyTypeProviderDefault, unknown, FastifyBaseLogger, ResolveFastifyRequestType<...>>' to type 'AuthenticatedRequest' may be a mistake because neither type sufficiently overlaps with the other. If this was intentional, convert the expression to 'unknown' first.
  Types of property 'auth' are incompatible.
    Property 'role' is missing in type 'AuthContext' but required in type '{ userId: string; orgId: string; role: string; }'.
control-plane/api/routes/timeline.ts(58,17): error TS2345: Argument of type '{ userId: string; orgId: string; role: string; } | null' is not assignable to parameter of type 'AuthContext'.
  Type 'null' is not assignable to type 'AuthContext'.
control-plane/api/routes/timeline.ts(60,13): error TS2339: Property 'orgId' does not exist on type '{ userId: string; orgId: string; role: string; } | null'.
control-plane/api/routes/timeline.ts(144,27): error TS2352: Conversion of type 'FastifyRequest<RouteGenericInterface, RawServerDefault, IncomingMessage, FastifySchema, FastifyTypeProviderDefault, unknown, FastifyBaseLogger, ResolveFastifyRequestType<...>>' to type 'AuthenticatedRequest' may be a mistake because neither type sufficiently overlaps with the other. If this was intentional, convert the expression to 'unknown' first.
  Types of property 'auth' are incompatible.
    Property 'role' is missing in type 'AuthContext' but required in type '{ userId: string; orgId: string; role: string; }'.
control-plane/api/routes/timeline.ts(145,17): error TS2345: Argument of type '{ userId: string; orgId: string; role: string; } | null' is not assignable to parameter of type 'AuthContext'.
  Type 'null' is not assignable to type 'AuthContext'.
control-plane/api/routes/timeline.ts(160,53): error TS18047: 'ctx' is possibly 'null'.
control-plane/api/routes/timeline.ts(172,16): error TS18047: 'ctx' is possibly 'null'.
control-plane/api/routes/usage.ts(18,18): error TS2430: Interface 'AuthenticatedRequest' incorrectly extends interface 'FastifyRequest<RouteGenericInterface, RawServerDefault, IncomingMessage, FastifySchema, FastifyTypeProviderDefault, unknown, FastifyBaseLogger, ResolveFastifyRequestType<...>>'.
  The types of 'auth.domainId' are incompatible between these types.
    Type 'string | undefined' is not assignable to type 'string'.
      Type 'undefined' is not assignable to type 'string'.
control-plane/api/routes/usage.ts(56,5): error TS2739: Type 'Record<string, unknown>' is missing the following properties from type 'UsageStats': orgId, period, totalRequests, totalTokens, costEstimate
control-plane/api/timeline.ts(11,25): error TS2339: Property 'db' does not exist on type 'FastifyInstance<RawServerDefault, IncomingMessage, ServerResponse<IncomingMessage>, FastifyBaseLogger, FastifyTypeProviderDefault>'.
control-plane/api/types.ts(5,10): error TS1205: Re-exporting a type when 'isolatedModules' is enabled requires using 'export type'.
control-plane/api/types.ts(5,23): error TS1205: Re-exporting a type when 'isolatedModules' is enabled requires using 'export type'.
control-plane/api/types.ts(13,18): error TS2430: Interface 'AuthenticatedRequest' incorrectly extends interface 'FastifyRequest<RouteGenericInterface, RawServerDefault, IncomingMessage, FastifySchema, FastifyTypeProviderDefault, unknown, FastifyBaseLogger, ResolveFastifyRequestType<...>>'.
  The types of 'auth.domainId' are incompatible between these types.
    Type 'string | undefined' is not assignable to type 'string'.
      Type 'undefined' is not assignable to type 'string'.
control-plane/api/types.ts(22,61): error TS2677: A type predicate's type must be assignable to its parameter's type.
  Type 'AuthenticatedRequest' is not assignable to type 'FastifyRequest<RouteGenericInterface, RawServerDefault, IncomingMessage, FastifySchema, FastifyTypeProviderDefault, unknown, FastifyBaseLogger, ResolveFastifyRequestType<...>>' with 'exactOptionalPropertyTypes: true'. Consider adding 'undefined' to the types of the target's properties.
    The types of 'auth.domainId' are incompatible between these types.
      Type 'string | undefined' is not assignable to type 'string'.
        Type 'undefined' is not assignable to type 'string'.
control-plane/jobs/content-scheduler.ts(35,46): error TS2345: Argument of type 'string' is not assignable to parameter of type 'Pool'.
control-plane/services/affiliate-revenue-confidence.ts(50,50): error TS2353: Object literal may only specify known properties, and 'error' does not exist in type 'Error'.
control-plane/services/ai-advisory-recorder.ts(115,59): error TS2532: Object is possibly 'undefined'.
control-plane/services/ai-advisory-recorder.ts(117,3): error TS2322: Type 'AiAdvisoryArtifact | undefined' is not assignable to type 'AiAdvisoryArtifact'.
  Type 'undefined' is not assignable to type 'AiAdvisoryArtifact'.
control-plane/services/ai-advisory-recorder.ts(119,49): error TS2353: Object literal may only specify known properties, and 'error' does not exist in type 'Error'.
control-plane/services/analytics-read-model.ts(14,46): error TS2345: Argument of type 'number' is not assignable to parameter of type 'CacheOptions'.
control-plane/services/analytics-read-model.ts(107,3): error TS1184: Modifiers cannot appear here.
control-plane/services/api-key-vault.ts(1,24): error TS7016: Could not find a declaration file for module 'fernet'. 'E:/SmartBeak/node_modules/fernet/fernet.js' implicitly has an 'any' type.
  Try `npm i --save-dev @types/fernet` if it exists or add a new declaration (.d.ts) file containing `declare module 'fernet';`
control-plane/services/batch.ts(195,19): error TS2322: Type 'T | undefined' is not assignable to type 'T'.
  'T' could be instantiated with an arbitrary type which could be unrelated to 'T | undefined'.
control-plane/services/cache.ts(249,5): error TS2412: Type 'Timeout | undefined' is not assignable to type 'Timeout' with 'exactOptionalPropertyTypes: true'. Consider adding 'undefined' to the type of the target.
  Type 'undefined' is not assignable to type 'Timeout'.
control-plane/services/cache.ts(259,26): error TS2379: Argument of type '{ ttlMs: number; maxSize: number | undefined; }' is not assignable to parameter of type 'CacheOptions' with 'exactOptionalPropertyTypes: true'. Consider adding 'undefined' to the types of the target's properties.
  Types of property 'maxSize' are incompatible.
    Type 'number | undefined' is not assignable to type 'number'.
      Type 'undefined' is not assignable to type 'number'.
control-plane/services/container.ts(64,44): error TS2344: Type 'unknown' does not satisfy the constraint '{}'.
control-plane/services/container.ts(168,5): error TS2345: Argument of type 'import("E:/SmartBeak/control-plane/services/container").PublishAdapter' is not assignable to parameter of type 'import("E:/SmartBeak/domains/publishing/application/ports/PublishAdapter").PublishAdapter'.
  The types returned by 'publish(...)' are incompatible between these types.
    Type 'Promise<PublishResult>' is not assignable to type 'Promise<void>'.
      Type 'PublishResult' is not assignable to type 'void'.
control-plane/services/container.ts(213,5): error TS2345: Argument of type 'unknown' is not assignable to parameter of type 'IndexingJobRepository'.
control-plane/services/container.ts(250,39): error TS2345: Argument of type '{ pageAccessToken: string; }' is not assignable to parameter of type 'string'.
control-plane/services/container.ts(252,22): error TS2339: Property 'publish' does not exist on type 'FacebookAdapter'.
control-plane/services/container.ts(255,10): error TS2352: Conversion of type 'FacebookAdapter' to type 'PublishAdapter' may be a mistake because neither type sufficiently overlaps with the other. If this was intentional, convert the expression to 'unknown' first.
  Property 'publish' is missing in type 'FacebookAdapter' but required in type 'PublishAdapter'.
control-plane/services/container.ts(263,5): error TS2322: Type '(message: EmailMessage) => Promise<void>' is not assignable to type '(input: SendNotificationInput) => Promise<DeliveryResult>'.
  Types of parameters 'message' and 'input' are incompatible.
    Type 'SendNotificationInput' is not assignable to type 'EmailMessage'.
      Index signature for type 'string' is missing in type 'SendNotificationInput'.
control-plane/services/container.ts(275,5): error TS2322: Type '(message: SlackMessage) => Promise<void>' is not assignable to type '(input: SendNotificationInput) => Promise<DeliveryResult>'.
  Types of parameters 'message' and 'input' are incompatible.
    Type 'SendNotificationInput' is not assignable to type 'SlackMessage'.
      Index signature for type 'string' is missing in type 'SendNotificationInput'.
control-plane/services/container.ts(300,43): error TS2345: Argument of type '{ pageAccessToken?: string; }' is not assignable to parameter of type 'string'.
control-plane/services/container.ts(301,26): error TS2339: Property 'publish' does not exist on type 'FacebookAdapter'.
control-plane/services/container.ts(304,12): error TS2352: Conversion of type 'FacebookAdapter' to type 'PublishAdapter' may be a mistake because neither type sufficiently overlaps with the other. If this was intentional, convert the expression to 'unknown' first.
  Property 'publish' is missing in type 'FacebookAdapter' but required in type 'PublishAdapter'.
control-plane/services/container.ts(311,43): error TS2345: Argument of type '{ accessToken?: string; }' is not assignable to parameter of type 'string'.
control-plane/services/container.ts(312,26): error TS2339: Property 'publish' does not exist on type 'LinkedInAdapter'.
control-plane/services/container.ts(315,12): error TS2352: Conversion of type 'LinkedInAdapter' to type 'PublishAdapter' may be a mistake because neither type sufficiently overlaps with the other. If this was intentional, convert the expression to 'unknown' first.
  Property 'publish' is missing in type 'LinkedInAdapter' but required in type 'PublishAdapter'.
control-plane/services/content-genesis-writer.ts(135,14): error TS2352: Conversion of type 'ContentGenesisInput' to type 'Record<string, unknown>' may be a mistake because neither type sufficiently overlaps with the other. If this was intentional, convert the expression to 'unknown' first.
  Index signature for type 'string' is missing in type 'ContentGenesisInput'.
control-plane/services/cost-metrics.ts(63,32): error TS2532: Object is possibly 'undefined'.
control-plane/services/cost-metrics.ts(67,15): error TS2532: Object is possibly 'undefined'.
control-plane/services/dlq.ts(20,10): error TS1205: Re-exporting a type when 'isolatedModules' is enabled requires using 'export type'.
control-plane/services/domain-activity.ts(211,38): error TS2322: Type 'DomainActivity | undefined' is not assignable to type 'DomainActivity | null'.
  Type 'undefined' is not assignable to type 'DomainActivity | null'.
control-plane/services/jwt.ts(7,27): error TS2307: Cannot find module '@kernel/auth' or its corresponding type declarations.
control-plane/services/jwt.ts(141,8): error TS2339: Property 'name' does not exist on type 'InvalidKeyError'.
control-plane/services/jwt.ts(175,26): error TS2345: Argument of type 'string | undefined' is not assignable to parameter of type 'string'.
  Type 'undefined' is not assignable to type 'string'.
control-plane/services/jwt.ts(176,16): error TS2532: Object is possibly 'undefined'.
control-plane/services/jwt.ts(321,28): error TS2769: No overload matches this call.
  Overload 1 of 5, '(payload: string | object | Buffer<ArrayBufferLike>, secretOrPrivateKey: null, options?: (SignOptions & { algorithm: "none"; }) | undefined): string', gave the following error.
    Argument of type 'string | undefined' is not assignable to parameter of type 'null'.
      Type 'undefined' is not assignable to type 'null'.
  Overload 2 of 5, '(payload: string | object | Buffer<ArrayBufferLike>, secretOrPrivateKey: Buffer<ArrayBufferLike> | Secret | JsonWebKeyInput | PrivateKeyInput, options?: SignOptions | undefined): string', gave the following error.
    Argument of type 'string | undefined' is not assignable to parameter of type 'Buffer<ArrayBufferLike> | Secret | JsonWebKeyInput | PrivateKeyInput'.
      Type 'undefined' is not assignable to type 'Buffer<ArrayBufferLike> | Secret | JsonWebKeyInput | PrivateKeyInput'.
  Overload 3 of 5, '(payload: string | object | Buffer<ArrayBufferLike>, secretOrPrivateKey: Buffer<ArrayBufferLike> | Secret | JsonWebKeyInput | PrivateKeyInput, callback: SignCallback): void', gave the following error.
    Argument of type 'string | undefined' is not assignable to parameter of type 'Buffer<ArrayBufferLike> | Secret | JsonWebKeyInput | PrivateKeyInput'.
      Type 'undefined' is not assignable to type 'Buffer<ArrayBufferLike> | Secret | JsonWebKeyInput | PrivateKeyInput'.
control-plane/services/jwt.ts(443,57): error TS2307: Cannot find module '@kernel/auth' or its corresponding type declarations.
control-plane/services/jwt.ts(492,3): error TS2375: Type '{ jti: string; sub: string; role: UserRole; orgId: string | undefined; issuedAt: Date; expiresAt: Date; isRevoked: false; }' is not assignable to type 'TokenInfo' with 'exactOptionalPropertyTypes: true'. Consider adding 'undefined' to the types of the target's properties.
  Types of property 'orgId' are incompatible.
    Type 'string | undefined' is not assignable to type 'string'.
      Type 'undefined' is not assignable to type 'string'.
control-plane/services/jwt.ts(517,20): error TS2379: Argument of type '{ sub: string; role: UserRole; orgId: string | undefined; aud: string | undefined; iss: string | undefined; }' is not assignable to parameter of type 'SignTokenInput' with 'exactOptionalPropertyTypes: true'. Consider adding 'undefined' to the types of the target's properties.
  Types of property 'orgId' are incompatible.
    Type 'string | undefined' is not assignable to type 'string'.
      Type 'undefined' is not assignable to type 'string'.
control-plane/services/keyword-dedup-cluster.ts(79,11): error TS2430: Interface 'PoolClientWithParams' incorrectly extends interface 'PoolClient'.
  The types returned by 'query(...)' are incompatible between these types.
    Type 'Promise<{ rows: { id: string; }[]; }>' is not assignable to type 'Promise<void>'.
      Type '{ rows: { id: string; }[]; }' is not assignable to type 'void'.
control-plane/services/keyword-dedup-cluster.ts(100,18): error TS2352: Conversion of type 'PoolClient' to type 'PoolClientWithParams' may be a mistake because neither type sufficiently overlaps with the other. If this was intentional, convert the expression to 'unknown' first.
  The types returned by 'query(...)' are incompatible between these types.
    Type 'Promise<void>' is not comparable to type 'Promise<{ rows: { id: string; }[]; }>'.
      Type 'void' is not comparable to type '{ rows: { id: string; }[]; }'.
control-plane/services/keyword-dedup-cluster.ts(109,21): error TS2532: Object is possibly 'undefined'.
control-plane/services/keyword-ingestion.ts(67,28): error TS2339: Property 'source' does not exist on type 'typeof AhrefsAdapter | typeof GscAdapter | typeof PaaAdapter'.
  Property 'source' does not exist on type 'typeof AhrefsAdapter'.
control-plane/services/keyword-ingestion.ts(73,21): error TS2339: Property 'source' does not exist on type 'typeof AhrefsAdapter | typeof GscAdapter | typeof PaaAdapter'.
  Property 'source' does not exist on type 'typeof AhrefsAdapter'.
control-plane/services/keyword-ingestion.ts(78,39): error TS2339: Property 'fetch' does not exist on type 'typeof AhrefsAdapter | typeof GscAdapter | typeof PaaAdapter'.
  Property 'fetch' does not exist on type 'typeof AhrefsAdapter'.
control-plane/services/keyword-ingestion.ts(84,13): error TS2339: Property 'source' does not exist on type 'typeof AhrefsAdapter | typeof GscAdapter | typeof PaaAdapter'.
  Property 'source' does not exist on type 'typeof AhrefsAdapter'.
control-plane/services/keyword-ingestion.ts(90,5): error TS2353: Object literal may only specify known properties, and 'completed_at' does not exist in type 'Partial<IngestionJob>'.
control-plane/services/keyword-ingestion.ts(95,5): error TS2353: Object literal may only specify known properties, and 'completed_at' does not exist in type 'Partial<IngestionJob>'.
control-plane/services/keyword-ingestion.ts(100,40): error TS2339: Property 'source' does not exist on type 'typeof AhrefsAdapter | typeof GscAdapter | typeof PaaAdapter'.
  Property 'source' does not exist on type 'typeof AhrefsAdapter'.
control-plane/services/keyword-ingestion.ts(125,39): error TS2379: Argument of type '{ domain_id: string; keyword: string; source: string; metrics: Record<string, unknown> | undefined; ingestion_job_id: string; }' is not assignable to parameter of type '{ domain_id: string; keyword: string; source: string; metrics?: Record<string, unknown>; ingestion_job_id: string; }' with 'exactOptionalPropertyTypes: true'. Consider adding 'undefined' to the types of the target's properties.
  Types of property 'metrics' are incompatible.
    Type 'Record<string, unknown> | undefined' is not assignable to type 'Record<string, unknown>'.
      Type 'undefined' is not assignable to type 'Record<string, unknown>'.
control-plane/services/link-extractor.ts(31,16): error TS2379: Argument of type '{ href: string; text: string | undefined; }' is not assignable to parameter of type 'ExtractedLink' with 'exactOptionalPropertyTypes: true'. Consider adding 'undefined' to the types of the target's properties.
  Types of property 'text' are incompatible.
    Type 'string | undefined' is not assignable to type 'string'.
      Type 'undefined' is not assignable to type 'string'.
control-plane/services/notifications-hook.ts(6,30): error TS6307: File 'E:/SmartBeak/plugins/notification-adapters/email-adapter.ts' is not listed within the file list of project 'E:/SmartBeak/tsconfig.json'. Projects must list all files or use an 'include' pattern.
control-plane/services/notifications-hook.ts(13,32): error TS6307: File 'E:/SmartBeak/plugins/notification-adapters/webhook-adapter.ts' is not listed within the file list of project 'E:/SmartBeak/tsconfig.json'. Projects must list all files or use an 'include' pattern.
control-plane/services/notifications-hook.ts(102,7): error TS2322: Type 'EmailAdapter' is not assignable to type 'DeliveryAdapter'.
  The types returned by 'send(...)' are incompatible between these types.
    Type 'Promise<void>' is not assignable to type 'Promise<DeliveryResult>'.
      Type 'void' is not assignable to type 'DeliveryResult'.
control-plane/services/notifications-hook.ts(103,7): error TS2322: Type 'WebhookAdapter' is not assignable to type 'DeliveryAdapter'.
  The types returned by 'send(...)' are incompatible between these types.
    Type 'Promise<void>' is not assignable to type 'Promise<DeliveryResult>'.
      Type 'void' is not assignable to type 'DeliveryResult'.
control-plane/services/pricing-ux.ts(22,7): error TS2571: Object is of type 'unknown'.
control-plane/services/pricing-ux.ts(22,31): error TS18048: 'plan.max_domains' is possibly 'undefined'.
control-plane/services/pricing-ux.ts(25,16): error TS18048: 'plan.max_domains' is possibly 'undefined'.
control-plane/services/pricing-ux.ts(25,35): error TS2571: Object is of type 'unknown'.
control-plane/services/publishing-hook.ts(9,10): error TS2305: Module '"./dlq"' has no exported member 'DLQService'.
control-plane/services/publishing-hook.ts(10,40): error TS6307: File 'E:/SmartBeak/plugins/publishing-adapters/facebook/index.ts' is not listed within the file list of project 'E:/SmartBeak/tsconfig.json'. Projects must list all files or use an 'include' pattern.
control-plane/services/publishing-hook.ts(17,38): error TS6307: File 'E:/SmartBeak/plugins/publishing-adapters/vercel-adapter.ts' is not listed within the file list of project 'E:/SmartBeak/tsconfig.json'. Projects must list all files or use an 'include' pattern.
control-plane/services/publishing-hook.ts(63,31): error TS2345: Argument of type 'string | undefined' is not assignable to parameter of type 'string'.
  Type 'undefined' is not assignable to type 'string'.
control-plane/services/publishing-hook.ts(107,68): error TS2353: Object literal may only specify known properties, and 'operationName' does not exist in type 'Error'.
control-plane/services/publishing-hook.ts(186,17): error TS2339: Property 'createJobsForContent' does not exist on type 'PublishingService'.
control-plane/services/publishing-hook.ts(200,19): error TS2554: Expected 3 arguments, but got 2.
control-plane/services/publishing-hook.ts(220,19): error TS2554: Expected 3 arguments, but got 2.
control-plane/services/publishing-preview.ts(3,36): error TS6307: File 'E:/SmartBeak/plugins/publishing-adapters/facebook/render.ts' is not listed within the file list of project 'E:/SmartBeak/tsconfig.json'. Projects must list all files or use an 'include' pattern.
  The file is in the program because:
    Imported via '../../plugins/publishing-adapters/facebook/render' from file 'E:/SmartBeak/control-plane/services/publishing-preview.ts'
    Imported via './render' from file 'E:/SmartBeak/plugins/publishing-adapters/facebook/index.ts'
control-plane/services/publishing-preview.ts(71,10): error TS2352: Conversion of type '{ message: string; link: string; image_url: string | undefined; }' to type 'FacebookPreviewResult' may be a mistake because neither type sufficiently overlaps with the other. If this was intentional, convert the expression to 'unknown' first.
  Type '{ message: string; link: string; image_url: string | undefined; }' is missing the following properties from type 'FacebookPreviewResult': title, url, rendered
control-plane/services/quota.ts(70,39): error TS2379: Argument of type 'ActivePlanResult' is not assignable to parameter of type '{ max_domains?: number; max_content?: number; max_media?: number; }' with 'exactOptionalPropertyTypes: true'. Consider adding 'undefined' to the types of the target's properties.
  Types of property 'max_domains' are incompatible.
    Type 'number | undefined' is not assignable to type 'number'.
      Type 'undefined' is not assignable to type 'number'.
control-plane/services/quota.ts(77,3): error TS2739: Type '{ exceeded: boolean; }' is missing the following properties from type '{ exceeded: boolean; current: number; limit: number | null; }': current, limit
control-plane/services/quota.ts(93,37): error TS2339: Property 'max_media' does not exist on type 'ActivePlanResult'.
control-plane/services/quota.ts(103,5): error TS2741: Property 'limit' is missing in type '{ current: {}; exceeded: boolean; }' but required in type '{ current: number; limit: number | null; exceeded: boolean; }'.
control-plane/services/quota.ts(104,5): error TS2741: Property 'limit' is missing in type '{ current: {}; exceeded: boolean; }' but required in type '{ current: number; limit: number | null; exceeded: boolean; }'.
control-plane/services/quota.ts(105,5): error TS2741: Property 'limit' is missing in type '{ current: {}; exceeded: boolean; }' but required in type '{ current: number; limit: number | null; exceeded: boolean; }'.
control-plane/services/rate-limit.ts(72,19): error TS2345: Argument of type 'string | undefined' is not assignable to parameter of type 'string'.
  Type 'undefined' is not assignable to type 'string'.
control-plane/services/rate-limit.ts(73,7): error TS2322: Type 'string | undefined' is not assignable to type 'string'.
  Type 'undefined' is not assignable to type 'string'.
control-plane/services/rate-limit.ts(327,28): error TS1205: Re-exporting a type when 'isolatedModules' is enabled requires using 'export type'.
control-plane/services/rate-limiter-redis.ts(113,11): error TS2488: Type '[error: Error | null, result: unknown] | undefined' must have a '[Symbol.iterator]()' method that returns an iterator.
control-plane/services/rate-limiter-redis.ts(121,24): error TS2532: Object is possibly 'undefined'.
control-plane/services/rate-limiter-redis.ts(126,5): error TS2741: Property 'resetTime' is missing in type '{ allowed: false; remaining: number; totalLimit: number; }' but required in type 'RateLimitResult'.
control-plane/services/rate-limiter-redis.ts(133,3): error TS2741: Property 'resetTime' is missing in type '{ allowed: true; remaining: number; totalLimit: number; }' but required in type 'RateLimitResult'.
control-plane/services/rate-limiter-redis.ts(254,3): error TS2322: Type 'RateLimitConfig | undefined' is not assignable to type 'RateLimitConfig'.
  Type 'undefined' is not assignable to type 'RateLimitConfig'.
control-plane/services/region-worker.ts(7,24): error TS1205: Re-exporting a type when 'isolatedModules' is enabled requires using 'export type'.
control-plane/services/replaceability-advisor.ts(54,10): error TS2352: Conversion of type 'Promise<{ rows: ReplaceabilityEntry[]; }>' to type 'Promise<ReplaceabilityEntry[]>' may be a mistake because neither type sufficiently overlaps with the other. If this was intentional, convert the expression to 'unknown' first.
  Type '{ rows: ReplaceabilityEntry[]; }' is missing the following properties from type 'ReplaceabilityEntry[]': length, pop, push, concat, and 29 more.
control-plane/services/replaceability-advisor.ts(59,10): error TS2352: Conversion of type 'Promise<{ rows: ReplaceabilityEntry[]; }>' to type 'Promise<ReplaceabilityEntry[]>' may be a mistake because neither type sufficiently overlaps with the other. If this was intentional, convert the expression to 'unknown' first.
  Type '{ rows: ReplaceabilityEntry[]; }' is missing the following properties from type 'ReplaceabilityEntry[]': length, pop, push, concat, and 29 more.
control-plane/services/repository-factory.ts(20,46): error TS2344: Type 'unknown' does not satisfy the constraint '{}'.
control-plane/services/repository-factory.ts(39,37): error TS2353: Object literal may only specify known properties, and 'error' does not exist in type 'Error'.
control-plane/services/repository-factory.ts(90,45): error TS2353: Object literal may only specify known properties, and 'key' does not exist in type 'Error'.
control-plane/services/repository-factory.ts(117,3): error TS2741: Property 'poolStats' is missing in type '{ pools: number; repositories: number; }' but required in type '{ pools: number; repositories: number; poolStats: Record<string, { total: number; idle: number; waiting: number; }>; }'.
control-plane/services/search-hook.ts(8,10): error TS2724: '"@kernel/logger"' has no exported member named 'logger'. Did you mean 'Logger'?
control-plane/services/search-hook.ts(53,19): error TS2554: Expected 3 arguments, but got 2.
control-plane/services/search-query.ts(70,39): error TS2353: Object literal may only specify known properties, and 'error' does not exist in type 'Error'.
control-plane/services/serp-intent-drift-advisor.ts(48,10): error TS2352: Conversion of type 'Promise<{ rows: SerpIntentDriftSignal[]; }>' to type 'Promise<SerpIntentDriftSignal[]>' may be a mistake because neither type sufficiently overlaps with the other. If this was intentional, convert the expression to 'unknown' first.
  Type '{ rows: SerpIntentDriftSignal[]; }' is missing the following properties from type 'SerpIntentDriftSignal[]': length, pop, push, concat, and 29 more.
control-plane/services/serp-intent-drift-advisor.ts(53,10): error TS2352: Conversion of type 'Promise<{ rows: SerpIntentDriftSignal[]; }>' to type 'Promise<SerpIntentDriftSignal[]>' may be a mistake because neither type sufficiently overlaps with the other. If this was intentional, convert the expression to 'unknown' first.
  Type '{ rows: SerpIntentDriftSignal[]; }' is missing the following properties from type 'SerpIntentDriftSignal[]': length, pop, push, concat, and 29 more.
control-plane/services/usage-batcher.ts(51,5): error TS2412: Type 'undefined' is not assignable to type 'Timeout' with 'exactOptionalPropertyTypes: true'. Consider adding 'undefined' to the type of the target.
control-plane/services/usage-batcher.ts(55,5): error TS2412: Type 'undefined' is not assignable to type 'Timeout' with 'exactOptionalPropertyTypes: true'. Consider adding 'undefined' to the type of the target.
control-plane/services/usage-batcher.ts(91,3): error TS2412: Type 'undefined' is not assignable to type 'Timeout' with 'exactOptionalPropertyTypes: true'. Consider adding 'undefined' to the type of the target.
control-plane/services/usage-batcher.ts(139,78): error TS2532: Object is possibly 'undefined'.
domains/content/application/handlers/SaveRevision.ts(72,17): error TS2673: Constructor of class 'ContentRevision' is private and only accessible within the class declaration.
domains/content/application/ports/ContentRepository.ts(119,3): error TS4115: This parameter property must have an 'override' modifier because it overrides a member in base class 'Error'.
domains/content/domain/entities/ContentItem.ts(51,3): error TS2412: Type 'Date | undefined' is not assignable to type 'Date' with 'exactOptionalPropertyTypes: true'. Consider adding 'undefined' to the type of the target.
  Type 'undefined' is not assignable to type 'Date'.
domains/content/domain/entities/ContentItem.ts(52,3): error TS2412: Type 'Date | undefined' is not assignable to type 'Date' with 'exactOptionalPropertyTypes: true'. Consider adding 'undefined' to the type of the target.
  Type 'undefined' is not assignable to type 'Date'.
domains/content/domain/entities/ContentItem.ts(79,26): error TS2345: Argument of type '{ status: "draft"; createdAt: Date; updatedAt: Date; }' is not assignable to parameter of type 'ContentItemProps'.
  Type '{ status: "draft"; createdAt: Date; updatedAt: Date; }' is missing the following properties from type 'ContentItemProps': id, domainId, title, body
domains/content/domain/events/ContentPublished.ts(2,65): error TS6137: Cannot import type declaration files. Consider importing 'events/content-published.v1' instead of '@types/events/content-published.v1'.
domains/content/domain/events/ContentPublished.ts(3,37): error TS2307: Cannot find module '@types' or its corresponding type declarations.
domains/content/domain/events/ContentScheduled.ts(2,37): error TS2307: Cannot find module '@types' or its corresponding type declarations.
domains/media/application/handlers/CompleteUpload.ts(1,37): error TS2307: Cannot find module '@types' or its corresponding type declarations.
domains/media/application/ports/MediaRepository.ts(78,3): error TS4115: This parameter property must have an 'override' modifier because it overrides a member in base class 'Error'.
domains/media/domain/events/MediaUploadCompleted.ts(2,37): error TS2307: Cannot find module '@types' or its corresponding type declarations.
domains/media/domain/events/MediaUploaded.ts(2,37): error TS2307: Cannot find module '@types' or its corresponding type declarations.
domains/notifications/application/NotificationWorker.ts(127,24): error TS2345: Argument of type 'DeliveryMessage' is not assignable to parameter of type 'SendNotificationInput'.
  Types of property 'to' are incompatible.
    Type 'string | undefined' is not assignable to type 'string'.
      Type 'undefined' is not assignable to type 'string'.
domains/notifications/application/NotificationWorker.ts(151,39): error TS2353: Object literal may only specify known properties, and 'rollbackError' does not exist in type 'Error'.
domains/notifications/application/NotificationWorker.ts(177,39): error TS2353: Object literal may only specify known properties, and 'rollbackError' does not exist in type 'Error'.
domains/notifications/application/NotificationWorker.ts(236,45): error TS2353: Object literal may only specify known properties, and 'rollbackError' does not exist in type 'Error'.
domains/notifications/application/ports/DeliveryAdapter.ts(107,3): error TS4115: This parameter property must have an 'override' modifier because it overrides a member in base class 'Error'.
domains/notifications/application/ports/NotificationPreferenceRepository.ts(72,5): error TS4115: This parameter property must have an 'override' modifier because it overrides a member in base class 'Error'.
domains/notifications/application/ports/NotificationRepository.ts(87,5): error TS4115: This parameter property must have an 'override' modifier because it overrides a member in base class 'Error'.
domains/notifications/domain/events/NotificationFailed.ts(2,37): error TS2307: Cannot find module '@types' or its corresponding type declarations.
domains/notifications/domain/events/NotificationSent.ts(2,37): error TS2307: Cannot find module '@types' or its corresponding type declarations.
domains/publishing/application/ports/PublishingJobRepository.ts(86,3): error TS4115: This parameter property must have an 'override' modifier because it overrides a member in base class 'Error'.
domains/publishing/application/ports/PublishTargetRepository.ts(62,3): error TS4115: This parameter property must have an 'override' modifier because it overrides a member in base class 'Error'.
domains/publishing/application/PublishingService.ts(132,39): error TS2353: Object literal may only specify known properties, and 'rollbackError' does not exist in type 'Error'.
domains/publishing/application/PublishingWorker.ts(141,43): error TS2353: Object literal may only specify known properties, and 'rollbackError' does not exist in type 'Error'.
domains/publishing/application/PublishingWorker.ts(166,39): error TS2353: Object literal may only specify known properties, and 'rollbackError' does not exist in type 'Error'.
domains/publishing/application/PublishingWorker.ts(175,20): error TS2554: Expected 5 arguments, but got 3.
domains/publishing/domain/events/PublishingFailed.ts(2,37): error TS2307: Cannot find module '@types' or its corresponding type declarations.
domains/publishing/domain/events/PublishingStarted.ts(2,37): error TS2307: Cannot find module '@types' or its corresponding type declarations.
domains/publishing/domain/events/PublishingSucceeded.ts(2,37): error TS2307: Cannot find module '@types' or its corresponding type declarations.
domains/publishing/infra/persistence/PostgresPublishTargetRepository.ts(54,12): error TS2673: Constructor of class 'PublishTarget' is private and only accessible within the class declaration.
domains/publishing/infra/persistence/PostgresPublishTargetRepository.ts(127,12): error TS2673: Constructor of class 'PublishTarget' is private and only accessible within the class declaration.
domains/search/application/ports/IndexingJobRepository.ts(153,3): error TS4115: This parameter property must have an 'override' modifier because it overrides a member in base class 'Error'.
domains/search/application/ports/SearchIndexRepository.ts(89,3): error TS4115: This parameter property must have an 'override' modifier because it overrides a member in base class 'Error'.
domains/search/application/SearchIndexingService.ts(97,5): error TS2345: Argument of type '"pending"' is not assignable to parameter of type '"delete" | "index"'.
domains/search/application/SearchIndexingService.ts(111,39): error TS2353: Object literal may only specify known properties, and 'rollbackError' does not exist in type 'Error'.
domains/search/application/SearchIndexingService.ts(168,5): error TS2345: Argument of type '"pending"' is not assignable to parameter of type '"delete" | "index"'.
domains/search/application/SearchIndexingService.ts(182,39): error TS2353: Object literal may only specify known properties, and 'rollbackError' does not exist in type 'Error'.
domains/search/application/SearchIndexingWorker.ts(149,5): error TS2353: Object literal may only specify known properties, and 'createdAt' does not exist in type 'SearchDocument'.
domains/search/application/SearchIndexingWorker.ts(202,39): error TS2353: Object literal may only specify known properties, and 'rollbackError' does not exist in type 'Error'.
domains/search/application/SearchIndexingWorker.ts(313,9): error TS2353: Object literal may only specify known properties, and 'createdAt' does not exist in type 'SearchDocument'.
domains/search/application/SearchIndexingWorker.ts(373,47): error TS2353: Object literal may only specify known properties, and 'error' does not exist in type 'Error'.
domains/search/domain/entities/SearchIndex.ts(78,10): error TS2554: Expected 5 arguments, but got 4.
domains/search/domain/events/SearchIndexed.ts(2,37): error TS2307: Cannot find module '@types' or its corresponding type declarations.
domains/search/domain/events/SearchIndexFailed.ts(2,37): error TS2307: Cannot find module '@types' or its corresponding type declarations.
domains/search/infra/persistence/PostgresIndexingJobRepository.ts(103,9): error TS2416: Property 'listPending' in type 'PostgresIndexingJobRepository' is not assignable to the same property in base type 'IndexingJobRepository'.
  Type '(limit?: number, offset?: number) => Promise<IndexingJob[]>' is not assignable to type '(limit?: number | undefined, client?: PoolClient | undefined) => Promise<IndexingJob[]>'.
    Types of parameters 'offset' and 'client' are incompatible.
      Type 'PoolClient | undefined' is not assignable to type 'number | undefined'.
        Type 'PoolClient' is not assignable to type 'number'.
domains/search/infra/persistence/PostgresSearchDocumentRepository.ts(3,10): error TS2300: Duplicate identifier 'validateSearchDocumentFields'.
domains/search/infra/persistence/PostgresSearchDocumentRepository.ts(5,10): error TS2300: Duplicate identifier 'validateSearchDocumentFields'.
domains/search/infra/persistence/PostgresSearchDocumentRepository.ts(33,15): error TS7006: Parameter 'pool' implicitly has an 'any' type.
domains/search/infra/persistence/PostgresSearchDocumentRepository.ts(37,16): error TS7006: Parameter 'doc' implicitly has an 'any' type.
domains/search/infra/persistence/PostgresSearchDocumentRepository.ts(57,56): error TS2345: Argument of type 'unknown' is not assignable to parameter of type 'Error | undefined'.
domains/search/infra/persistence/PostgresSearchDocumentRepository.ts(65,21): error TS7006: Parameter 'id' implicitly has an 'any' type.
domains/search/infra/persistence/PostgresSearchDocumentRepository.ts(72,65): error TS2345: Argument of type 'unknown' is not assignable to parameter of type 'Error | undefined'.
domains/search/infra/persistence/PostgresSearchDocumentRepository.ts(77,16): error TS7006: Parameter 'query' implicitly has an 'any' type.
domains/search/infra/persistence/PostgresSearchDocumentRepository.ts(91,50): error TS2345: Argument of type 'unknown' is not assignable to parameter of type 'Error | undefined'.
domains/search/infra/persistence/PostgresSearchDocumentRepository.ts(99,21): error TS7006: Parameter 'docs' implicitly has an 'any' type.
domains/search/infra/persistence/PostgresSearchDocumentRepository.ts(114,38): error TS7006: Parameter 'd' implicitly has an 'any' type.
domains/search/infra/persistence/PostgresSearchDocumentRepository.ts(137,18): error TS7006: Parameter 'd' implicitly has an 'any' type.
domains/search/infra/persistence/PostgresSearchDocumentRepository.ts(138,18): error TS7006: Parameter 'd' implicitly has an 'any' type.
domains/search/infra/persistence/PostgresSearchDocumentRepository.ts(139,18): error TS7006: Parameter 'd' implicitly has an 'any' type.
domains/search/infra/persistence/PostgresSearchDocumentRepository.ts(140,18): error TS7006: Parameter 'd' implicitly has an 'any' type.
domains/search/infra/persistence/PostgresSearchDocumentRepository.ts(141,21): error TS7006: Parameter 't' implicitly has an 'any' type.
domains/search/infra/persistence/PostgresSearchDocumentRepository.ts(142,21): error TS7006: Parameter 't' implicitly has an 'any' type.
domains/search/infra/persistence/PostgresSearchDocumentRepository.ts(148,63): error TS2345: Argument of type 'unknown' is not assignable to parameter of type 'Error | undefined'.
domains/seo/domain/events/SeoUpdated.ts(2,37): error TS2307: Cannot find module '@types' or its corresponding type declarations.
domains/shared/infra/validation/index.ts(18,8): error TS2307: Cannot find module './types' or its corresponding type declarations.
domains/shared/infra/validation/index.ts(25,8): error TS2307: Cannot find module './validators' or its corresponding type declarations.
domains/shared/infra/validation/index.ts(28,33): error TS2307: Cannot find module './errors' or its corresponding type declarations.
node_modules/@clerk/backend/dist/jwt/index.d.ts(5,80): error TS2304: Cannot find name 'JsonWebKey'.
node_modules/@clerk/backend/dist/jwt/index.d.ts(6,89): error TS2304: Cannot find name 'JsonWebKey'.
node_modules/@clerk/backend/dist/jwt/signJwt.d.ts(19,81): error TS2304: Cannot find name 'JsonWebKey'.
node_modules/@clerk/backend/dist/jwt/verifyJwt.d.ts(4,58): error TS2304: Cannot find name 'JsonWebKey'.
node_modules/@clerk/backend/dist/jwt/verifyJwt.d.ts(10,10): error TS2304: Cannot find name 'JsonWebKey'.
node_modules/@clerk/backend/dist/tokens/clerkRequest.d.ts(10,49): error TS2304: Cannot find name 'RequestInfo'.
node_modules/@clerk/backend/dist/tokens/clerkRequest.d.ts(27,50): error TS2304: Cannot find name 'RequestInfo'.
node_modules/@clerk/backend/dist/tokens/keys.d.ts(9,67): error TS2304: Cannot find name 'JsonWebKey'.
node_modules/@clerk/backend/dist/tokens/keys.d.ts(32,144): error TS2304: Cannot find name 'JsonWebKey'.
node_modules/@clerk/types/dist/index.d.ts(1205,19): error TS2304: Cannot find name 'Algorithm'.
node_modules/@clerk/types/dist/index.d.ts(2344,9): error TS2304: Cannot find name 'PublicKeyCredentialRpEntity'.
node_modules/@clerk/types/dist/index.d.ts(2347,23): error TS2304: Cannot find name 'PublicKeyCredentialParameters'.
node_modules/@clerk/types/dist/index.d.ts(2386,74): error TS2304: Cannot find name 'PublicKeyCredentialCreationOptions'.
node_modules/@clerk/types/dist/index.d.ts(2387,73): error TS2304: Cannot find name 'PublicKeyCredentialRequestOptions'.
node_modules/@clerk/types/dist/index.d.ts(2388,69): error TS2304: Cannot find name 'PublicKeyCredential'.
node_modules/@clerk/types/dist/index.d.ts(2389,20): error TS2304: Cannot find name 'AuthenticatorAttestationResponse'.
node_modules/@clerk/types/dist/index.d.ts(2391,67): error TS2304: Cannot find name 'PublicKeyCredential'.
node_modules/@clerk/types/dist/index.d.ts(2392,15): error TS2304: Cannot find name 'AuthenticatorAssertionResponse'.
node_modules/@opentelemetry/instrumentation/build/src/instrumentationNodeModuleDefinition.d.ts(2,22): error TS2420: Class 'InstrumentationNodeModuleDefinition<T>' incorrectly implements interface 'InstrumentationModuleDefinition<T>'.
  Types of property 'patch' are incompatible.
    Type '((exports: T, moduleVersion?: string | undefined) => T) | undefined' is not assignable to type '(moduleExports: T, moduleVersion?: string | undefined) => T'.
      Type 'undefined' is not assignable to type '(moduleExports: T, moduleVersion?: string | undefined) => T'.
node_modules/@popperjs/core/lib/types.d.ts(28,30): error TS2304: Cannot find name 'getComputedStyle'.
node_modules/@popperjs/core/lib/types.d.ts(37,17): error TS2304: Cannot find name 'ShadowRoot'.
node_modules/@popperjs/core/lib/types.d.ts(77,32): error TS2304: Cannot find name 'CSSStyleDeclaration'.
node_modules/@popperjs/core/lib/types.d.ts(164,34): error TS2304: Cannot find name 'ClientRect'.
node_modules/@popperjs/core/lib/types.d.ts(164,47): error TS2304: Cannot find name 'DOMRect'.
node_modules/@tanstack/query-core/build/modern/hydration-BlEVG2Lp.d.ts(376,97): error TS2304: Cannot find name 'VoidFunction'.
node_modules/@tanstack/query-devtools/build/index.d.ts(27,23): error TS2304: Cannot find name 'ShadowRoot'.
node_modules/@tanstack/query-devtools/build/index.d.ts(35,23): error TS2304: Cannot find name 'ShadowRoot'.
node_modules/@tanstack/query-devtools/build/index.d.ts(52,23): error TS2304: Cannot find name 'ShadowRoot'.
node_modules/@tanstack/react-query-devtools/build/modern/ReactQueryDevtools-ChNsB-ya.d.ts(37,23): error TS2304: Cannot find name 'ShadowRoot'.
node_modules/@tanstack/react-query-devtools/build/modern/ReactQueryDevtoolsPanel-D67eVd_j.d.ts(21,23): error TS2304: Cannot find name 'ShadowRoot'.
node_modules/@tiptap/core/dist/helpers/posToDOMRect.d.ts(2,83): error TS2304: Cannot find name 'DOMRect'.
node_modules/@tiptap/core/dist/types.d.ts(213,43): error TS2304: Cannot find name 'window'.
node_modules/@types/react-dom/canary.d.ts(72,26): error TS2304: Cannot find name 'ReferrerPolicy'.
node_modules/@types/react-dom/canary.d.ts(78,28): error TS2304: Cannot find name 'RequestDestination'.
node_modules/lru-cache/dist/esm/index.d.ts(973,5): error TS2416: Property 'entries' in type 'LRUCache<K, V, FC>' is not assignable to the same property in base type 'Map<K, V>'.
  Type '() => Generator<[K, V], void, unknown>' is not assignable to type '() => MapIterator<[K, V]>'.
    Call signature return types 'Generator<[K, V], void, unknown>' and 'MapIterator<[K, V]>' are incompatible.
      The types returned by 'next(...)' are incompatible between these types.
        Type 'IteratorResult<[K, V], void>' is not assignable to type 'IteratorResult<[K, V], undefined>' with 'exactOptionalPropertyTypes: true'. Consider adding 'undefined' to the types of the target's properties.
          Type 'IteratorReturnResult<void>' is not assignable to type 'IteratorResult<[K, V], undefined>'.
            Type 'IteratorReturnResult<void>' is not assignable to type 'IteratorReturnResult<undefined>'.
              Type 'void' is not assignable to type 'undefined'.
node_modules/lru-cache/dist/esm/index.d.ts(985,5): error TS2416: Property 'keys' in type 'LRUCache<K, V, FC>' is not assignable to the same property in base type 'Map<K, V>'.
  Type '() => Generator<K, void, unknown>' is not assignable to type '() => MapIterator<K>'.
    Call signature return types 'Generator<K, void, unknown>' and 'MapIterator<K>' are incompatible.
      The types returned by 'next(...)' are incompatible between these types.
        Type 'IteratorResult<K, void>' is not assignable to type 'IteratorResult<K, undefined>' with 'exactOptionalPropertyTypes: true'. Consider adding 'undefined' to the types of the target's properties.
          Type 'IteratorReturnResult<void>' is not assignable to type 'IteratorResult<K, undefined>'.
            Type 'IteratorReturnResult<void>' is not assignable to type 'IteratorReturnResult<undefined>'.
              Type 'void' is not assignable to type 'undefined'.
node_modules/lru-cache/dist/esm/index.d.ts(997,5): error TS2416: Property 'values' in type 'LRUCache<K, V, FC>' is not assignable to the same property in base type 'Map<K, V>'.
  Type '() => Generator<V, void, unknown>' is not assignable to type '() => MapIterator<V>'.
    Call signature return types 'Generator<V, void, unknown>' and 'MapIterator<V>' are incompatible.
      The types returned by 'next(...)' are incompatible between these types.
        Type 'IteratorResult<V, void>' is not assignable to type 'IteratorResult<V, undefined>' with 'exactOptionalPropertyTypes: true'. Consider adding 'undefined' to the types of the target's properties.
          Type 'IteratorReturnResult<void>' is not assignable to type 'IteratorResult<V, undefined>'.
            Type 'IteratorReturnResult<void>' is not assignable to type 'IteratorReturnResult<undefined>'.
              Type 'void' is not assignable to type 'undefined'.
node_modules/lru-cache/dist/esm/index.d.ts(1009,5): error TS2416: Property '[Symbol.iterator]' in type 'LRUCache<K, V, FC>' is not assignable to the same property in base type 'Map<K, V>'.
  Type '() => Generator<[K, V], void, unknown>' is not assignable to type '() => MapIterator<[K, V]>'.
    Call signature return types 'Generator<[K, V], void, unknown>' and 'MapIterator<[K, V]>' are incompatible.
      The types returned by 'next(...)' are incompatible between these types.
        Type 'IteratorResult<[K, V], void>' is not assignable to type 'IteratorResult<[K, V], undefined>' with 'exactOptionalPropertyTypes: true'. Consider adding 'undefined' to the types of the target's properties.
          Type 'IteratorReturnResult<void>' is not assignable to type 'IteratorResult<[K, V], undefined>'.
            Type 'IteratorReturnResult<void>' is not assignable to type 'IteratorReturnResult<undefined>'.
              Type 'void' is not assignable to type 'undefined'.
node_modules/lru-cache/dist/esm/index.d.ts(1032,5): error TS2416: Property 'forEach' in type 'LRUCache<K, V, FC>' is not assignable to the same property in base type 'Map<K, V>'.
  Type '(fn: (v: V, k: K, self: LRUCache<K, V, FC>) => any, thisp?: any) => void' is not assignable to type '(callbackfn: (value: V, key: K, map: Map<K, V>) => void, thisArg?: any) => void'.
    Types of parameters 'fn' and 'callbackfn' are incompatible.
      Types of parameters 'map' and 'self' are incompatible.
        Type 'LRUCache<K, V, FC>' is not assignable to type 'Map<K, V>'.
          The types returned by 'entries().next(...)' are incompatible between these types.
            Type 'IteratorResult<[K, V], void>' is not assignable to type 'IteratorResult<[K, V], undefined>' with 'exactOptionalPropertyTypes: true'. Consider adding 'undefined' to the types of the target's properties.
              Type 'IteratorReturnResult<void>' is not assignable to type 'IteratorResult<[K, V], undefined>'.
                Type 'IteratorReturnResult<void>' is not assignable to type 'IteratorReturnResult<undefined>'.
                  Type 'void' is not assignable to type 'undefined'.
node_modules/next/dist/client/components/router-reducer/create-initial-router-state.d.ts(11,15): error TS2304: Cannot find name 'Location'.
node_modules/next/dist/client/components/router-reducer/router-reducer-types.d.ts(38,13): error TS2304: Cannot find name 'Location'.
node_modules/next/dist/client/components/router-reducer/router-reducer-types.d.ts(42,13): error TS2304: Cannot find name 'Location'.
node_modules/next/dist/client/components/router-reducer/router-reducer-types.d.ts(86,21): error TS2304: Cannot find name 'Location'.
node_modules/next/dist/server/next-server.d.ts(70,15): error TS2416: Property 'sendRenderResult' in type 'NextNodeServer' is not assignable to the same property in base type 'Server<Options>'.
  Type '(req: NodeNextRequest, res: NodeNextResponse, options: { result: RenderResult<RenderResultMetadata>; type: "json" | "html"; generateEtags: boolean; poweredByHeader: boolean; revalidate: Revalidate | undefined; swrDelta: number | undefined; }) => Promise<...>' is not assignable to type '(req: BaseNextRequest<any>, res: BaseNextResponse<any>, options: { result: RenderResult<RenderResultMetadata>; ... 4 more ...; swrDelta?: number; }) => Promise<...>'.
    Types of parameters 'options' and 'options' are incompatible.
      Type '{ result: RenderResult<RenderResultMetadata>; type: "json" | "html" | "rsc"; generateEtags: boolean; poweredByHeader: boolean; revalidate?: Revalidate; swrDelta?: number; }' is not assignable to type '{ result: RenderResult<RenderResultMetadata>; type: "json" | "html"; generateEtags: boolean; poweredByHeader: boolean; revalidate: Revalidate | undefined; swrDelta: number | undefined; }'.
        Types of property 'type' are incompatible.
          Type '"json" | "html" | "rsc"' is not assignable to type '"json" | "html"'.
            Type '"rsc"' is not assignable to type '"json" | "html"'.
node_modules/next/dist/server/next-server.d.ts(87,15): error TS2416: Property 'renderPageComponent' in type 'NextNodeServer' is not assignable to the same property in base type 'Server<Options>'.
  Type '(ctx: RequestContext, bubbleNoFallback: boolean) => Promise<false | { type: "json" | "html" | "rsc"; body: RenderResult<RenderResultMetadata>; revalidate?: Revalidate | undefined; } | null>' is not assignable to type '(ctx: RequestContext, bubbleNoFallback: boolean) => Promise<false | ResponsePayload | null>'.
    Type 'Promise<false | { type: "json" | "html" | "rsc"; body: RenderResult<RenderResultMetadata>; revalidate?: Revalidate | undefined; } | null>' is not assignable to type 'Promise<false | ResponsePayload | null>'.
      Type 'false | { type: "json" | "html" | "rsc"; body: RenderResult<RenderResultMetadata>; revalidate?: Revalidate | undefined; } | null' is not assignable to type 'false | ResponsePayload | null'.
        Type '{ type: "json" | "html" | "rsc"; body: RenderResult<RenderResultMetadata>; revalidate?: Revalidate | undefined; }' is not assignable to type 'false | ResponsePayload | null'.
          Type '{ type: "json" | "html" | "rsc"; body: RenderResult<RenderResultMetadata>; revalidate?: Revalidate | undefined; }' is not assignable to type 'ResponsePayload' with 'exactOptionalPropertyTypes: true'. Consider adding 'undefined' to the types of the target's properties.
            Types of property 'revalidate' are incompatible.
              Type 'Revalidate | undefined' is not assignable to type 'Revalidate'.
                Type 'undefined' is not assignable to type 'Revalidate'.
node_modules/next/dist/server/next-server.d.ts(140,15): error TS2416: Property 'renderErrorToResponseImpl' in type 'NextNodeServer' is not assignable to the same property in base type 'Server<Options>'.
  Type '(ctx: RequestContext, err: Error | null) => Promise<{ type: "json" | "html" | "rsc"; body: RenderResult<RenderResultMetadata>; revalidate?: Revalidate | undefined; } | null>' is not assignable to type '(ctx: RequestContext, err: Error | null) => Promise<ResponsePayload | null>'.
    Type 'Promise<{ type: "json" | "html" | "rsc"; body: RenderResult<RenderResultMetadata>; revalidate?: Revalidate | undefined; } | null>' is not assignable to type 'Promise<ResponsePayload | null>'.
      Type '{ type: "json" | "html" | "rsc"; body: RenderResult<RenderResultMetadata>; revalidate?: Revalidate | undefined; } | null' is not assignable to type 'ResponsePayload | null'.
        Type '{ type: "json" | "html" | "rsc"; body: RenderResult<RenderResultMetadata>; revalidate?: Revalidate | undefined; }' is not assignable to type 'ResponsePayload' with 'exactOptionalPropertyTypes: true'. Consider adding 'undefined' to the types of the target's properties.
          Types of property 'revalidate' are incompatible.
            Type 'Revalidate | undefined' is not assignable to type 'Revalidate'.
              Type 'undefined' is not assignable to type 'Revalidate'.
node_modules/next/dist/server/web/spec-extension/adapters/headers.d.ts(34,5): error TS2425: Class 'Headers' defines instance member property 'append', but extended class 'HeadersAdapter' defines it as instance member function.
node_modules/next/dist/server/web/spec-extension/adapters/headers.d.ts(35,5): error TS2425: Class 'Headers' defines instance member property 'delete', but extended class 'HeadersAdapter' defines it as instance member function.
node_modules/next/dist/server/web/spec-extension/adapters/headers.d.ts(36,5): error TS2425: Class 'Headers' defines instance member property 'get', but extended class 'HeadersAdapter' defines it as instance member function.
node_modules/next/dist/server/web/spec-extension/adapters/headers.d.ts(37,5): error TS2425: Class 'Headers' defines instance member property 'has', but extended class 'HeadersAdapter' defines it as instance member function.
node_modules/next/dist/server/web/spec-extension/adapters/headers.d.ts(38,5): error TS2425: Class 'Headers' defines instance member property 'set', but extended class 'HeadersAdapter' defines it as instance member function.
node_modules/next/dist/server/web/spec-extension/adapters/headers.d.ts(39,5): error TS2425: Class 'Headers' defines instance member property 'forEach', but extended class 'HeadersAdapter' defines it as instance member function.
node_modules/next/dist/server/web/spec-extension/adapters/headers.d.ts(40,5): error TS2425: Class 'Headers' defines instance member property 'entries', but extended class 'HeadersAdapter' defines it as instance member function.
node_modules/next/dist/server/web/spec-extension/adapters/headers.d.ts(41,5): error TS2425: Class 'Headers' defines instance member property 'keys', but extended class 'HeadersAdapter' defines it as instance member function.
node_modules/next/dist/server/web/spec-extension/adapters/headers.d.ts(42,5): error TS2425: Class 'Headers' defines instance member property 'values', but extended class 'HeadersAdapter' defines it as instance member function.
node_modules/next/dist/server/web/spec-extension/adapters/headers.d.ts(43,5): error TS2425: Class 'Headers' defines instance member property '[Symbol.iterator]', but extended class 'HeadersAdapter' defines it as instance member function.
node_modules/next/dist/server/web/spec-extension/request.d.ts(19,30): error TS2304: Cannot find name 'RequestInfo'.
node_modules/next/dist/server/web/spec-extension/request.d.ts(42,9): error TS2611: 'url' is defined as a property in class 'Request', but is overridden here in 'NextRequest' as an accessor.
node_modules/next/dist/server/web/spec-extension/response.d.ts(16,24): error TS2304: Cannot find name 'BodyInit'.
node_modules/next/dist/shared/lib/router/router.d.ts(151,21): error TS2304: Cannot find name 'PopStateEvent'.
node_modules/next/types/index.d.ts(311,22): error TS2304: Cannot find name 'SubtleCrypto'.
node_modules/prosemirror-model/dist/index.d.ts(65,36): error TS2304: Cannot find name 'window'.
node_modules/prosemirror-view/dist/index.d.ts(5,36): error TS2304: Cannot find name 'window'.
node_modules/prosemirror-view/dist/index.d.ts(260,27): error TS2304: Cannot find name 'MutationRecord'.
node_modules/prosemirror-view/dist/index.d.ts(327,68): error TS2304: Cannot find name 'ShadowRoot'.
node_modules/prosemirror-view/dist/index.d.ts(475,28): error TS2304: Cannot find name 'ShadowRoot'.
node_modules/prosemirror-view/dist/index.d.ts(620,31): error TS2304: Cannot find name 'HTMLElementEventMap'.
node_modules/tippy.js/index.d.ts(15,52): error TS2304: Cannot find name 'NodeList'.
node_modules/tippy.js/index.d.ts(61,7): error TS2304: Cannot find name 'ClientRect'.
node_modules/tippy.js/index.d.ts(61,20): error TS2304: Cannot find name 'DOMRect'.
packages/analytics/index.ts(7,71): error TS2307: Cannot find module './types' or its corresponding type declarations.
packages/database/transactions/index.ts(136,39): error TS2769: No overload matches this call.
  The last overload gave the following error.
    Argument of type '{ text: string; values?: any[] | undefined; timeout?: number | undefined; }' is not assignable to parameter of type 'string | QueryConfig<any[] | undefined>'.
      Type '{ text: string; values?: any[] | undefined; timeout?: number | undefined; }' is not assignable to type 'QueryConfig<any[] | undefined>' with 'exactOptionalPropertyTypes: true'. Consider adding 'undefined' to the types of the target's properties.
        Types of property 'values' are incompatible.
          Type 'any[] | undefined' is not assignable to type 'any[]'.
            Type 'undefined' is not assignable to type 'any[]'.
packages/database/transactions/index.ts(194,48): error TS18048: 'condition' is possibly 'undefined'.
packages/database/transactions/index.ts(196,36): error TS18048: 'condition' is possibly 'undefined'.
packages/database/transactions/index.ts(197,44): error TS18048: 'condition' is possibly 'undefined'.
packages/database/transactions/index.ts(199,17): error TS18048: 'condition' is possibly 'undefined'.
packages/database/transactions/index.ts(200,40): error TS18048: 'condition' is possibly 'undefined'.
packages/database/transactions/index.ts(282,31): error TS2769: No overload matches this call.
  Overload 1 of 2, '(o: {}): string[]', gave the following error.
    Argument of type 'T | undefined' is not assignable to parameter of type '{}'.
      Type 'undefined' is not assignable to type '{}'.
  Overload 2 of 2, '(o: object): string[]', gave the following error.
    Argument of type 'T | undefined' is not assignable to parameter of type 'object'.
      Type 'undefined' is not assignable to type 'object'.
packages/database/transactions/index.ts(319,15): error TS2484: Export declaration conflicts with exported declaration of 'WhereCondition'.
packages/errors/index.ts(119,3): error TS2412: Type 'string | undefined' is not assignable to type 'string' with 'exactOptionalPropertyTypes: true'. Consider adding 'undefined' to the type of the target.
  Type 'undefined' is not assignable to type 'string'.
packages/errors/index.ts(164,5): error TS2345: Argument of type '400' is not assignable to parameter of type 'ErrorCode | undefined'.
packages/errors/index.ts(258,5): error TS2322: Type '"CONNECTION_ERROR"' is not assignable to type '"DATABASE_ERROR"'.
packages/errors/index.ts(261,5): error TS2322: Type '"QUERY_TIMEOUT"' is not assignable to type '"DATABASE_ERROR"'.
packages/errors/index.ts(264,5): error TS2322: Type '"DUPLICATE_ENTRY"' is not assignable to type '"DATABASE_ERROR"'.
packages/errors/index.ts(282,3): error TS4114: This member must have an 'override' modifier because it overrides a member in the base class 'AppError'.
packages/errors/index.ts(392,9): error TS2741: Property 'code' is missing in type '{ error: string; }' but required in type 'ErrorResponse'.
packages/errors/index.ts(513,3): error TS2741: Property 'issues' is missing in type '{ message: string; }' but required in type '{ message: string; issues: { path: (string | number)[]; message: string; code: string; }[]; }'.
packages/errors/index.ts(537,5): error TS2698: Spread types may only be created from object types.
packages/kernel/dlq.ts(261,3): error TS2375: Type '{ message: string; stack: string | undefined; code: string | undefined; }' is not assignable to type '{ message: string; stack?: string; code?: string; }' with 'exactOptionalPropertyTypes: true'. Consider adding 'undefined' to the types of the target's properties.
  Types of property 'stack' are incompatible.
    Type 'string | undefined' is not assignable to type 'string'.
      Type 'undefined' is not assignable to type 'string'.
packages/kernel/dlq.ts(320,3): error TS2322: Type '{}' is not assignable to type 'string'.
packages/kernel/dlq.ts(324,9): error TS2304: Cannot find name 'dlqStorage'.
packages/kernel/event-bus.ts(1,37): error TS2307: Cannot find module '@types' or its corresponding type declarations.
packages/kernel/event-bus.ts(128,31): error TS2532: Object is possibly 'undefined'.
packages/kernel/health-check.ts(212,14): error TS4111: Property 'pool' comes from an index signature, so it must be accessed with ['pool'].
packages/kernel/health-check.ts(282,5): error TS2375: Type '{ name: string; healthy: boolean; latency: number; error: string | undefined; metadata: { status: number; }; }' is not assignable to type 'HealthCheckResult' with 'exactOptionalPropertyTypes: true'. Consider adding 'undefined' to the types of the target's properties.
  Types of property 'error' are incompatible.
    Type 'string | undefined' is not assignable to type 'string'.
      Type 'undefined' is not assignable to type 'string'.
packages/kernel/logger.ts(163,41): error TS2345: Argument of type 'object' is not assignable to parameter of type 'Record<string, unknown>'.
  Index signature for type 'string' is missing in type '{}'.
packages/kernel/logger.ts(254,3): error TS2739: Type '{ timestamp: string; service: string | undefined; requestId: string | undefined; userId: string | undefined; orgId: string | undefined; traceId: string | undefined; duration: number | undefined; }' is missing the following properties from type 'LogEntry': level, message
packages/kernel/logger.ts(378,3): error TS2741: Property 'level' is missing in type '{ timestamp: string; message: string; service: string; requestId: string | undefined; userId: string | undefined; orgId: string | undefined; traceId: string | undefined; duration: number | undefined; error: Error | undefined; errorMessage: string | undefined; errorStack: string | undefined; metadata: { ...; }; }' but required in type 'LogEntry'.
packages/kernel/metrics.ts(116,9): error TS2353: Object literal may only specify known properties, and 'error' does not exist in type 'Error'.
packages/kernel/queue/DLQService.ts(283,3): error TS2741: Property 'byRegion' is missing in type '{ total: number; byCategory: Record<ErrorCategory, number>; }' but required in type '{ total: number; byCategory: Record<ErrorCategory, number>; byRegion: Record<string, number>; }'.
packages/kernel/queue/index.ts(6,22): error TS1205: Re-exporting a type when 'isolatedModules' is enabled requires using 'export type'.
packages/kernel/queue/index.ts(7,24): error TS1205: Re-exporting a type when 'isolatedModules' is enabled requires using 'export type'.
packages/kernel/queue/RegionWorker.ts(151,59): error TS2345: Argument of type '{ backlog: number; }' is not assignable to parameter of type 'ConcurrencyContext'.
  Property 'errorRate' is missing in type '{ backlog: number; }' but required in type 'ConcurrencyContext'.
packages/kernel/queues/bullmq-queue.ts(2,37): error TS2307: Cannot find module '@types' or its corresponding type declarations.
packages/kernel/request.ts(57,3): error TS2739: Type '{ requestId: string; startTime: number; }' is missing the following properties from type 'RequestContext': adapterName, operation
packages/kernel/request.ts(121,5): error TS2412: Type '{ message: string; stack: string | undefined; code: string | undefined; } | undefined' is not assignable to type '{ message: string; stack?: string; code?: string; } | undefined' with 'exactOptionalPropertyTypes: true'. Consider adding 'undefined' to the type of the target.
packages/kernel/request.ts(220,21): error TS2345: Argument of type '{ name: string; timestamp: number; tags: { adapter: string; }; }' is not assignable to parameter of type 'Metric'.
  Property 'value' is missing in type '{ name: string; timestamp: number; tags: { adapter: string; }; }' but required in type 'Metric'.
packages/kernel/retry.ts(217,20): error TS2345: Argument of type 'unknown' is not assignable to parameter of type 'Error'.
packages/kernel/validation/schemas.ts(37,14): error TS2554: Expected 2-3 arguments, but got 1.
packages/kernel/validation/types.ts(74,5): error TS4115: This parameter property must have an 'override' modifier because it overrides a member in base class 'Error'.
packages/middleware/validation.ts(143,3): error TS2322: Type '{ path: PropertyKey[]; message: string; }[]' is not assignable to type '{ path: (string | number)[]; message: string; }[]'.
  Type '{ path: PropertyKey[]; message: string; }' is not assignable to type '{ path: (string | number)[]; message: string; }'.
    Types of property 'path' are incompatible.
      Type 'PropertyKey[]' is not assignable to type '(string | number)[]'.
        Type 'PropertyKey' is not assignable to type 'string | number'.
          Type 'symbol' is not assignable to type 'string | number'.
packages/middleware/validation.ts(166,32): error TS2345: Argument of type 'string | undefined' is not assignable to parameter of type 'string'.
  Type 'undefined' is not assignable to type 'string'.
packages/ml/index.ts(7,58): error TS2307: Cannot find module './types' or its corresponding type declarations.
packages/ml/predictions.ts(123,41): error TS18048: 'currentPosition' is possibly 'undefined'.
packages/ml/predictions.ts(131,5): error TS2322: Type 'number | undefined' is not assignable to type 'number'.
  Type 'undefined' is not assignable to type 'number'.
packages/ml/predictions.ts(133,33): error TS18048: 'currentPosition' is possibly 'undefined'.
packages/ml/predictions.ts(170,20): error TS2345: Argument of type '{ id: string; value: number; expectedRange: [number, number]; timestamp: Date; context: { mean: number; stdDev: number; domainId: string; }; }' is not assignable to parameter of type 'Anomaly'.
  Type '{ id: string; value: number; expectedRange: [number, number]; timestamp: Date; context: { mean: number; stdDev: number; domainId: string; }; }' is missing the following properties from type 'Anomaly': metric, severity
packages/ml/predictions.ts(215,3): error TS2322: Type '{ contentId: any; title: any; currentTraffic: number; predictedTraffic30d: number; }[]' is not assignable to type 'ContentDecayPrediction[]'.
  Type '{ contentId: any; title: any; currentTraffic: number; predictedTraffic30d: number; }' is missing the following properties from type 'ContentDecayPrediction': decayRisk, recommendedAction
packages/ml/predictions.ts(288,3): error TS2322: Type '{ keyword: any; searchVolume: number; currentPosition: number | undefined; opportunityScore: number; estimatedTraffic: number; competitionLevel: string; }[]' is not assignable to type 'KeywordOpportunity[]'.
  Property 'difficulty' is missing in type '{ keyword: any; searchVolume: number; currentPosition: number | undefined; opportunityScore: number; estimatedTraffic: number; competitionLevel: string; }' but required in type 'KeywordOpportunity'.
packages/ml/predictions.ts(351,5): error TS2322: Type 'string | undefined' is not assignable to type 'string'.
  Type 'undefined' is not assignable to type 'string'.
packages/monitoring/alerting.ts(234,39): error TS2339: Property 'randomBytes' does not exist on type 'Crypto'.
packages/monitoring/costTracker.ts(138,46): error TS18048: 'price' is possibly 'undefined'.
packages/monitoring/costTracker.ts(139,51): error TS18048: 'price' is possibly 'undefined'.
packages/monitoring/costTracker.ts(142,20): error TS2345: Argument of type '{ service: string; operation: string; cost: number; currency: string; tokens: number; timestamp: Date; }' is not assignable to parameter of type 'CostEntry'.
  Property 'orgId' is missing in type '{ service: string; operation: string; cost: number; currency: string; tokens: number; timestamp: Date; }' but required in type 'CostEntry'.
packages/monitoring/costTracker.ts(171,20): error TS2345: Argument of type '{ service: string; operation: string; currency: string; metadata: { steps: number; }; timestamp: Date; }' is not assignable to parameter of type 'CostEntry'.
  Type '{ service: string; operation: string; currency: string; metadata: { steps: number; }; timestamp: Date; }' is missing the following properties from type 'CostEntry': orgId, cost
packages/monitoring/costTracker.ts(196,16): error TS2532: Object is possibly 'undefined'.
packages/monitoring/costTracker.ts(198,20): error TS2345: Argument of type '{ service: "gsc" | "ahrefs" | "paa"; operation: string; currency: string; metadata: { requests: number; }; timestamp: Date; }' is not assignable to parameter of type 'CostEntry'.
  Type '{ service: "gsc" | "ahrefs" | "paa"; operation: string; currency: string; metadata: { requests: number; }; timestamp: Date; }' is missing the following properties from type 'CostEntry': orgId, cost
packages/monitoring/costTracker.ts(310,9): error TS2322: Type '{ service: any; totalCost: number; percentage: number; }[]' is not assignable to type 'CostBreakdown[]'.
  Property 'trend' is missing in type '{ service: any; totalCost: number; percentage: number; }' but required in type 'CostBreakdown'.
packages/monitoring/costTracker.ts(335,3): error TS2739: Type '{ byDay: { date: any; cost: number; }[]; }' is missing the following properties from type '{ totalCost: number; byService: CostBreakdown[]; byDay: { date: string; cost: number; }[]; }': totalCost, byService
packages/monitoring/costTracker.ts(362,3): error TS2741: Property 'orgId' is missing in type '{ period: "daily"; budget: number; spent: number; remaining: number; percentageUsed: number; }' but required in type 'BudgetAlert'.
packages/monitoring/index.ts(8,60): error TS2307: Cannot find module './types' or its corresponding type declarations.
packages/monitoring/jobOptimizer.ts(83,39): error TS18046: 'data' is of type 'unknown'.
packages/monitoring/jobOptimizer.ts(91,39): error TS18046: 'data' is of type 'unknown'.
packages/monitoring/jobOptimizer.ts(91,61): error TS18046: 'data' is of type 'unknown'.
packages/monitoring/jobOptimizer.ts(99,36): error TS18046: 'data' is of type 'unknown'.
packages/monitoring/jobOptimizer.ts(99,59): error TS18046: 'data' is of type 'unknown'.
packages/monitoring/jobOptimizer.ts(107,39): error TS18046: 'data' is of type 'unknown'.
packages/monitoring/jobOptimizer.ts(170,39): error TS2345: Argument of type 'unknown' is not assignable to parameter of type 'JobData'.
packages/monitoring/jobOptimizer.ts(210,12): error TS2352: Conversion of type 'any[]' to type 'JobData' may be a mistake because neither type sufficiently overlaps with the other. If this was intentional, convert the expression to 'unknown' first.
  Index signature for type 'string' is missing in type 'any[]'.
packages/monitoring/jobOptimizer.ts(331,30): error TS2488: Type 'LRUCache<string, Date>' must have a '[Symbol.iterator]()' method that returns an iterator.
packages/monitoring/jobOptimizer.ts(368,16): error TS2554: Expected 2-3 arguments, but got 1.
packages/security/audit.ts(152,5): error TS2412: Type 'undefined' is not assignable to type 'Timeout' with 'exactOptionalPropertyTypes: true'. Consider adding 'undefined' to the type of the target.
packages/security/audit.ts(216,5): error TS2322: Type 'string | undefined' is not assignable to type 'string'.
  Type 'undefined' is not assignable to type 'string'.
packages/security/audit.ts(227,18): error TS2345: Argument of type '{ type: "data.export" | "data.access"; severity: "info" | "warning"; result: "success"; details: Record<string, any>; }' is not assignable to parameter of type 'Omit<AuditEvent, "id" | "timestamp" | "hash" | "previousHash">'.
  Type '{ type: "data.export" | "data.access"; severity: "info" | "warning"; result: "success"; details: Record<string, any>; }' is missing the following properties from type 'Omit<AuditEvent, "id" | "timestamp" | "hash" | "previousHash">': action, actor, resource
packages/security/audit.ts(244,5): error TS2322: Type 'string | undefined' is not assignable to type 'string'.
  Type 'undefined' is not assignable to type 'string'.
packages/security/audit.ts(259,5): error TS2322: Type 'string | undefined' is not assignable to type 'string'.
  Type 'undefined' is not assignable to type 'string'.
packages/security/audit.ts(495,59): error TS2353: Object literal may only specify known properties, and 'hash' does not exist in type 'Omit<AuditEvent, "hash">'.
packages/security/audit.ts(509,3): error TS2741: Property 'invalidCount' is missing in type '{ valid: boolean; lastValidEvent: AuditEvent | undefined; firstInvalidEvent: AuditEvent | undefined; }' but required in type '{ valid: boolean; lastValidEvent?: AuditEvent; firstInvalidEvent?: AuditEvent; invalidCount: number; }'.
packages/security/auth.ts(209,5): error TS2375: Type '{ userId: string; orgId: string; roles: string[]; sessionId: string | undefined; requestId: string; }' is not assignable to type 'FastifyAuthContext' with 'exactOptionalPropertyTypes: true'. Consider adding 'undefined' to the types of the target's properties.
  Types of property 'sessionId' are incompatible.
    Type 'string | undefined' is not assignable to type 'string'.
      Type 'undefined' is not assignable to type 'string'.
packages/security/auth.ts(268,5): error TS2375: Type '{ userId: string; orgId: string; roles: string[]; sessionId: string | undefined; requestId: string; }' is not assignable to type 'FastifyAuthContext' with 'exactOptionalPropertyTypes: true'. Consider adding 'undefined' to the types of the target's properties.
  Types of property 'sessionId' are incompatible.
    Type 'string | undefined' is not assignable to type 'string'.
      Type 'undefined' is not assignable to type 'string'.
packages/security/index.ts(76,3): error TS2614: Module '"./input-validator"' has no exported member 'InputValidator'. Did you mean to use 'import InputValidator from "./input-validator"' instead?
packages/security/index.ts(77,3): error TS2614: Module '"./input-validator"' has no exported member 'ValidationResult'. Did you mean to use 'import ValidationResult from "./input-validator"' instead?
packages/security/index.ts(78,3): error TS2614: Module '"./input-validator"' has no exported member 'validateInput'. Did you mean to use 'import validateInput from "./input-validator"' instead?
packages/security/index.ts(79,3): error TS2614: Module '"./input-validator"' has no exported member 'sanitizeInput'. Did you mean to use 'import sanitizeInput from "./input-validator"' instead?
packages/security/input-validator.ts(150,19): error TS2345: Argument of type 'string | undefined' is not assignable to parameter of type 'string'.
  Type 'undefined' is not assignable to type 'string'.
packages/security/input-validator.ts(201,19): error TS2345: Argument of type 'string | undefined' is not assignable to parameter of type 'string'.
  Type 'undefined' is not assignable to type 'string'.
packages/security/input-validator.ts(281,23): error TS2345: Argument of type 'string | undefined' is not assignable to parameter of type 'string'.
  Type 'undefined' is not assignable to type 'string'.
packages/security/input-validator.ts(281,44): error TS2345: Argument of type 'string | undefined' is not assignable to parameter of type 'string'.
  Type 'undefined' is not assignable to type 'string'.
packages/security/keyRotation.ts(317,5): error TS2412: Type 'undefined' is not assignable to type 'string' with 'exactOptionalPropertyTypes: true'. Consider adding 'undefined' to the type of the target.
packages/security/security.ts(88,9): error TS2739: Type '{ createdAt: number; lastActivity: number; }' is missing the following properties from type 'SessionRecord': userId, sessionId, orgId
packages/security/security.ts(191,9): error TS2739: Type '{ id: string; timestamp: Date; }' is missing the following properties from type 'SecurityAlert': severity, type, message, details
packages/security/security.ts(249,52): error TS18048: 'options.since' is possibly 'undefined'.
packages/security/ssrf.ts(179,25): error TS2345: Argument of type 'string | undefined' is not assignable to parameter of type 'string'.
  Type 'undefined' is not assignable to type 'string'.
packages/security/ssrf.ts(393,7): error TS2322: Type 'string | undefined' is not assignable to type 'string | null'.
  Type 'undefined' is not assignable to type 'string | null'.
packages/shutdown/index.ts(97,64): error TS2345: Argument of type 'unknown' is not assignable to parameter of type 'Error | undefined'.
packages/shutdown/index.ts(110,56): error TS2345: Argument of type 'unknown' is not assignable to parameter of type 'Error | undefined'.
packages/shutdown/index.ts(152,48): error TS2345: Argument of type 'unknown' is not assignable to parameter of type 'Error | undefined'.
packages/shutdown/index.ts(161,47): error TS2345: Argument of type 'unknown' is not assignable to parameter of type 'Error | undefined'.
packages/types/index.ts(22,55): error TS2307: Cannot find module './plugin' or its corresponding type declarations.
packages/types/index.ts(30,3): error TS2305: Module '"./publishing"' has no exported member 'PublishTargetRetryPolicy'.
packages/types/index.ts(31,3): error TS2305: Module '"./publishing"' has no exported member 'PublishTargetAuth'.
packages/types/index.ts(32,3): error TS2305: Module '"./publishing"' has no exported member 'PublishTargetRateLimit'.
packages/types/index.ts(33,3): error TS2305: Module '"./publishing"' has no exported member 'PublishTargetContentTransform'.
packages/types/index.ts(40,3): error TS2724: '"./notifications"' has no exported member named 'NotificationAttachment'. Did you mean 'NotificationAttempt'?
packages/types/notifications.ts(86,3): error TS4115: This parameter property must have an 'override' modifier because it overrides a member in base class 'Error'.
packages/utils/cacheStampedeProtection.ts(154,3): error TS2322: Type 'unknown' is not assignable to type 'T'.
  'T' could be instantiated with an arbitrary type which could be unrelated to 'unknown'.
packages/utils/fetchWithRetry.ts(214,41): error TS2345: Argument of type '{ status: number; statusText: string; timestamp: number; }' is not assignable to parameter of type 'CachedResponse'.
  Type '{ status: number; statusText: string; timestamp: number; }' is missing the following properties from type 'CachedResponse': body, headers
packages/utils/fetchWithRetry.ts(234,38): error TS2345: Argument of type '{ maxRetries: number; baseDelayMs: number; maxDelayMs: number; retryableStatuses: number[]; retryableErrorCodes: string[]; onRetry?: (attempt: number, error: Error, delayMs: number) => void; cacheTtlMs?: number; }' is not assignable to parameter of type 'Required<RetryOptions>'.
  Property 'onRetry' is optional in type '{ maxRetries: number; baseDelayMs: number; maxDelayMs: number; retryableStatuses: number[]; retryableErrorCodes: string[]; onRetry?: (attempt: number, error: Error, delayMs: number) => void; cacheTtlMs?: number; }' but required in type 'Required<RetryOptions>'.
packages/utils/index.ts(9,10): error TS2724: '"./cacheStampedeProtection"' has no exported member named 'cacheStampedeProtection'. Did you mean 'CacheStampedeProtector'?
packages/utils/lruCache.ts(24,3): error TS2412: Type 'number | undefined' is not assignable to type 'number' with 'exactOptionalPropertyTypes: true'. Consider adding 'undefined' to the type of the target.
  Type 'undefined' is not assignable to type 'number'.
packages/utils/lruCache.ts(78,23): error TS2345: Argument of type '{ timestamp: number; }' is not assignable to parameter of type 'CacheEntry<V>'.
  Property 'value' is missing in type '{ timestamp: number; }' but required in type 'CacheEntry<V>'.
packages/utils/lruCache.ts(180,3): error TS4114: This member must have an 'override' modifier because it overrides a member in the base class 'Map<K, V>'.
packages/utils/lruCache.ts(200,3): error TS4114: This member must have an 'override' modifier because it overrides a member in the base class 'T[]'.
packages/utils/lruCache.ts(210,3): error TS4114: This member must have an 'override' modifier because it overrides a member in the base class 'T[]'.
plugins/notification-adapters/email-adapter.ts(1,33): error TS6137: Cannot import type declaration files. Consider importing 'notifications' instead of '@types/notifications'.
plugins/notification-adapters/email-adapter.ts(2,10): error TS2614: Module '"@config"' has no exported member 'getEnv'. Did you mean to use 'import getEnv from "@config"' instead?
plugins/notification-adapters/email-adapter.ts(209,9): error TS2416: Property 'send' in type 'EmailAdapter' is not assignable to the same property in base type 'DeliveryAdapter'.
  Type '({ to, template, payload }: { to: string; template: string; payload: Record<string, unknown>; }) => Promise<void>' is not assignable to type '(input: SendNotificationInput) => Promise<DeliveryResult>'.
    Type 'Promise<void>' is not assignable to type 'Promise<DeliveryResult>'.
      Type 'void' is not assignable to type 'DeliveryResult'.
plugins/notification-adapters/email-adapter.ts(313,22): error TS2722: Cannot invoke an object which is possibly 'undefined'.
plugins/notification-adapters/email-adapter.ts(313,22): error TS18048: 'renderer' is possibly 'undefined'.
plugins/notification-adapters/email-adapter.ts(315,5): error TS2741: Property 'to' is missing in type '{ subject: string; html: string; text: string; metadata: { sentAt: string; }; }' but required in type 'EmailPayload'.
plugins/notification-adapters/webhook-adapter.ts(2,33): error TS6137: Cannot import type declaration files. Consider importing 'notifications' instead of '@types/notifications'.
plugins/notification-adapters/webhook-adapter.ts(3,10): error TS2614: Module '"@config"' has no exported member 'getEnv'. Did you mean to use 'import getEnv from "@config"' instead?
plugins/notification-adapters/webhook-adapter.ts(50,44): error TS7006: Parameter 'url' implicitly has an 'any' type.
plugins/notification-adapters/webhook-adapter.ts(117,9): error TS2416: Property 'send' in type 'WebhookAdapter' is not assignable to the same property in base type 'DeliveryAdapter'.
  Type '({ to, payload }: NotificationPayload) => Promise<void>' is not assignable to type '(input: SendNotificationInput) => Promise<DeliveryResult>'.
    Type 'Promise<void>' is not assignable to type 'Promise<DeliveryResult>'.
      Type 'void' is not assignable to type 'DeliveryResult'.
plugins/publishing-adapters/facebook/index.ts(8,62): error TS6307: File 'E:/SmartBeak/plugins/publishing-adapters/facebook/config.ts' is not listed within the file list of project 'E:/SmartBeak/tsconfig.json'. Projects must list all files or use an 'include' pattern.
plugins/publishing-adapters/vercel-adapter.ts(2,54): error TS6137: Cannot import type declaration files. Consider importing 'publishing' instead of '@types/publishing'.
plugins/publishing-adapters/vercel-adapter.ts(15,22): error TS2339: Property 'endpoint' does not exist on type 'PublishTargetConfig'.
plugins/publishing-adapters/vercel-adapter.ts(15,71): error TS2339: Property 'endpoint' does not exist on type 'PublishTargetConfig'.
